#
# There is insufficient memory for the Java Runtime Environment to continue.
# Native memory allocation (malloc) failed to allocate 2232976 bytes for Chunk::new
# Possible reasons:
#   The system is out of physical RAM or swap space
#   The process is running with CompressedOops enabled, and the Java Heap may be blocking the growth of the native heap
# Possible solutions:
#   Reduce memory load on the system
#   Increase physical memory or swap space
#   Check if swap backing store is full
#   Decrease Java heap size (-Xmx/-Xms)
#   Decrease number of Java threads
#   Decrease Java thread stack sizes (-Xss)
#   Set larger code cache with -XX:ReservedCodeCacheSize=
#   JVM is running with Unscaled Compressed Oops mode in which the Java heap is
#     placed in the first 4GB address space. The Java Heap base address is the
#     maximum limit for the native heap growth. Please use -XX:HeapBaseMinAddress
#     to set the Java Heap base and to place the Java Heap above 4GB virtual address.
# This output file may be truncated or incomplete.
#
#  Out of Memory Error (allocation.cpp:389), pid=10708, tid=0x0000000000001544
#
# JRE version: OpenJDK Runtime Environment (8.0_302-b08) (build 1.8.0_302-b08)
# Java VM: OpenJDK 64-Bit Server VM (25.302-b08 mixed mode windows-amd64 compressed oops)
# Failed to write core dump. Minidumps are not enabled by default on client versions of Windows
#

---------------  T H R E A D  ---------------

Current thread (0x000002233dcca000):  JavaThread "C2 CompilerThread1" daemon [_thread_in_native, id=5444, stack(0x000000c69d900000,0x000000c69da00000)]

Stack: [0x000000c69d900000,0x000000c69da00000]
[error occurred during error reporting (printing stack bounds), id 0xc0000005]

Native frames: (J=compiled Java code, j=interpreted, Vv=VM code, C=native code)


Current CompileTask:
C2:   4698 1971   !   4       java.net.URLClassLoader$1::run (63 bytes)


---------------  P R O C E S S  ---------------

Java Threads: ( => current thread )
  0x0000022340fd3800 JavaThread "Cache worker for execution history cache (C:\Users\User\.gradle\caches\6.3\executionHistory)" [_thread_blocked, id=11236, stack(0x000000c69ef00000,0x000000c69f000000)]
  0x0000022340fd3000 JavaThread "Cache worker for cache directory md-rule (C:\Users\User\.gradle\caches\6.3\md-rule)" [_thread_blocked, id=13988, stack(0x000000c69ee00000,0x000000c69ef00000)]
  0x0000022340fda000 JavaThread "Cache worker for cache directory md-supplier (C:\Users\User\.gradle\caches\6.3\md-supplier)" [_thread_blocked, id=10352, stack(0x000000c69ed00000,0x000000c69ee00000)]
  0x0000022340fd9000 JavaThread "Cache worker for file hash cache (C:\Users\User\IdeaProjects\PLC\.gradle\6.3\fileHashes)" [_thread_blocked, id=13336, stack(0x000000c69ec00000,0x000000c69ed00000)]
  0x0000022340fd8800 JavaThread "Cache worker for checksums cache (C:\Users\User\IdeaProjects\PLC\.gradle\checksums)" [_thread_blocked, id=3864, stack(0x000000c69eb00000,0x000000c69ec00000)]
  0x0000022340fd7800 JavaThread "Cache worker for file hash cache (C:\Users\User\.gradle\caches\6.3\fileHashes)" [_thread_blocked, id=17060, stack(0x000000c69ea00000,0x000000c69eb00000)]
  0x0000022340fd7000 JavaThread "File lock request listener" [_thread_in_native, id=8388, stack(0x000000c69e900000,0x000000c69ea00000)]
  0x0000022340fd6000 JavaThread "Cache worker for journal cache (C:\Users\User\.gradle\caches\journal-1)" [_thread_blocked, id=16228, stack(0x000000c69e800000,0x000000c69e900000)]
  0x0000022340fa3800 JavaThread "Thread-9" [_thread_blocked, id=2448, stack(0x000000c69e700000,0x000000c69e800000)]
  0x0000022340fc2800 JavaThread "Stdin handler" [_thread_blocked, id=1484, stack(0x000000c69e600000,0x000000c69e700000)]
  0x0000022340f9d000 JavaThread "Asynchronous log dispatcher for DefaultDaemonConnection: socket connection from /127.0.0.1:61947 to /127.0.0.1:61948" [_thread_blocked, id=12420, stack(0x000000c69e500000,0x000000c69e600000)]
  0x0000022340f8b800 JavaThread "Daemon worker" [_thread_in_vm, id=8396, stack(0x000000c69e400000,0x000000c69e500000)]
  0x0000022340edc000 JavaThread "Cancel handler" [_thread_blocked, id=9536, stack(0x000000c69e300000,0x000000c69e400000)]
  0x0000022340e95800 JavaThread "Handler for socket connection from /127.0.0.1:61947 to /127.0.0.1:61948" [_thread_in_native, id=17188, stack(0x000000c69e200000,0x000000c69e300000)]
  0x0000022340e95000 JavaThread "Daemon" [_thread_blocked, id=15272, stack(0x000000c69e100000,0x000000c69e200000)]
  0x0000022340ef2800 JavaThread "Daemon periodic checks" [_thread_blocked, id=1488, stack(0x000000c69e000000,0x000000c69e100000)]
  0x0000022340f05000 JavaThread "Incoming local TCP Connector on port 61947" [_thread_in_native, id=8100, stack(0x000000c69df00000,0x000000c69e000000)]
  0x0000022340eae800 JavaThread "Daemon health stats" [_thread_blocked, id=1068, stack(0x000000c69de00000,0x000000c69df00000)]
  0x000002233f0d0800 JavaThread "Service Thread" daemon [_thread_blocked, id=17152, stack(0x000000c69dc00000,0x000000c69dd00000)]
  0x000002233dd26000 JavaThread "C1 CompilerThread3" daemon [_thread_blocked, id=5540, stack(0x000000c69db00000,0x000000c69dc00000)]
  0x000002233dd15000 JavaThread "C2 CompilerThread2" daemon [_thread_in_native, id=4236, stack(0x000000c69da00000,0x000000c69db00000)]
=>0x000002233dcca000 JavaThread "C2 CompilerThread1" daemon [_thread_in_native, id=5444, stack(0x000000c69d900000,0x000000c69da00000)]
  0x000002233dccf000 JavaThread "C2 CompilerThread0" daemon [_thread_blocked, id=7768, stack(0x000000c69d800000,0x000000c69d900000)]
  0x000002233dcb8800 JavaThread "Attach Listener" daemon [_thread_blocked, id=16804, stack(0x000000c69d700000,0x000000c69d800000)]
  0x000002233dcb7000 JavaThread "Signal Dispatcher" daemon [_thread_blocked, id=3584, stack(0x000000c69d600000,0x000000c69d700000)]
  0x000002233dc91000 JavaThread "Finalizer" daemon [_thread_blocked, id=14284, stack(0x000000c69d500000,0x000000c69d600000)]
  0x000002233d09c000 JavaThread "Reference Handler" daemon [_thread_blocked, id=2400, stack(0x000000c69d400000,0x000000c69d500000)]
  0x000002232a7c5800 JavaThread "main" [_thread_blocked, id=1012, stack(0x000000c69ca00000,0x000000c69cb00000)]

Other Threads:
  0x000002233dc66800 VMThread [stack: 0x000000c69d300000,0x000000c69d400000] [id=16244]
  0x000002233dd3d800 WatcherThread [stack: 0x000000c69dd00000,0x000000c69de00000] [id=16492]

VM state:not at safepoint (normal execution)

VM Mutex/Monitor currently owned by a thread: None

heap address: 0x00000000e0000000, size: 512 MB, Compressed Oops mode: 32-bit
Narrow klass base: 0x0000000000000000, Narrow klass shift: 3
Compressed class space size: 1073741824 Address: 0x0000000100000000

Heap:
 PSYoungGen      total 76288K, used 54126K [0x00000000f5580000, 0x00000000fea80000, 0x0000000100000000)
  eden space 65536K, 82% used [0x00000000f5580000,0x00000000f8a5bb60,0x00000000f9580000)
  from space 10752K, 0% used [0x00000000fa000000,0x00000000fa000000,0x00000000faa80000)
  to   space 10752K, 0% used [0x00000000f9580000,0x00000000f9580000,0x00000000fa000000)
 ParOldGen       total 175104K, used 6553K [0x00000000e0000000, 0x00000000eab00000, 0x00000000f5580000)
  object space 175104K, 3% used [0x00000000e0000000,0x00000000e0666678,0x00000000eab00000)
 Metaspace       used 27415K, capacity 28182K, committed 28464K, reserved 1073152K
  class space    used 3862K, capacity 4056K, committed 4144K, reserved 1048576K

Card table byte_map: [0x000002233b4d0000,0x000002233b5e0000] byte_map_base: 0x000002233add0000

Marking Bits: (ParMarkBitMap*) 0x000000006a81c820
 Begin Bits: [0x000002233b690000, 0x000002233be90000)
 End Bits:   [0x000002233be90000, 0x000002233c690000)

Polling page: 0x000002232c0e0000

CodeCache: size=245760Kb used=7278Kb max_used=7278Kb free=238482Kb
 bounds [0x000002232c110000, 0x000002232c830000, 0x000002233b110000]
 total_blobs=2559 nmethods=2115 adapters=356
 compilation: enabled

Compilation events (10 events):
Event: 4.687 Thread 0x000002233dd26000 2105       1       org.codehaus.groovy.util.FastArray::getArray (5 bytes)
Event: 4.688 Thread 0x000002233dd26000 nmethod 2105 0x000002232c822fd0 code [0x000002232c823120, 0x000002232c823238]
Event: 4.688 Thread 0x000002233dccf000 2108       4       java.lang.String::indexOf (7 bytes)
Event: 4.688 Thread 0x000002233dd26000 2106       3       java.util.Arrays::binarySearch (10 bytes)
Event: 4.689 Thread 0x000002233dd26000 nmethod 2106 0x000002232c823290 code [0x000002232c823400, 0x000002232c823590]
Event: 4.689 Thread 0x000002233dd26000 2109       3       groovy.lang.MetaClassImpl$1MOPIter::methodNameAction (325 bytes)
Event: 4.690 Thread 0x000002233dd26000 nmethod 2109 0x000002232c823650 code [0x000002232c8239c0, 0x000002232c825780]
Event: 4.690 Thread 0x000002233dd26000 2107       3       java.util.Arrays::binarySearch0 (95 bytes)
Event: 4.691 Thread 0x000002233dd26000 nmethod 2107 0x000002232c826590 code [0x000002232c826720, 0x000002232c826b60]
Event: 4.691 Thread 0x000002233dd26000 2110       3       groovy.lang.MetaMethod::getMopName (105 bytes)

GC Heap History (10 events):
Event: 1.216 GC heap before
{Heap before GC invocations=1 (full 0):
 PSYoungGen      total 76288K, used 65536K [0x00000000f5580000, 0x00000000faa80000, 0x0000000100000000)
  eden space 65536K, 100% used [0x00000000f5580000,0x00000000f9580000,0x00000000f9580000)
  from space 10752K, 0% used [0x00000000fa000000,0x00000000fa000000,0x00000000faa80000)
  to   space 10752K, 0% used [0x00000000f9580000,0x00000000f9580000,0x00000000fa000000)
 ParOldGen       total 175104K, used 0K [0x00000000e0000000, 0x00000000eab00000, 0x00000000f5580000)
  object space 175104K, 0% used [0x00000000e0000000,0x00000000e0000000,0x00000000eab00000)
 Metaspace       used 7733K, capacity 8034K, committed 8320K, reserved 1056768K
  class space    used 970K, capacity 1081K, committed 1152K, reserved 1048576K
Event: 1.223 GC heap after
Heap after GC invocations=1 (full 0):
 PSYoungGen      total 76288K, used 5847K [0x00000000f5580000, 0x00000000faa80000, 0x0000000100000000)
  eden space 65536K, 0% used [0x00000000f5580000,0x00000000f5580000,0x00000000f9580000)
  from space 10752K, 54% used [0x00000000f9580000,0x00000000f9b35cc0,0x00000000fa000000)
  to   space 10752K, 0% used [0x00000000fa000000,0x00000000fa000000,0x00000000faa80000)
 ParOldGen       total 175104K, used 16K [0x00000000e0000000, 0x00000000eab00000, 0x00000000f5580000)
  object space 175104K, 0% used [0x00000000e0000000,0x00000000e0004000,0x00000000eab00000)
 Metaspace       used 7733K, capacity 8034K, committed 8320K, reserved 1056768K
  class space    used 970K, capacity 1081K, committed 1152K, reserved 1048576K
}
Event: 3.407 GC heap before
{Heap before GC invocations=2 (full 0):
 PSYoungGen      total 76288K, used 71383K [0x00000000f5580000, 0x00000000faa80000, 0x0000000100000000)
  eden space 65536K, 100% used [0x00000000f5580000,0x00000000f9580000,0x00000000f9580000)
  from space 10752K, 54% used [0x00000000f9580000,0x00000000f9b35cc0,0x00000000fa000000)
  to   space 10752K, 0% used [0x00000000fa000000,0x00000000fa000000,0x00000000faa80000)
 ParOldGen       total 175104K, used 16K [0x00000000e0000000, 0x00000000eab00000, 0x00000000f5580000)
  object space 175104K, 0% used [0x00000000e0000000,0x00000000e0004000,0x00000000eab00000)
 Metaspace       used 15131K, capacity 15580K, committed 15872K, reserved 1062912K
  class space    used 2039K, capacity 2188K, committed 2304K, reserved 1048576K
Event: 3.415 GC heap after
Heap after GC invocations=2 (full 0):
 PSYoungGen      total 76288K, used 9406K [0x00000000f5580000, 0x00000000faa80000, 0x0000000100000000)
  eden space 65536K, 0% used [0x00000000f5580000,0x00000000f5580000,0x00000000f9580000)
  from space 10752K, 87% used [0x00000000fa000000,0x00000000fa92fb10,0x00000000faa80000)
  to   space 10752K, 0% used [0x00000000f9580000,0x00000000f9580000,0x00000000fa000000)
 ParOldGen       total 175104K, used 24K [0x00000000e0000000, 0x00000000eab00000, 0x00000000f5580000)
  object space 175104K, 0% used [0x00000000e0000000,0x00000000e0006000,0x00000000eab00000)
 Metaspace       used 15131K, capacity 15580K, committed 15872K, reserved 1062912K
  class space    used 2039K, capacity 2188K, committed 2304K, reserved 1048576K
}
Event: 4.017 GC heap before
{Heap before GC invocations=3 (full 0):
 PSYoungGen      total 76288K, used 74942K [0x00000000f5580000, 0x00000000faa80000, 0x0000000100000000)
  eden space 65536K, 100% used [0x00000000f5580000,0x00000000f9580000,0x00000000f9580000)
  from space 10752K, 87% used [0x00000000fa000000,0x00000000fa92fb10,0x00000000faa80000)
  to   space 10752K, 0% used [0x00000000f9580000,0x00000000f9580000,0x00000000fa000000)
 ParOldGen       total 175104K, used 24K [0x00000000e0000000, 0x00000000eab00000, 0x00000000f5580000)
  object space 175104K, 0% used [0x00000000e0000000,0x00000000e0006000,0x00000000eab00000)
 Metaspace       used 20438K, capacity 21080K, committed 21296K, reserved 1067008K
  class space    used 2924K, capacity 3112K, committed 3120K, reserved 1048576K
Event: 4.025 GC heap after
Heap after GC invocations=3 (full 0):
 PSYoungGen      total 76288K, used 10734K [0x00000000f5580000, 0x00000000faa80000, 0x0000000100000000)
  eden space 65536K, 0% used [0x00000000f5580000,0x00000000f5580000,0x00000000f9580000)
  from space 10752K, 99% used [0x00000000f9580000,0x00000000f9ffbad0,0x00000000fa000000)
  to   space 10752K, 0% used [0x00000000fa000000,0x00000000fa000000,0x00000000faa80000)
 ParOldGen       total 175104K, used 1020K [0x00000000e0000000, 0x00000000eab00000, 0x00000000f5580000)
  object space 175104K, 0% used [0x00000000e0000000,0x00000000e00ff290,0x00000000eab00000)
 Metaspace       used 20438K, capacity 21080K, committed 21296K, reserved 1067008K
  class space    used 2924K, capacity 3112K, committed 3120K, reserved 1048576K
}
Event: 4.030 GC heap before
{Heap before GC invocations=4 (full 0):
 PSYoungGen      total 76288K, used 11593K [0x00000000f5580000, 0x00000000faa80000, 0x0000000100000000)
  eden space 65536K, 1% used [0x00000000f5580000,0x00000000f5656b08,0x00000000f9580000)
  from space 10752K, 99% used [0x00000000f9580000,0x00000000f9ffbad0,0x00000000fa000000)
  to   space 10752K, 0% used [0x00000000fa000000,0x00000000fa000000,0x00000000faa80000)
 ParOldGen       total 175104K, used 1020K [0x00000000e0000000, 0x00000000eab00000, 0x00000000f5580000)
  object space 175104K, 0% used [0x00000000e0000000,0x00000000e00ff290,0x00000000eab00000)
 Metaspace       used 20475K, capacity 21080K, committed 21296K, reserved 1067008K
  class space    used 2930K, capacity 3112K, committed 3120K, reserved 1048576K
Event: 4.034 GC heap after
Heap after GC invocations=4 (full 0):
 PSYoungGen      total 76288K, used 6676K [0x00000000f5580000, 0x00000000fea80000, 0x0000000100000000)
  eden space 65536K, 0% used [0x00000000f5580000,0x00000000f5580000,0x00000000f9580000)
  from space 10752K, 62% used [0x00000000fa000000,0x00000000fa685040,0x00000000faa80000)
  to   space 10752K, 0% used [0x00000000f9580000,0x00000000f9580000,0x00000000fa000000)
 ParOldGen       total 175104K, used 1028K [0x00000000e0000000, 0x00000000eab00000, 0x00000000f5580000)
  object space 175104K, 0% used [0x00000000e0000000,0x00000000e0101290,0x00000000eab00000)
 Metaspace       used 20475K, capacity 21080K, committed 21296K, reserved 1067008K
  class space    used 2930K, capacity 3112K, committed 3120K, reserved 1048576K
}
Event: 4.034 GC heap before
{Heap before GC invocations=5 (full 1):
 PSYoungGen      total 76288K, used 6676K [0x00000000f5580000, 0x00000000fea80000, 0x0000000100000000)
  eden space 65536K, 0% used [0x00000000f5580000,0x00000000f5580000,0x00000000f9580000)
  from space 10752K, 62% used [0x00000000fa000000,0x00000000fa685040,0x00000000faa80000)
  to   space 10752K, 0% used [0x00000000f9580000,0x00000000f9580000,0x00000000fa000000)
 ParOldGen       total 175104K, used 1028K [0x00000000e0000000, 0x00000000eab00000, 0x00000000f5580000)
  object space 175104K, 0% used [0x00000000e0000000,0x00000000e0101290,0x00000000eab00000)
 Metaspace       used 20475K, capacity 21080K, committed 21296K, reserved 1067008K
  class space    used 2930K, capacity 3112K, committed 3120K, reserved 1048576K
Event: 4.059 GC heap after
Heap after GC invocations=5 (full 1):
 PSYoungGen      total 76288K, used 0K [0x00000000f5580000, 0x00000000fea80000, 0x0000000100000000)
  eden space 65536K, 0% used [0x00000000f5580000,0x00000000f5580000,0x00000000f9580000)
  from space 10752K, 0% used [0x00000000fa000000,0x00000000fa000000,0x00000000faa80000)
  to   space 10752K, 0% used [0x00000000f9580000,0x00000000f9580000,0x00000000fa000000)
 ParOldGen       total 175104K, used 6553K [0x00000000e0000000, 0x00000000eab00000, 0x00000000f5580000)
  object space 175104K, 3% used [0x00000000e0000000,0x00000000e0666678,0x00000000eab00000)
 Metaspace       used 20475K, capacity 21080K, committed 21296K, reserved 1067008K
  class space    used 2930K, capacity 3112K, committed 3120K, reserved 1048576K
}

Deoptimization events (10 events):
Event: 3.545 Thread 0x0000022340f8b800 Uncommon trap: reason=unstable_if action=reinterpret pc=0x000002232c438924 method=java.io.File.getName()Ljava/lang/String; @ 16
Event: 3.545 Thread 0x0000022340f8b800 Uncommon trap: reason=unstable_if action=reinterpret pc=0x000002232c431fdc method=java.lang.String.substring(I)Ljava/lang/String; @ 35
Event: 3.816 Thread 0x0000022340f8b800 Uncommon trap: reason=unstable_if action=reinterpret pc=0x000002232c36bfd0 method=java.util.HashMap.getNode(ILjava/lang/Object;)Ljava/util/HashMap$Node; @ 129
Event: 4.063 Thread 0x0000022340f8b800 Uncommon trap: reason=unstable_if action=reinterpret pc=0x000002232c5ba830 method=java.util.HashMap.hash(Ljava/lang/Object;)I @ 1
Event: 4.181 Thread 0x0000022340f8b800 Uncommon trap: reason=unstable_if action=reinterpret pc=0x000002232c40b310 method=java.io.WinNTFileSystem.resolve(Ljava/lang/String;Ljava/lang/String;)Ljava/lang/String; @ 49
Event: 4.205 Thread 0x0000022340f8b800 Uncommon trap: reason=unstable_if action=reinterpret pc=0x000002232c432930 method=java.util.LinkedHashMap.afterNodeInsertion(Z)V @ 1
Event: 4.421 Thread 0x0000022340f8b800 Uncommon trap: reason=class_check action=maybe_recompile pc=0x000002232c34d6e8 method=sun.misc.URLClassPath.getLoader(I)Lsun/misc/URLClassPath$Loader; @ 94
Event: 4.421 Thread 0x0000022340f8b800 Uncommon trap: reason=class_check action=maybe_recompile pc=0x000002232c6abac4 method=sun.misc.URLClassPath.getResource(Ljava/lang/String;Z)Lsun/misc/Resource; @ 62
Event: 4.421 Thread 0x0000022340f8b800 Uncommon trap: reason=unstable_if action=reinterpret pc=0x000002232c5d2068 method=java.lang.String.regionMatches(ZILjava/lang/String;II)Z @ 41
Event: 4.423 Thread 0x0000022340f8b800 Uncommon trap: reason=unstable_if action=reinterpret pc=0x000002232c5d48f4 method=java.lang.ClassLoader.getClassLoadingLock(Ljava/lang/String;)Ljava/lang/Object; @ 6

Classes redefined (0 events):
No events

Internal exceptions (10 events):
Event: 3.093 Thread 0x0000022340e95800 Exception <a 'java/lang/NoSuchMethodError': <clinit>> (0x00000000f73debb0) thrown at [J:\jenkins\tmp\workspace\build\src\hotspot\src\share\vm\prims\jni.cpp, line 1616]
Event: 3.096 Thread 0x0000022340e95800 Exception <a 'java/lang/NoSuchMethodError': <clinit>> (0x00000000f7413b30) thrown at [J:\jenkins\tmp\workspace\build\src\hotspot\src\share\vm\prims\jni.cpp, line 1616]
Event: 3.097 Thread 0x0000022340e95800 Exception <a 'java/lang/NoSuchMethodError': <clinit>> (0x00000000f741fc18) thrown at [J:\jenkins\tmp\workspace\build\src\hotspot\src\share\vm\prims\jni.cpp, line 1616]
Event: 3.585 Thread 0x0000022340f8b800 Exception <a 'java/lang/NoSuchMethodError': java.lang.Object.lambda$and$0(Ljava/util/function/Predicate;Ljava/lang/Object;)Z> (0x00000000f6a7e638) thrown at [J:\jenkins\tmp\workspace\build\src\hotspot\src\share\vm\interpreter\linkResolver.cpp, line 620]
Event: 3.590 Thread 0x0000022340f8b800 Exception <a 'java/lang/IncompatibleClassChangeError': Found class java.lang.Object, but interface was expected> (0x00000000f6a8ee28) thrown at [J:\jenkins\tmp\workspace\build\src\hotspot\src\share\vm\interpreter\linkResolver.cpp, line 653]
Event: 3.592 Thread 0x0000022340f8b800 Exception <a 'java/lang/NoSuchMethodError': java.lang.Object.lambda$or$2(Ljava/util/function/Predicate;Ljava/lang/Object;)Z> (0x00000000f6a93d48) thrown at [J:\jenkins\tmp\workspace\build\src\hotspot\src\share\vm\interpreter\linkResolver.cpp, line 620]
Event: 3.607 Thread 0x0000022340f8b800 Exception <a 'java/lang/NoSuchMethodError': java.lang.Object.lambda$static$0()Ljava/lang/String;> (0x00000000f6be1f48) thrown at [J:\jenkins\tmp\workspace\build\src\hotspot\src\share\vm\interpreter\linkResolver.cpp, line 620]
Event: 3.773 Thread 0x0000022340f8b800 Exception <a 'java/lang/NoSuchMethodError': java.lang.Object.lambda$withReadOnlyCache$0(Ljava/util/function/BiFunction;Lorg/gradle/api/internal/artifacts/ivyservice/ArtifactCacheMetadata;)Ljava/lang/Object;> (0x00000000f7ba40b8) thrown at [J:\jenkins\tmp\
Event: 4.063 Thread 0x0000022340f8b800 Implicit null exception at 0x000002232c5ba615 to 0x000002232c5ba821
Event: 4.135 Thread 0x0000022340f8b800 Exception <a 'java/lang/NoSuchMethodError': java.lang.Object.lambda$static$0(Lorg/gradle/api/internal/artifacts/ivyservice/ivyresolve/ModuleComponentRepository;Ljava/lang/String;Lorg/gradle/api/internal/artifacts/configurations/ResolutionStrategyInternal;

Events (10 events):
Event: 4.690 loading class com/sun/beans/finder/BeanInfoFinder
Event: 4.690 loading class com/sun/beans/finder/InstanceFinder
Event: 4.690 loading class com/sun/beans/finder/InstanceFinder done
Event: 4.690 loading class com/sun/beans/finder/BeanInfoFinder done
Event: 4.690 loading class com/sun/beans/finder/ClassFinder
Event: 4.691 loading class com/sun/beans/finder/ClassFinder done
Event: 4.691 loading class groovy/lang/ExpandoMetaClassBeanInfo
Event: 4.691 loading class groovy/lang/ExpandoMetaClassBeanInfo done
Event: 4.691 loading class groovy/lang/ExpandoMetaClassBeanInfo
Event: 4.691 loading class groovy/lang/ExpandoMetaClassBeanInfo done


Dynamic libraries:
0x00007ff608b80000 - 0x00007ff608bba000 	C:\Users\User\.jdks\temurin-1.8.0_302\bin\java.exe
0x00007ff966170000 - 0x00007ff966365000 	C:\WINDOWS\SYSTEM32\ntdll.dll
0x00007ff94ef30000 - 0x00007ff94ef45000 	C:\Program Files\AVAST Software\Avast\aswhook.dll
0x00007ff965f70000 - 0x00007ff96602e000 	C:\WINDOWS\System32\KERNEL32.DLL
0x00007ff963b10000 - 0x00007ff963dd9000 	C:\WINDOWS\System32\KERNELBASE.dll
0x00007ff965cc0000 - 0x00007ff965d6c000 	C:\WINDOWS\System32\ADVAPI32.dll
0x00007ff964a60000 - 0x00007ff964afe000 	C:\WINDOWS\System32\msvcrt.dll
0x00007ff965ec0000 - 0x00007ff965f5b000 	C:\WINDOWS\System32\sechost.dll
0x00007ff964190000 - 0x00007ff9642ba000 	C:\WINDOWS\System32\RPCRT4.dll
0x00007ff965280000 - 0x00007ff965421000 	C:\WINDOWS\System32\USER32.dll
0x00007ff963960000 - 0x00007ff963982000 	C:\WINDOWS\System32\win32u.dll
0x00007ff965db0000 - 0x00007ff965ddb000 	C:\WINDOWS\System32\GDI32.dll
0x00007ff963de0000 - 0x00007ff963eeb000 	C:\WINDOWS\System32\gdi32full.dll
0x00007ff963a40000 - 0x00007ff963add000 	C:\WINDOWS\System32\msvcp_win.dll
0x00007ff963860000 - 0x00007ff963960000 	C:\WINDOWS\System32\ucrtbase.dll
0x00007ff950c50000 - 0x00007ff950eea000 	C:\WINDOWS\WinSxS\amd64_microsoft.windows.common-controls_6595b64144ccf1df_6.0.19041.1110_none_60b5254171f9507e\COMCTL32.dll
0x00007ff9658c0000 - 0x00007ff9658f0000 	C:\WINDOWS\System32\IMM32.DLL
0x00007ff927160000 - 0x00007ff92724f000 	C:\Users\User\.jdks\temurin-1.8.0_302\jre\bin\msvcr120.dll
0x00007ff9326c0000 - 0x00007ff932766000 	C:\Users\User\.jdks\temurin-1.8.0_302\jre\bin\msvcp120.dll
0x000000006a030000 - 0x000000006a89b000 	C:\Users\User\.jdks\temurin-1.8.0_302\jre\bin\server\jvm.dll
0x00007ff965da0000 - 0x00007ff965da8000 	C:\WINDOWS\System32\PSAPI.DLL
0x00007ff948990000 - 0x00007ff9489b7000 	C:\WINDOWS\SYSTEM32\WINMM.dll
0x00007ff95ac30000 - 0x00007ff95ac3a000 	C:\WINDOWS\SYSTEM32\VERSION.dll
0x00007ff950a60000 - 0x00007ff950a69000 	C:\WINDOWS\SYSTEM32\WSOCK32.dll
0x00007ff9658f0000 - 0x00007ff96595b000 	C:\WINDOWS\System32\WS2_32.dll
0x00007ff95dec0000 - 0x00007ff95decf000 	C:\Users\User\.jdks\temurin-1.8.0_302\jre\bin\verify.dll
0x00007ff946630000 - 0x00007ff946659000 	C:\Users\User\.jdks\temurin-1.8.0_302\jre\bin\java.dll
0x00007ff95dd90000 - 0x00007ff95dda6000 	C:\Users\User\.jdks\temurin-1.8.0_302\jre\bin\zip.dll
0x00007ff9642c0000 - 0x00007ff9649ff000 	C:\WINDOWS\System32\SHELL32.dll
0x00007ff961630000 - 0x00007ff961dc0000 	C:\WINDOWS\SYSTEM32\windows.storage.dll
0x00007ff965430000 - 0x00007ff965785000 	C:\WINDOWS\System32\combase.dll
0x00007ff9631e0000 - 0x00007ff96320c000 	C:\WINDOWS\SYSTEM32\Wldp.dll
0x00007ff965790000 - 0x00007ff96583e000 	C:\WINDOWS\System32\SHCORE.dll
0x00007ff964a00000 - 0x00007ff964a55000 	C:\WINDOWS\System32\shlwapi.dll
0x00007ff9637a0000 - 0x00007ff9637bf000 	C:\WINDOWS\SYSTEM32\profapi.dll
0x00007ff95b510000 - 0x00007ff95b52a000 	C:\Users\User\.jdks\temurin-1.8.0_302\jre\bin\net.dll
0x00007ff962ef0000 - 0x00007ff962f5a000 	C:\WINDOWS\system32\mswsock.dll
0x00007ff954360000 - 0x00007ff954372000 	C:\Users\User\.jdks\temurin-1.8.0_302\jre\bin\nio.dll
0x00007ff946660000 - 0x00007ff946687000 	C:\Users\User\.gradle\native\c976cfcca226fdd4bee4412e95191dd41148b7504f9625baeda1d523bc39a967\windows-amd64\native-platform.dll
0x00007ff95dac0000 - 0x00007ff95dacd000 	C:\Users\User\.jdks\temurin-1.8.0_302\jre\bin\management.dll
0x00007ff9630a0000 - 0x00007ff9630b8000 	C:\WINDOWS\SYSTEM32\CRYPTSP.dll
0x00007ff962880000 - 0x00007ff9628b4000 	C:\WINDOWS\system32\rsaenh.dll
0x00007ff963ae0000 - 0x00007ff963b07000 	C:\WINDOWS\System32\bcrypt.dll
0x00007ff963760000 - 0x00007ff96378e000 	C:\WINDOWS\SYSTEM32\USERENV.dll
0x00007ff963ef0000 - 0x00007ff963f73000 	C:\WINDOWS\System32\bcryptprimitives.dll
0x00007ff9630c0000 - 0x00007ff9630cc000 	C:\WINDOWS\SYSTEM32\CRYPTBASE.dll
0x00007ff962bf0000 - 0x00007ff962c2b000 	C:\WINDOWS\SYSTEM32\IPHLPAPI.DLL
0x00007ff965f60000 - 0x00007ff965f68000 	C:\WINDOWS\System32\NSI.dll
0x00007ff95c030000 - 0x00007ff95c047000 	C:\WINDOWS\SYSTEM32\dhcpcsvc6.DLL
0x00007ff95bf10000 - 0x00007ff95bf2d000 	C:\WINDOWS\SYSTEM32\dhcpcsvc.DLL
0x00007ff962c30000 - 0x00007ff962cfc000 	C:\WINDOWS\SYSTEM32\DNSAPI.dll

VM Arguments:
jvm_args: -XX:MaxMetaspaceSize=256m -XX:+HeapDumpOnOutOfMemoryError -Xms256m -Xmx512m -Dfile.encoding=windows-1252 -Duser.country=ES -Duser.language=es -Duser.variant 
java_command: org.gradle.launcher.daemon.bootstrap.GradleDaemon 6.3
java_class_path (initial): C:\Users\User\.gradle\wrapper\dists\gradle-6.3-bin\8tpu6egwsccjzp10c1jckl0rx\gradle-6.3\lib\gradle-launcher-6.3.jar
Launcher Type: SUN_STANDARD

Environment Variables:
PATH=C:\Program Files\Eclipse Foundation\jdk-8.0.302.8-hotspot\bin;C:\Program Files (x86)\Common Files\Oracle\Java\javapath;C:\Program Files (x86)\Intel\iCLS Client\;C:\Program Files\Intel\iCLS Client\;C:\WINDOWS\system32;C:\WINDOWS;C:\WINDOWS\System32\Wbem;C:\WINDOWS\System32\WindowsPowerShell\v1.0\;C:\WINDOWS\System32\OpenSSH\;C:\Program Files (x86)\Intel\Intel(R) Management Engine Components\DAL;C:\Program Files\Intel\Intel(R) Management Engine Components\DAL;C:\Program Files (x86)\Intel\Intel(R) Management Engine Components\IPT;C:\Program Files\Intel\Intel(R) Management Engine Components\IPT;C:\Program Files (x86)\Windows Live\Shared;C:\Program Files\MATLAB\R2020b\bin;C:\Program Files\AutoFirma\AutoFirma;C:\Program Files\PuTTY\;C:\Program Files\Git\cmd;C:\Users\User\AppData\Local\Microsoft\WindowsApps;C:\Users\User\AppData\Local\Programs\Microsoft VS Code\bin;C:\Users\User\AppData\Local\Programs\MiKTeX\miktex\bin\x64\;C:\Users\User\AppData\Local\GitHubDesktop\bin;C:\Program Files\JetBrains\IntelliJ IDEA 2021.2.1\bin;
USERNAME=User
OS=Windows_NT
PROCESSOR_IDENTIFIER=Intel64 Family 6 Model 142 Stepping 10, GenuineIntel



---------------  S Y S T E M  ---------------

OS: Windows 10.0 , 64 bit Build 19041 (10.0.19041.1202)

CPU:total 8 (initial active 8) (4 cores per cpu, 2 threads per core) family 6 model 142 stepping 10, cmov, cx8, fxsr, mmx, sse, sse2, sse3, ssse3, sse4.1, sse4.2, popcnt, avx, avx2, aes, clmul, erms, 3dnowpref, lzcnt, ht, tsc, tscinvbit, bmi1, bmi2, adx

Memory: 4k page, physical 8295652k(618456k free), swap 8295652k(6940k free)

vm_info: OpenJDK 64-Bit Server VM (25.302-b08) for windows-amd64 JRE (1.8.0_302-b08), built on Jul 20 2021 21:31:03 by "jenkins" with MS VC++ 12.0 (VS2013)

time: Thu Oct 07 11:52:01 2021
timezone: Hora de verano del Este
elapsed time: 4.709265 seconds (0d 0h 0m 4s)

