#
# There is insufficient memory for the Java Runtime Environment to continue.
# Native memory allocation (malloc) failed to allocate 1308816 bytes for Chunk::new
# Possible reasons:
#   The system is out of physical RAM or swap space
#   The process is running with CompressedOops enabled, and the Java Heap may be blocking the growth of the native heap
# Possible solutions:
#   Reduce memory load on the system
#   Increase physical memory or swap space
#   Check if swap backing store is full
#   Decrease Java heap size (-Xmx/-Xms)
#   Decrease number of Java threads
#   Decrease Java thread stack sizes (-Xss)
#   Set larger code cache with -XX:ReservedCodeCacheSize=
#   JVM is running with Unscaled Compressed Oops mode in which the Java heap is
#     placed in the first 4GB address space. The Java Heap base address is the
#     maximum limit for the native heap growth. Please use -XX:HeapBaseMinAddress
#     to set the Java Heap base and to place the Java Heap above 4GB virtual address.
# This output file may be truncated or incomplete.
#
#  Out of Memory Error (allocation.cpp:389), pid=14076, tid=0x000000000000203c
#
# JRE version: OpenJDK Runtime Environment (8.0_302-b08) (build 1.8.0_302-b08)
# Java VM: OpenJDK 64-Bit Server VM (25.302-b08 mixed mode windows-amd64 compressed oops)
# Failed to write core dump. Minidumps are not enabled by default on client versions of Windows
#

---------------  T H R E A D  ---------------

Current thread (0x0000029b37496800):  JavaThread "C2 CompilerThread1" daemon [_thread_in_native, id=8252, stack(0x000000b486300000,0x000000b486400000)]

Stack: [0x000000b486300000,0x000000b486400000]
[error occurred during error reporting (printing stack bounds), id 0xc0000005]

Native frames: (J=compiled Java code, j=interpreted, Vv=VM code, C=native code)


Current CompileTask:
C2:   7143 4792   !   4       java.lang.Class::getEnumConstantsShared (73 bytes)


---------------  P R O C E S S  ---------------

Java Threads: ( => current thread )
  0x0000029b38cb2000 JavaThread "Build operations Thread 8" [_thread_blocked, id=13344, stack(0x000000b488f00000,0x000000b489000000)]
  0x0000029b38cb2800 JavaThread "Build operations Thread 7" [_thread_blocked, id=16096, stack(0x000000b488e00000,0x000000b488f00000)]
  0x0000029b3c997800 JavaThread "Build operations Thread 6" [_thread_blocked, id=16220, stack(0x000000b488d00000,0x000000b488e00000)]
  0x0000029b3c995800 JavaThread "Build operations Thread 5" [_thread_blocked, id=8672, stack(0x000000b488c00000,0x000000b488d00000)]
  0x0000029b3c995000 JavaThread "Build operations Thread 4" [_thread_blocked, id=7624, stack(0x000000b488b00000,0x000000b488c00000)]
  0x0000029b3c996800 JavaThread "Build operations Thread 3" [_thread_blocked, id=16368, stack(0x000000b488a00000,0x000000b488b00000)]
  0x0000029b3c98d000 JavaThread "Build operations Thread 2" [_thread_blocked, id=6080, stack(0x000000b488900000,0x000000b488a00000)]
  0x0000029b3c994000 JavaThread "Build operations" [_thread_blocked, id=3344, stack(0x000000b488800000,0x000000b488900000)]
  0x0000029b3c992800 JavaThread "Cache worker for Java compile cache (C:\Users\User\IdeaProjects\PLC\.gradle\6.3\javaCompile)" [_thread_blocked, id=12900, stack(0x000000b488700000,0x000000b488800000)]
  0x0000029b3c993800 JavaThread "Cache worker for Java compile cache (C:\Users\User\.gradle\caches\6.3\javaCompile)" [_thread_blocked, id=17008, stack(0x000000b488600000,0x000000b488700000)]
  0x0000029b3c992000 JavaThread "Cache worker for execution history cache (C:\Users\User\IdeaProjects\PLC\.gradle\6.3\executionHistory)" [_thread_blocked, id=1460, stack(0x000000b488500000,0x000000b488600000)]
  0x0000029b3c991000 JavaThread "Execution worker for ':' Thread 7" [_thread_blocked, id=6744, stack(0x000000b488400000,0x000000b488500000)]
  0x0000029b3c98a000 JavaThread "Execution worker for ':' Thread 6" [_thread_blocked, id=10936, stack(0x000000b488300000,0x000000b488400000)]
  0x0000029b3c98c800 JavaThread "Execution worker for ':' Thread 5" [_thread_blocked, id=3888, stack(0x000000b488200000,0x000000b488300000)]
  0x0000029b3c98a800 JavaThread "Execution worker for ':' Thread 4" [_thread_blocked, id=15348, stack(0x000000b488100000,0x000000b488200000)]
  0x0000029b3c989000 JavaThread "Execution worker for ':' Thread 3" [_thread_blocked, id=14352, stack(0x000000b488000000,0x000000b488100000)]
  0x0000029b3c98b800 JavaThread "Execution worker for ':' Thread 2" [_thread_blocked, id=14120, stack(0x000000b487f00000,0x000000b488000000)]
  0x0000029b3c990000 JavaThread "Execution worker for ':'" [_thread_in_Java, id=2796, stack(0x000000b487e00000,0x000000b487f00000)]
  0x0000029b3c98f800 JavaThread "Cache worker for file content cache (C:\Users\User\IdeaProjects\PLC\.gradle\6.3\fileContent)" [_thread_blocked, id=14548, stack(0x000000b487d00000,0x000000b487e00000)]
  0x0000029b3c988800 JavaThread "Cache worker for file content cache (C:\Users\User\.gradle\caches\6.3\fileContent)" [_thread_blocked, id=12584, stack(0x000000b487c00000,0x000000b487d00000)]
  0x0000029b3c98e800 JavaThread "Memory manager" [_thread_blocked, id=13268, stack(0x000000b487b00000,0x000000b487c00000)]
  0x0000029b3c98e000 JavaThread "Cache worker for Build Output Cleanup Cache (C:\Users\User\IdeaProjects\PLC\.gradle\buildOutputCleanup)" [_thread_blocked, id=15928, stack(0x000000b487a00000,0x000000b487b00000)]
  0x0000029b3a666000 JavaThread "Cache worker for execution history cache (C:\Users\User\.gradle\caches\6.3\executionHistory)" [_thread_blocked, id=16904, stack(0x000000b487900000,0x000000b487a00000)]
  0x0000029b3a66c000 JavaThread "Cache worker for cache directory md-rule (C:\Users\User\.gradle\caches\6.3\md-rule)" [_thread_blocked, id=11120, stack(0x000000b487800000,0x000000b487900000)]
  0x0000029b3a669800 JavaThread "Cache worker for cache directory md-supplier (C:\Users\User\.gradle\caches\6.3\md-supplier)" [_thread_blocked, id=8476, stack(0x000000b487700000,0x000000b487800000)]
  0x0000029b3a66b800 JavaThread "Cache worker for file hash cache (C:\Users\User\IdeaProjects\PLC\.gradle\6.3\fileHashes)" [_thread_blocked, id=2220, stack(0x000000b487600000,0x000000b487700000)]
  0x0000029b3a669000 JavaThread "Cache worker for checksums cache (C:\Users\User\IdeaProjects\PLC\.gradle\checksums)" [_thread_blocked, id=8556, stack(0x000000b487500000,0x000000b487600000)]
  0x0000029b3a665000 JavaThread "Cache worker for file hash cache (C:\Users\User\.gradle\caches\6.3\fileHashes)" [_thread_blocked, id=3876, stack(0x000000b487400000,0x000000b487500000)]
  0x0000029b3a66a800 JavaThread "File lock request listener" [_thread_in_native, id=3956, stack(0x000000b487300000,0x000000b487400000)]
  0x0000029b3a667800 JavaThread "Cache worker for journal cache (C:\Users\User\.gradle\caches\journal-1)" [_thread_blocked, id=4328, stack(0x000000b487200000,0x000000b487300000)]
  0x0000029b3a647000 JavaThread "Thread-9" [_thread_blocked, id=464, stack(0x000000b487100000,0x000000b487200000)]
  0x0000029b3a62a800 JavaThread "Stdin handler" [_thread_blocked, id=6888, stack(0x000000b487000000,0x000000b487100000)]
  0x0000029b3a625800 JavaThread "Asynchronous log dispatcher for DefaultDaemonConnection: socket connection from /127.0.0.1:54877 to /127.0.0.1:54878" [_thread_blocked, id=14256, stack(0x000000b486f00000,0x000000b487000000)]
  0x0000029b3a61c000 JavaThread "Daemon worker" [_thread_blocked, id=892, stack(0x000000b486e00000,0x000000b486f00000)]
  0x0000029b3a646000 JavaThread "Cancel handler" [_thread_blocked, id=9104, stack(0x000000b486d00000,0x000000b486e00000)]
  0x0000029b3a5c1800 JavaThread "Handler for socket connection from /127.0.0.1:54877 to /127.0.0.1:54878" [_thread_in_native, id=16676, stack(0x000000b486c00000,0x000000b486d00000)]
  0x0000029b3a5b6000 JavaThread "Daemon" [_thread_blocked, id=16476, stack(0x000000b486b00000,0x000000b486c00000)]
  0x0000029b3a5a3800 JavaThread "Daemon periodic checks" [_thread_blocked, id=8960, stack(0x000000b486a00000,0x000000b486b00000)]
  0x0000029b3a571800 JavaThread "Incoming local TCP Connector on port 54877" [_thread_in_native, id=4820, stack(0x000000b486900000,0x000000b486a00000)]
  0x0000029b3a4c9000 JavaThread "Daemon health stats" [_thread_blocked, id=2428, stack(0x000000b486800000,0x000000b486900000)]
  0x0000029b38878800 JavaThread "Service Thread" daemon [_thread_blocked, id=12404, stack(0x000000b486600000,0x000000b486700000)]
  0x0000029b374ea800 JavaThread "C1 CompilerThread3" daemon [_thread_in_native, id=5864, stack(0x000000b486500000,0x000000b486600000)]
  0x0000029b374e1800 JavaThread "C2 CompilerThread2" daemon [_thread_in_native, id=15508, stack(0x000000b486400000,0x000000b486500000)]
=>0x0000029b37496800 JavaThread "C2 CompilerThread1" daemon [_thread_in_native, id=8252, stack(0x000000b486300000,0x000000b486400000)]
  0x0000029b37493800 JavaThread "C2 CompilerThread0" daemon [_thread_in_native, id=1552, stack(0x000000b486200000,0x000000b486300000)]
  0x0000029b3748b000 JavaThread "Attach Listener" daemon [_thread_blocked, id=7596, stack(0x000000b486100000,0x000000b486200000)]
  0x0000029b37489800 JavaThread "Signal Dispatcher" daemon [_thread_blocked, id=792, stack(0x000000b486000000,0x000000b486100000)]
  0x0000029b3686d000 JavaThread "Finalizer" daemon [_thread_blocked, id=5368, stack(0x000000b485f00000,0x000000b486000000)]
  0x0000029b3686a000 JavaThread "Reference Handler" daemon [_thread_blocked, id=15900, stack(0x000000b485e00000,0x000000b485f00000)]
  0x0000029b23ea5800 JavaThread "main" [_thread_blocked, id=6836, stack(0x000000b485400000,0x000000b485500000)]

Other Threads:
  0x0000029b37436000 VMThread [stack: 0x000000b485d00000,0x000000b485e00000] [id=7464]
  0x0000029b3750d800 WatcherThread [stack: 0x000000b486700000,0x000000b486800000] [id=3408]

VM state:not at safepoint (normal execution)

VM Mutex/Monitor currently owned by a thread: None

heap address: 0x00000000e0000000, size: 512 MB, Compressed Oops mode: 32-bit
Narrow klass base: 0x0000000000000000, Narrow klass shift: 3
Compressed class space size: 1073741824 Address: 0x0000000100000000

Heap:
 PSYoungGen      total 76288K, used 68451K [0x00000000f5580000, 0x00000000fc100000, 0x0000000100000000)
  eden space 64000K, 91% used [0x00000000f5580000,0x00000000f8edf070,0x00000000f9400000)
  from space 12288K, 78% used [0x00000000f9400000,0x00000000f9d79f58,0x00000000fa000000)
  to   space 12800K, 0% used [0x00000000fb480000,0x00000000fb480000,0x00000000fc100000)
 ParOldGen       total 175104K, used 15247K [0x00000000e0000000, 0x00000000eab00000, 0x00000000f5580000)
  object space 175104K, 8% used [0x00000000e0000000,0x00000000e0ee3ee0,0x00000000eab00000)
 Metaspace       used 48132K, capacity 50206K, committed 50352K, reserved 1091584K
  class space    used 6849K, capacity 7249K, committed 7344K, reserved 1048576K

Card table byte_map: [0x0000029b34ca0000,0x0000029b34db0000] byte_map_base: 0x0000029b345a0000

Marking Bits: (ParMarkBitMap*) 0x000000006a81c820
 Begin Bits: [0x0000029b34e60000, 0x0000029b35660000)
 End Bits:   [0x0000029b35660000, 0x0000029b35e60000)

Polling page: 0x0000029b258b0000

CodeCache: size=245760Kb used=16226Kb max_used=16226Kb free=229533Kb
 bounds [0x0000029b258e0000, 0x0000029b268d0000, 0x0000029b348e0000]
 total_blobs=5281 nmethods=4531 adapters=662
 compilation: enabled

Compilation events (10 events):
Event: 7.119 Thread 0x0000029b374ea800 nmethod 5088 0x0000029b26899f10 code [0x0000029b2689a0c0, 0x0000029b2689a610]
Event: 7.119 Thread 0x0000029b374ea800 5094       3       com.sun.tools.javac.comp.Infer::generateReturnConstraints (373 bytes)
Event: 7.123 Thread 0x0000029b374ea800 nmethod 5094 0x0000029b2689aa90 code [0x0000029b2689b0a0, 0x0000029b2689f7f0]
Event: 7.123 Thread 0x0000029b374ea800 5099       3       com.sun.tools.javac.comp.Check::checkClassType (85 bytes)
Event: 7.124 Thread 0x0000029b374ea800 nmethod 5099 0x0000029b268a2290 code [0x0000029b268a24c0, 0x0000029b268a3100]
Event: 7.124 Thread 0x0000029b374ea800 5096       3       com.sun.tools.javac.comp.DeferredAttr$DeferredTypeMap::typeOf (88 bytes)
Event: 7.125 Thread 0x0000029b374ea800 nmethod 5096 0x0000029b268a3610 code [0x0000029b268a37c0, 0x0000029b268a3cc0]
Event: 7.125 Thread 0x0000029b374ea800 5095       3       com.sun.tools.javac.comp.Resolve::findConstructor (50 bytes)
Event: 7.125 Thread 0x0000029b374ea800 nmethod 5095 0x0000029b268a4010 code [0x0000029b268a41a0, 0x0000029b268a44e0]
Event: 7.125 Thread 0x0000029b374ea800 5100       3       com.sun.tools.javac.comp.Attr::visitNewClass (1771 bytes)

GC Heap History (10 events):
Event: 4.824 GC heap before
{Heap before GC invocations=7 (full 1):
 PSYoungGen      total 76288K, used 74965K [0x00000000f5580000, 0x00000000faa80000, 0x0000000100000000)
  eden space 65536K, 100% used [0x00000000f5580000,0x00000000f9580000,0x00000000f9580000)
  from space 10752K, 87% used [0x00000000f9580000,0x00000000f9eb5610,0x00000000fa000000)
  to   space 10752K, 0% used [0x00000000fa000000,0x00000000fa000000,0x00000000faa80000)
 ParOldGen       total 175104K, used 6617K [0x00000000e0000000, 0x00000000eab00000, 0x00000000f5580000)
  object space 175104K, 3% used [0x00000000e0000000,0x00000000e0676680,0x00000000eab00000)
 Metaspace       used 33032K, capacity 33902K, committed 34096K, reserved 1079296K
  class space    used 4616K, capacity 4867K, committed 4912K, reserved 1048576K
Event: 4.830 GC heap after
Heap after GC invocations=7 (full 1):
 PSYoungGen      total 76288K, used 9554K [0x00000000f5580000, 0x00000000faa80000, 0x0000000100000000)
  eden space 65536K, 0% used [0x00000000f5580000,0x00000000f5580000,0x00000000f9580000)
  from space 10752K, 88% used [0x00000000fa000000,0x00000000fa954920,0x00000000faa80000)
  to   space 10752K, 0% used [0x00000000f9580000,0x00000000f9580000,0x00000000fa000000)
 ParOldGen       total 175104K, used 6625K [0x00000000e0000000, 0x00000000eab00000, 0x00000000f5580000)
  object space 175104K, 3% used [0x00000000e0000000,0x00000000e0678680,0x00000000eab00000)
 Metaspace       used 33032K, capacity 33902K, committed 34096K, reserved 1079296K
  class space    used 4616K, capacity 4867K, committed 4912K, reserved 1048576K
}
Event: 5.058 GC heap before
{Heap before GC invocations=8 (full 1):
 PSYoungGen      total 76288K, used 46096K [0x00000000f5580000, 0x00000000faa80000, 0x0000000100000000)
  eden space 65536K, 55% used [0x00000000f5580000,0x00000000f792f9a0,0x00000000f9580000)
  from space 10752K, 88% used [0x00000000fa000000,0x00000000fa954920,0x00000000faa80000)
  to   space 10752K, 0% used [0x00000000f9580000,0x00000000f9580000,0x00000000fa000000)
 ParOldGen       total 175104K, used 6625K [0x00000000e0000000, 0x00000000eab00000, 0x00000000f5580000)
  object space 175104K, 3% used [0x00000000e0000000,0x00000000e0678680,0x00000000eab00000)
 Metaspace       used 34422K, capacity 35382K, committed 35496K, reserved 1079296K
  class space    used 4859K, capacity 5110K, committed 5168K, reserved 1048576K
Event: 5.064 GC heap after
Heap after GC invocations=8 (full 1):
 PSYoungGen      total 76288K, used 8947K [0x00000000f5580000, 0x00000000faa80000, 0x0000000100000000)
  eden space 65536K, 0% used [0x00000000f5580000,0x00000000f5580000,0x00000000f9580000)
  from space 10752K, 83% used [0x00000000f9580000,0x00000000f9e3cd68,0x00000000fa000000)
  to   space 10752K, 0% used [0x00000000fa000000,0x00000000fa000000,0x00000000faa80000)
 ParOldGen       total 175104K, used 6633K [0x00000000e0000000, 0x00000000eab00000, 0x00000000f5580000)
  object space 175104K, 3% used [0x00000000e0000000,0x00000000e067a680,0x00000000eab00000)
 Metaspace       used 34422K, capacity 35382K, committed 35496K, reserved 1079296K
  class space    used 4859K, capacity 5110K, committed 5168K, reserved 1048576K
}
Event: 5.064 GC heap before
{Heap before GC invocations=9 (full 2):
 PSYoungGen      total 76288K, used 8947K [0x00000000f5580000, 0x00000000faa80000, 0x0000000100000000)
  eden space 65536K, 0% used [0x00000000f5580000,0x00000000f5580000,0x00000000f9580000)
  from space 10752K, 83% used [0x00000000f9580000,0x00000000f9e3cd68,0x00000000fa000000)
  to   space 10752K, 0% used [0x00000000fa000000,0x00000000fa000000,0x00000000faa80000)
 ParOldGen       total 175104K, used 6633K [0x00000000e0000000, 0x00000000eab00000, 0x00000000f5580000)
  object space 175104K, 3% used [0x00000000e0000000,0x00000000e067a680,0x00000000eab00000)
 Metaspace       used 34422K, capacity 35382K, committed 35496K, reserved 1079296K
  class space    used 4859K, capacity 5110K, committed 5168K, reserved 1048576K
Event: 5.131 GC heap after
Heap after GC invocations=9 (full 2):
 PSYoungGen      total 76288K, used 0K [0x00000000f5580000, 0x00000000faa80000, 0x0000000100000000)
  eden space 65536K, 0% used [0x00000000f5580000,0x00000000f5580000,0x00000000f9580000)
  from space 10752K, 0% used [0x00000000f9580000,0x00000000f9580000,0x00000000fa000000)
  to   space 10752K, 0% used [0x00000000fa000000,0x00000000fa000000,0x00000000faa80000)
 ParOldGen       total 175104K, used 15231K [0x00000000e0000000, 0x00000000eab00000, 0x00000000f5580000)
  object space 175104K, 8% used [0x00000000e0000000,0x00000000e0edfee0,0x00000000eab00000)
 Metaspace       used 34422K, capacity 35382K, committed 35496K, reserved 1079296K
  class space    used 4859K, capacity 5110K, committed 5168K, reserved 1048576K
}
Event: 5.718 GC heap before
{Heap before GC invocations=10 (full 2):
 PSYoungGen      total 76288K, used 65536K [0x00000000f5580000, 0x00000000faa80000, 0x0000000100000000)
  eden space 65536K, 100% used [0x00000000f5580000,0x00000000f9580000,0x00000000f9580000)
  from space 10752K, 0% used [0x00000000f9580000,0x00000000f9580000,0x00000000fa000000)
  to   space 10752K, 0% used [0x00000000fa000000,0x00000000fa000000,0x00000000faa80000)
 ParOldGen       total 175104K, used 15231K [0x00000000e0000000, 0x00000000eab00000, 0x00000000f5580000)
  object space 175104K, 8% used [0x00000000e0000000,0x00000000e0edfee0,0x00000000eab00000)
 Metaspace       used 39326K, capacity 40862K, committed 41136K, reserved 1085440K
  class space    used 5686K, capacity 5987K, committed 6064K, reserved 1048576K
Event: 5.722 GC heap after
Heap after GC invocations=10 (full 2):
 PSYoungGen      total 74752K, used 6338K [0x00000000f5580000, 0x00000000fd200000, 0x0000000100000000)
  eden space 64000K, 0% used [0x00000000f5580000,0x00000000f5580000,0x00000000f9400000)
  from space 10752K, 58% used [0x00000000fa000000,0x00000000fa630828,0x00000000faa80000)
  to   space 12288K, 0% used [0x00000000f9400000,0x00000000f9400000,0x00000000fa000000)
 ParOldGen       total 175104K, used 15239K [0x00000000e0000000, 0x00000000eab00000, 0x00000000f5580000)
  object space 175104K, 8% used [0x00000000e0000000,0x00000000e0ee1ee0,0x00000000eab00000)
 Metaspace       used 39326K, capacity 40862K, committed 41136K, reserved 1085440K
  class space    used 5686K, capacity 5987K, committed 6064K, reserved 1048576K
}
Event: 6.556 GC heap before
{Heap before GC invocations=11 (full 2):
 PSYoungGen      total 74752K, used 70338K [0x00000000f5580000, 0x00000000fd200000, 0x0000000100000000)
  eden space 64000K, 100% used [0x00000000f5580000,0x00000000f9400000,0x00000000f9400000)
  from space 10752K, 58% used [0x00000000fa000000,0x00000000fa630828,0x00000000faa80000)
  to   space 12288K, 0% used [0x00000000f9400000,0x00000000f9400000,0x00000000fa000000)
 ParOldGen       total 175104K, used 15239K [0x00000000e0000000, 0x00000000eab00000, 0x00000000f5580000)
  object space 175104K, 8% used [0x00000000e0000000,0x00000000e0ee1ee0,0x00000000eab00000)
 Metaspace       used 46519K, capacity 48324K, committed 48560K, reserved 1091584K
  class space    used 6684K, capacity 7082K, committed 7088K, reserved 1048576K
Event: 6.565 GC heap after
Heap after GC invocations=11 (full 2):
 PSYoungGen      total 76288K, used 9703K [0x00000000f5580000, 0x00000000fc100000, 0x0000000100000000)
  eden space 64000K, 0% used [0x00000000f5580000,0x00000000f5580000,0x00000000f9400000)
  from space 12288K, 78% used [0x00000000f9400000,0x00000000f9d79f58,0x00000000fa000000)
  to   space 12800K, 0% used [0x00000000fb480000,0x00000000fb480000,0x00000000fc100000)
 ParOldGen       total 175104K, used 15247K [0x00000000e0000000, 0x00000000eab00000, 0x00000000f5580000)
  object space 175104K, 8% used [0x00000000e0000000,0x00000000e0ee3ee0,0x00000000eab00000)
 Metaspace       used 46519K, capacity 48324K, committed 48560K, reserved 1091584K
  class space    used 6684K, capacity 7082K, committed 7088K, reserved 1048576K
}

Deoptimization events (10 events):
Event: 6.708 Thread 0x0000029b38cb2800 Uncommon trap: reason=unstable_if action=reinterpret pc=0x0000029b25e49a24 method=java.util.concurrent.ConcurrentHashMap.putVal(Ljava/lang/Object;Ljava/lang/Object;Z)Ljava/lang/Object; @ 113
Event: 6.713 Thread 0x0000029b3c993800 Uncommon trap: reason=bimorphic action=maybe_recompile pc=0x0000029b26560fac method=java.io.BufferedInputStream.read1([BII)I @ 39
Event: 6.717 Thread 0x0000029b3c993800 Uncommon trap: reason=bimorphic action=maybe_recompile pc=0x0000029b26560fac method=java.io.BufferedInputStream.read1([BII)I @ 39
Event: 6.746 Thread 0x0000029b3c990000 Uncommon trap: reason=unstable_if action=reinterpret pc=0x0000029b25a4595c method=com.sun.tools.javac.parser.UnicodeReader.scanChar()V @ 37
Event: 6.860 Thread 0x0000029b3c990000 Uncommon trap: reason=unstable_if action=reinterpret pc=0x0000029b2668ba5c method=com.sun.tools.javac.jvm.ClassReader.readPool(I)Ljava/lang/Object; @ 21
Event: 6.860 Thread 0x0000029b3c990000 Uncommon trap: reason=unstable_if action=reinterpret pc=0x0000029b26685560 method=com.sun.tools.javac.jvm.ClassReader.readName(I)Lcom/sun/tools/javac/util/Name; @ 7
Event: 6.879 Thread 0x0000029b3c990000 Uncommon trap: reason=unstable_if action=reinterpret pc=0x0000029b25fb7b08 method=com.sun.tools.javac.code.Types$18.visitClassType(Lcom/sun/tools/javac/code/Type$ClassType;Ljava/lang/Void;)Lcom/sun/tools/javac/code/Type; @ 43
Event: 6.993 Thread 0x0000029b3c990000 Uncommon trap: reason=unstable_if action=reinterpret pc=0x0000029b26715afc method=com.sun.tools.javac.code.Types.isSubtype(Lcom/sun/tools/javac/code/Type;Lcom/sun/tools/javac/code/Type;Z)Z @ 110
Event: 6.995 Thread 0x0000029b3c990000 Uncommon trap: reason=bimorphic action=maybe_recompile pc=0x0000029b25c0b998 method=com.sun.tools.javac.code.Type.isCompound()Z @ 14
Event: 6.995 Thread 0x0000029b3c990000 Uncommon trap: reason=bimorphic action=maybe_recompile pc=0x0000029b25c0b998 method=com.sun.tools.javac.code.Type.isCompound()Z @ 14

Classes redefined (0 events):
No events

Internal exceptions (10 events):
Event: 6.441 Thread 0x0000029b3a647000 Exception <a 'java/lang/NoSuchMethodError': <clinit>> (0x00000000f64810b8) thrown at [J:\jenkins\tmp\workspace\build\src\hotspot\src\share\vm\prims\jni.cpp, line 1616]
Event: 6.442 Thread 0x0000029b3a647000 Exception <a 'java/lang/NoSuchMethodError': <clinit>> (0x00000000f6482ab0) thrown at [J:\jenkins\tmp\workspace\build\src\hotspot\src\share\vm\prims\jni.cpp, line 1616]
Event: 6.442 Thread 0x0000029b3a647000 Exception <a 'java/lang/NoSuchMethodError': <clinit>> (0x00000000f6484958) thrown at [J:\jenkins\tmp\workspace\build\src\hotspot\src\share\vm\prims\jni.cpp, line 1616]
Event: 6.444 Thread 0x0000029b3a647000 Exception <a 'java/lang/NoSuchMethodError': <clinit>> (0x00000000f64a2de0) thrown at [J:\jenkins\tmp\workspace\build\src\hotspot\src\share\vm\prims\jni.cpp, line 1616]
Event: 6.448 Thread 0x0000029b3a647000 Exception <a 'java/lang/NoSuchMethodError': <clinit>> (0x00000000f86b2328) thrown at [J:\jenkins\tmp\workspace\build\src\hotspot\src\share\vm\prims\jni.cpp, line 1616]
Event: 6.637 Thread 0x0000029b3c990000 Exception <a 'java/lang/NoSuchMethodError': java.lang.Object.lambda$static$0(Lorg/gradle/api/specs/Spec;Lorg/gradle/api/internal/artifacts/transform/VariantSelector;)Lorg/gradle/api/internal/artifacts/ivyservice/resolveengine/artifact/ResolvedArtifactSet;
Event: 6.794 Thread 0x0000029b3c990000 Exception <a 'java/io/FileNotFoundException'> (0x00000000f6ef8778) thrown at [J:\jenkins\tmp\workspace\build\src\hotspot\src\share\vm\prims\jni.cpp, line 711]
Event: 6.796 Thread 0x0000029b3c990000 Exception <a 'java/io/FileNotFoundException'> (0x00000000f6f52038) thrown at [J:\jenkins\tmp\workspace\build\src\hotspot\src\share\vm\prims\jni.cpp, line 711]
Event: 6.806 Thread 0x0000029b3c990000 Exception <a 'java/io/FileNotFoundException'> (0x00000000f70913d0) thrown at [J:\jenkins\tmp\workspace\build\src\hotspot\src\share\vm\prims\jni.cpp, line 711]
Event: 6.860 Thread 0x0000029b3c990000 Implicit null exception at 0x0000029b26685518 to 0x0000029b2668554e

Events (10 events):
Event: 6.995 Thread 0x0000029b3c990000 DEOPT PACKING pc=0x0000029b25c0b998 sp=0x000000b487ef9c80
Event: 6.995 Thread 0x0000029b3c990000 DEOPT UNPACKING pc=0x0000029b25925583 sp=0x000000b487ef9c18 mode 2
Event: 6.997 loading class com/sun/tools/javac/comp/LambdaToMethod$LambdaAnalyzerPreprocessor$LambdaTranslationContext
Event: 6.997 loading class com/sun/tools/javac/comp/LambdaToMethod$LambdaAnalyzerPreprocessor$LambdaTranslationContext done
Event: 6.998 loading class com/sun/tools/javac/comp/LambdaToMethod$LambdaAnalyzerPreprocessor$LambdaTranslationContext$1
Event: 6.998 loading class com/sun/tools/javac/comp/LambdaToMethod$LambdaAnalyzerPreprocessor$LambdaTranslationContext$1 done
Event: 6.998 loading class com/sun/tools/javac/comp/LambdaToMethod$LambdaAnalyzerPreprocessor$LambdaTranslationContext$2
Event: 6.998 loading class com/sun/tools/javac/comp/LambdaToMethod$LambdaAnalyzerPreprocessor$LambdaTranslationContext$2 done
Event: 6.999 Executing VM operation: ForceSafepoint
Event: 6.999 Executing VM operation: ForceSafepoint done


Dynamic libraries:
0x00007ff608b80000 - 0x00007ff608bba000 	C:\Users\User\.jdks\temurin-1.8.0_302\bin\java.exe
0x00007ff966170000 - 0x00007ff966365000 	C:\WINDOWS\SYSTEM32\ntdll.dll
0x00007ff94ef30000 - 0x00007ff94ef45000 	C:\Program Files\AVAST Software\Avast\aswhook.dll
0x00007ff965f70000 - 0x00007ff96602e000 	C:\WINDOWS\System32\KERNEL32.DLL
0x00007ff963b10000 - 0x00007ff963dd9000 	C:\WINDOWS\System32\KERNELBASE.dll
0x00007ff965cc0000 - 0x00007ff965d6c000 	C:\WINDOWS\System32\ADVAPI32.dll
0x00007ff964a60000 - 0x00007ff964afe000 	C:\WINDOWS\System32\msvcrt.dll
0x00007ff965ec0000 - 0x00007ff965f5b000 	C:\WINDOWS\System32\sechost.dll
0x00007ff964190000 - 0x00007ff9642ba000 	C:\WINDOWS\System32\RPCRT4.dll
0x00007ff965280000 - 0x00007ff965421000 	C:\WINDOWS\System32\USER32.dll
0x00007ff963960000 - 0x00007ff963982000 	C:\WINDOWS\System32\win32u.dll
0x00007ff965db0000 - 0x00007ff965ddb000 	C:\WINDOWS\System32\GDI32.dll
0x00007ff963de0000 - 0x00007ff963eeb000 	C:\WINDOWS\System32\gdi32full.dll
0x00007ff963a40000 - 0x00007ff963add000 	C:\WINDOWS\System32\msvcp_win.dll
0x00007ff963860000 - 0x00007ff963960000 	C:\WINDOWS\System32\ucrtbase.dll
0x00007ff950c50000 - 0x00007ff950eea000 	C:\WINDOWS\WinSxS\amd64_microsoft.windows.common-controls_6595b64144ccf1df_6.0.19041.1110_none_60b5254171f9507e\COMCTL32.dll
0x00007ff9658c0000 - 0x00007ff9658f0000 	C:\WINDOWS\System32\IMM32.DLL
0x00007ff927160000 - 0x00007ff92724f000 	C:\Users\User\.jdks\temurin-1.8.0_302\jre\bin\msvcr120.dll
0x00007ff9326c0000 - 0x00007ff932766000 	C:\Users\User\.jdks\temurin-1.8.0_302\jre\bin\msvcp120.dll
0x000000006a030000 - 0x000000006a89b000 	C:\Users\User\.jdks\temurin-1.8.0_302\jre\bin\server\jvm.dll
0x00007ff965da0000 - 0x00007ff965da8000 	C:\WINDOWS\System32\PSAPI.DLL
0x00007ff950a60000 - 0x00007ff950a69000 	C:\WINDOWS\SYSTEM32\WSOCK32.dll
0x00007ff948990000 - 0x00007ff9489b7000 	C:\WINDOWS\SYSTEM32\WINMM.dll
0x00007ff95ac30000 - 0x00007ff95ac3a000 	C:\WINDOWS\SYSTEM32\VERSION.dll
0x00007ff9658f0000 - 0x00007ff96595b000 	C:\WINDOWS\System32\WS2_32.dll
0x00007ff95dec0000 - 0x00007ff95decf000 	C:\Users\User\.jdks\temurin-1.8.0_302\jre\bin\verify.dll
0x00007ff946630000 - 0x00007ff946659000 	C:\Users\User\.jdks\temurin-1.8.0_302\jre\bin\java.dll
0x00007ff95dd90000 - 0x00007ff95dda6000 	C:\Users\User\.jdks\temurin-1.8.0_302\jre\bin\zip.dll
0x00007ff9642c0000 - 0x00007ff9649ff000 	C:\WINDOWS\System32\SHELL32.dll
0x00007ff961630000 - 0x00007ff961dc0000 	C:\WINDOWS\SYSTEM32\windows.storage.dll
0x00007ff965430000 - 0x00007ff965785000 	C:\WINDOWS\System32\combase.dll
0x00007ff9631e0000 - 0x00007ff96320c000 	C:\WINDOWS\SYSTEM32\Wldp.dll
0x00007ff965790000 - 0x00007ff96583e000 	C:\WINDOWS\System32\SHCORE.dll
0x00007ff964a00000 - 0x00007ff964a55000 	C:\WINDOWS\System32\shlwapi.dll
0x00007ff9637a0000 - 0x00007ff9637bf000 	C:\WINDOWS\SYSTEM32\profapi.dll
0x00007ff95b510000 - 0x00007ff95b52a000 	C:\Users\User\.jdks\temurin-1.8.0_302\jre\bin\net.dll
0x00007ff962ef0000 - 0x00007ff962f5a000 	C:\WINDOWS\system32\mswsock.dll
0x00007ff954360000 - 0x00007ff954372000 	C:\Users\User\.jdks\temurin-1.8.0_302\jre\bin\nio.dll
0x00007ff946660000 - 0x00007ff946687000 	C:\Users\User\.gradle\native\c976cfcca226fdd4bee4412e95191dd41148b7504f9625baeda1d523bc39a967\windows-amd64\native-platform.dll
0x00007ff95dac0000 - 0x00007ff95dacd000 	C:\Users\User\.jdks\temurin-1.8.0_302\jre\bin\management.dll
0x00007ff9630a0000 - 0x00007ff9630b8000 	C:\WINDOWS\SYSTEM32\CRYPTSP.dll
0x00007ff962880000 - 0x00007ff9628b4000 	C:\WINDOWS\system32\rsaenh.dll
0x00007ff963ae0000 - 0x00007ff963b07000 	C:\WINDOWS\System32\bcrypt.dll
0x00007ff963760000 - 0x00007ff96378e000 	C:\WINDOWS\SYSTEM32\USERENV.dll
0x00007ff963ef0000 - 0x00007ff963f73000 	C:\WINDOWS\System32\bcryptprimitives.dll
0x00007ff9630c0000 - 0x00007ff9630cc000 	C:\WINDOWS\SYSTEM32\CRYPTBASE.dll
0x00007ff962bf0000 - 0x00007ff962c2b000 	C:\WINDOWS\SYSTEM32\IPHLPAPI.DLL
0x00007ff965f60000 - 0x00007ff965f68000 	C:\WINDOWS\System32\NSI.dll
0x00007ff95c030000 - 0x00007ff95c047000 	C:\WINDOWS\SYSTEM32\dhcpcsvc6.DLL
0x00007ff95bf10000 - 0x00007ff95bf2d000 	C:\WINDOWS\SYSTEM32\dhcpcsvc.DLL
0x00007ff962c30000 - 0x00007ff962cfc000 	C:\WINDOWS\SYSTEM32\DNSAPI.dll

VM Arguments:
jvm_args: -XX:MaxMetaspaceSize=256m -XX:+HeapDumpOnOutOfMemoryError -Xms256m -Xmx512m -Dfile.encoding=windows-1252 -Duser.country=ES -Duser.language=es -Duser.variant 
java_command: org.gradle.launcher.daemon.bootstrap.GradleDaemon 6.3
java_class_path (initial): C:\Users\User\.gradle\wrapper\dists\gradle-6.3-bin\8tpu6egwsccjzp10c1jckl0rx\gradle-6.3\lib\gradle-launcher-6.3.jar
Launcher Type: SUN_STANDARD

Environment Variables:
PATH=C:\Program Files\Eclipse Foundation\jdk-8.0.302.8-hotspot\bin;C:\Program Files (x86)\Common Files\Oracle\Java\javapath;C:\Program Files (x86)\Intel\iCLS Client\;C:\Program Files\Intel\iCLS Client\;C:\WINDOWS\system32;C:\WINDOWS;C:\WINDOWS\System32\Wbem;C:\WINDOWS\System32\WindowsPowerShell\v1.0\;C:\WINDOWS\System32\OpenSSH\;C:\Program Files (x86)\Intel\Intel(R) Management Engine Components\DAL;C:\Program Files\Intel\Intel(R) Management Engine Components\DAL;C:\Program Files (x86)\Intel\Intel(R) Management Engine Components\IPT;C:\Program Files\Intel\Intel(R) Management Engine Components\IPT;C:\Program Files (x86)\Windows Live\Shared;C:\Program Files\MATLAB\R2020b\bin;C:\Program Files\AutoFirma\AutoFirma;C:\Program Files\PuTTY\;C:\Program Files\Git\cmd;C:\Users\User\AppData\Local\Microsoft\WindowsApps;C:\Users\User\AppData\Local\Programs\Microsoft VS Code\bin;C:\Users\User\AppData\Local\Programs\MiKTeX\miktex\bin\x64\;C:\Users\User\AppData\Local\GitHubDesktop\bin;C:\Program Files\JetBrains\IntelliJ IDEA 2021.2.1\bin;
USERNAME=User
OS=Windows_NT
PROCESSOR_IDENTIFIER=Intel64 Family 6 Model 142 Stepping 10, GenuineIntel



---------------  S Y S T E M  ---------------

OS: Windows 10.0 , 64 bit Build 19041 (10.0.19041.1202)

CPU:total 8 (initial active 8) (4 cores per cpu, 2 threads per core) family 6 model 142 stepping 10, cmov, cx8, fxsr, mmx, sse, sse2, sse3, ssse3, sse4.1, sse4.2, popcnt, avx, avx2, aes, clmul, erms, 3dnowpref, lzcnt, ht, tsc, tscinvbit, bmi1, bmi2, adx

Memory: 4k page, physical 8295652k(564740k free), swap 8295652k(6380k free)

vm_info: OpenJDK 64-Bit Server VM (25.302-b08) for windows-amd64 JRE (1.8.0_302-b08), built on Jul 20 2021 21:31:03 by "jenkins" with MS VC++ 12.0 (VS2013)

time: Thu Oct 07 11:52:24 2021
timezone: Hora de verano del Este
elapsed time: 7.153952 seconds (0d 0h 0m 7s)

