#
# There is insufficient memory for the Java Runtime Environment to continue.
# Native memory allocation (malloc) failed to allocate 957056 bytes for Chunk::new
# Possible reasons:
#   The system is out of physical RAM or swap space
#   The process is running with CompressedOops enabled, and the Java Heap may be blocking the growth of the native heap
# Possible solutions:
#   Reduce memory load on the system
#   Increase physical memory or swap space
#   Check if swap backing store is full
#   Decrease Java heap size (-Xmx/-Xms)
#   Decrease number of Java threads
#   Decrease Java thread stack sizes (-Xss)
#   Set larger code cache with -XX:ReservedCodeCacheSize=
#   JVM is running with Unscaled Compressed Oops mode in which the Java heap is
#     placed in the first 4GB address space. The Java Heap base address is the
#     maximum limit for the native heap growth. Please use -XX:HeapBaseMinAddress
#     to set the Java Heap base and to place the Java Heap above 4GB virtual address.
# This output file may be truncated or incomplete.
#
#  Out of Memory Error (allocation.cpp:389), pid=4332, tid=0x0000000000001d94
#
# JRE version: OpenJDK Runtime Environment (8.0_302-b08) (build 1.8.0_302-b08)
# Java VM: OpenJDK 64-Bit Server VM (25.302-b08 mixed mode windows-amd64 compressed oops)
# Failed to write core dump. Minidumps are not enabled by default on client versions of Windows
#

---------------  T H R E A D  ---------------

Current thread (0x000001aa90ed4000):  JavaThread "C2 CompilerThread1" daemon [_thread_in_native, id=7572, stack(0x000000a322a00000,0x000000a322b00000)]

Stack: [0x000000a322a00000,0x000000a322b00000]
[error occurred during error reporting (printing stack bounds), id 0xc0000005]

Native frames: (J=compiled Java code, j=interpreted, Vv=VM code, C=native code)


Current CompileTask:
C2:   3936 1986   !   4       java.net.URLClassLoader$1::run (63 bytes)


---------------  P R O C E S S  ---------------

Java Threads: ( => current thread )
  0x000001aa9315a800 JavaThread "Cache worker for execution history cache (C:\Users\User\.gradle\caches\6.3\executionHistory)" [_thread_blocked, id=10232, stack(0x000000a324000000,0x000000a324100000)]
  0x000001aa93159000 JavaThread "Cache worker for cache directory md-rule (C:\Users\User\.gradle\caches\6.3\md-rule)" [_thread_blocked, id=16112, stack(0x000000a323f00000,0x000000a324000000)]
  0x000001aa93158000 JavaThread "Cache worker for cache directory md-supplier (C:\Users\User\.gradle\caches\6.3\md-supplier)" [_thread_blocked, id=16984, stack(0x000000a323e00000,0x000000a323f00000)]
  0x000001aa9315b000 JavaThread "Cache worker for file hash cache (C:\Users\User\IdeaProjects\PLC\.gradle\6.3\fileHashes)" [_thread_blocked, id=7056, stack(0x000000a323d00000,0x000000a323e00000)]
  0x000001aa9315d800 JavaThread "Cache worker for checksums cache (C:\Users\User\IdeaProjects\PLC\.gradle\checksums)" [_thread_blocked, id=11884, stack(0x000000a323c00000,0x000000a323d00000)]
  0x000001aa9315c800 JavaThread "Cache worker for file hash cache (C:\Users\User\.gradle\caches\6.3\fileHashes)" [_thread_blocked, id=13812, stack(0x000000a323b00000,0x000000a323c00000)]
  0x000001aa9315f000 JavaThread "File lock request listener" [_thread_in_native, id=11356, stack(0x000000a323a00000,0x000000a323b00000)]
  0x000001aa9315e800 JavaThread "Cache worker for journal cache (C:\Users\User\.gradle\caches\journal-1)" [_thread_blocked, id=5012, stack(0x000000a323900000,0x000000a323a00000)]
  0x000001aa9414f000 JavaThread "Thread-9" [_thread_blocked, id=4884, stack(0x000000a323800000,0x000000a323900000)]
  0x000001aa9414c800 JavaThread "Stdin handler" [_thread_blocked, id=12928, stack(0x000000a323700000,0x000000a323800000)]
  0x000001aa94143800 JavaThread "Asynchronous log dispatcher for DefaultDaemonConnection: socket connection from /127.0.0.1:61966 to /127.0.0.1:61967" [_thread_blocked, id=1804, stack(0x000000a323600000,0x000000a323700000)]
  0x000001aa9413a800 JavaThread "Daemon worker" [_thread_in_Java, id=6480, stack(0x000000a323500000,0x000000a323600000)]
  0x000001aa9413a000 JavaThread "Cancel handler" [_thread_blocked, id=14972, stack(0x000000a323400000,0x000000a323500000)]
  0x000001aa94095000 JavaThread "Handler for socket connection from /127.0.0.1:61966 to /127.0.0.1:61967" [_thread_in_native, id=1184, stack(0x000000a323300000,0x000000a323400000)]
  0x000001aa94027000 JavaThread "Daemon" [_thread_blocked, id=13116, stack(0x000000a323200000,0x000000a323300000)]
  0x000001aa935ed000 JavaThread "Daemon periodic checks" [_thread_blocked, id=13592, stack(0x000000a323100000,0x000000a323200000)]
  0x000001aa940a1800 JavaThread "Incoming local TCP Connector on port 61966" [_thread_in_native, id=7032, stack(0x000000a323000000,0x000000a323100000)]
  0x000001aa93f61000 JavaThread "Daemon health stats" [_thread_blocked, id=13000, stack(0x000000a322f00000,0x000000a323000000)]
  0x000001aa922b8800 JavaThread "Service Thread" daemon [_thread_blocked, id=5532, stack(0x000000a322d00000,0x000000a322e00000)]
  0x000001aa90f29800 JavaThread "C1 CompilerThread3" daemon [_thread_in_native, id=15200, stack(0x000000a322c00000,0x000000a322d00000)]
  0x000001aa90f1f800 JavaThread "C2 CompilerThread2" daemon [_thread_in_native, id=7452, stack(0x000000a322b00000,0x000000a322c00000)]
=>0x000001aa90ed4000 JavaThread "C2 CompilerThread1" daemon [_thread_in_native, id=7572, stack(0x000000a322a00000,0x000000a322b00000)]
  0x000001aa90ed9000 JavaThread "C2 CompilerThread0" daemon [_thread_in_native, id=9280, stack(0x000000a322900000,0x000000a322a00000)]
  0x000001aa90ec9800 JavaThread "Attach Listener" daemon [_thread_blocked, id=8364, stack(0x000000a322800000,0x000000a322900000)]
  0x000001aa90ec8800 JavaThread "Signal Dispatcher" daemon [_thread_blocked, id=6500, stack(0x000000a322700000,0x000000a322800000)]
  0x000001aaffa1c000 JavaThread "Finalizer" daemon [_thread_blocked, id=12760, stack(0x000000a322600000,0x000000a322700000)]
  0x000001aaffa18800 JavaThread "Reference Handler" daemon [_thread_blocked, id=6572, stack(0x000000a322500000,0x000000a322600000)]
  0x000001aafd875800 JavaThread "main" [_thread_blocked, id=14716, stack(0x000000a321b00000,0x000000a321c00000)]

Other Threads:
  0x000001aa90e76000 VMThread [stack: 0x000000a322400000,0x000000a322500000] [id=12784]
  0x000001aa90f4d000 WatcherThread [stack: 0x000000a322e00000,0x000000a322f00000] [id=15812]

VM state:not at safepoint (normal execution)

VM Mutex/Monitor currently owned by a thread:  ([mutex/lock_event])
[0x000001aafd869ad0] CodeCache_lock - owner thread: 0x0000000000000000

heap address: 0x00000000e0000000, size: 512 MB, Compressed Oops mode: 32-bit
Narrow klass base: 0x0000000000000000, Narrow klass shift: 3
Compressed class space size: 1073741824 Address: 0x0000000100000000

Heap:
 PSYoungGen      total 141824K, used 49703K [0x00000000f5580000, 0x00000000fea80000, 0x0000000100000000)
  eden space 131072K, 37% used [0x00000000f5580000,0x00000000f8609ce0,0x00000000fd580000)
  from space 10752K, 0% used [0x00000000fe000000,0x00000000fe000000,0x00000000fea80000)
  to   space 10752K, 0% used [0x00000000fd580000,0x00000000fd580000,0x00000000fe000000)
 ParOldGen       total 175104K, used 6615K [0x00000000e0000000, 0x00000000eab00000, 0x00000000f5580000)
  object space 175104K, 3% used [0x00000000e0000000,0x00000000e0675dc8,0x00000000eab00000)
 Metaspace       used 25028K, capacity 25782K, committed 26112K, reserved 1071104K
  class space    used 3578K, capacity 3768K, committed 3840K, reserved 1048576K

Card table byte_map: [0x000001aaff660000,0x000001aaff770000] byte_map_base: 0x000001aafef60000

Marking Bits: (ParMarkBitMap*) 0x000000006a81c820
 Begin Bits: [0x000001aa8f000000, 0x000001aa8f800000)
 End Bits:   [0x000001aa8f800000, 0x000001aa90000000)

Polling page: 0x000001aafda40000

CodeCache: size=245760Kb used=7175Kb max_used=7184Kb free=238584Kb
 bounds [0x000001aa80000000, 0x000001aa80710000, 0x000001aa8f000000]
 total_blobs=2473 nmethods=2038 adapters=347
 compilation: enabled

Compilation events (10 events):
Event: 3.900 Thread 0x000001aa90f29800 2033       3       java.util.HashMap$KeySet::iterator (12 bytes)
Event: 3.900 Thread 0x000001aa90f29800 nmethod 2033 0x000001aa806f7890 code [0x000001aa806f7a00, 0x000001aa806f7c70]
Event: 3.900 Thread 0x000001aa90f29800 2034       3       java.util.HashMap$KeyIterator::<init> (11 bytes)
Event: 3.900 Thread 0x000001aa90f29800 nmethod 2034 0x000001aa806f7d50 code [0x000001aa806f7ec0, 0x000001aa806f8070]
Event: 3.901 Thread 0x000001aa90f29800 2036       3       sun.reflect.Reflection::filter (220 bytes)
Event: 3.901 Thread 0x000001aa90f29800 nmethod 2036 0x000001aa806f8110 code [0x000001aa806f8320, 0x000001aa806f8f10]
Event: 3.903 Thread 0x000001aa90f29800 2037       3       java.util.concurrent.atomic.AtomicInteger::<init> (5 bytes)
Event: 3.903 Thread 0x000001aa90f29800 nmethod 2037 0x000001aa806f9590 code [0x000001aa806f9700, 0x000001aa806f9918]
Event: 3.903 Thread 0x000001aa90f29800 2038       3       java.lang.Class::getDeclaredMethods (18 bytes)
Event: 3.903 Thread 0x000001aa90f29800 nmethod 2038 0x000001aa806f9a10 code [0x000001aa806f9ba0, 0x000001aa806f9de0]

GC Heap History (10 events):
Event: 0.963 GC heap before
{Heap before GC invocations=1 (full 0):
 PSYoungGen      total 76288K, used 65536K [0x00000000f5580000, 0x00000000faa80000, 0x0000000100000000)
  eden space 65536K, 100% used [0x00000000f5580000,0x00000000f9580000,0x00000000f9580000)
  from space 10752K, 0% used [0x00000000fa000000,0x00000000fa000000,0x00000000faa80000)
  to   space 10752K, 0% used [0x00000000f9580000,0x00000000f9580000,0x00000000fa000000)
 ParOldGen       total 175104K, used 0K [0x00000000e0000000, 0x00000000eab00000, 0x00000000f5580000)
  object space 175104K, 0% used [0x00000000e0000000,0x00000000e0000000,0x00000000eab00000)
 Metaspace       used 7745K, capacity 8034K, committed 8320K, reserved 1056768K
  class space    used 970K, capacity 1081K, committed 1152K, reserved 1048576K
Event: 0.969 GC heap after
Heap after GC invocations=1 (full 0):
 PSYoungGen      total 76288K, used 5784K [0x00000000f5580000, 0x00000000faa80000, 0x0000000100000000)
  eden space 65536K, 0% used [0x00000000f5580000,0x00000000f5580000,0x00000000f9580000)
  from space 10752K, 53% used [0x00000000f9580000,0x00000000f9b262d8,0x00000000fa000000)
  to   space 10752K, 0% used [0x00000000fa000000,0x00000000fa000000,0x00000000faa80000)
 ParOldGen       total 175104K, used 16K [0x00000000e0000000, 0x00000000eab00000, 0x00000000f5580000)
  object space 175104K, 0% used [0x00000000e0000000,0x00000000e0004000,0x00000000eab00000)
 Metaspace       used 7745K, capacity 8034K, committed 8320K, reserved 1056768K
  class space    used 970K, capacity 1081K, committed 1152K, reserved 1048576K
}
Event: 2.977 GC heap before
{Heap before GC invocations=2 (full 0):
 PSYoungGen      total 76288K, used 71320K [0x00000000f5580000, 0x00000000faa80000, 0x0000000100000000)
  eden space 65536K, 100% used [0x00000000f5580000,0x00000000f9580000,0x00000000f9580000)
  from space 10752K, 53% used [0x00000000f9580000,0x00000000f9b262d8,0x00000000fa000000)
  to   space 10752K, 0% used [0x00000000fa000000,0x00000000fa000000,0x00000000faa80000)
 ParOldGen       total 175104K, used 16K [0x00000000e0000000, 0x00000000eab00000, 0x00000000f5580000)
  object space 175104K, 0% used [0x00000000e0000000,0x00000000e0004000,0x00000000eab00000)
 Metaspace       used 15191K, capacity 15644K, committed 15872K, reserved 1062912K
  class space    used 2045K, capacity 2188K, committed 2304K, reserved 1048576K
Event: 3.004 GC heap after
Heap after GC invocations=2 (full 0):
 PSYoungGen      total 76288K, used 9366K [0x00000000f5580000, 0x00000000faa80000, 0x0000000100000000)
  eden space 65536K, 0% used [0x00000000f5580000,0x00000000f5580000,0x00000000f9580000)
  from space 10752K, 87% used [0x00000000fa000000,0x00000000fa9258b8,0x00000000faa80000)
  to   space 10752K, 0% used [0x00000000f9580000,0x00000000f9580000,0x00000000fa000000)
 ParOldGen       total 175104K, used 24K [0x00000000e0000000, 0x00000000eab00000, 0x00000000f5580000)
  object space 175104K, 0% used [0x00000000e0000000,0x00000000e0006000,0x00000000eab00000)
 Metaspace       used 15191K, capacity 15644K, committed 15872K, reserved 1062912K
  class space    used 2045K, capacity 2188K, committed 2304K, reserved 1048576K
}
Event: 3.507 GC heap before
{Heap before GC invocations=3 (full 0):
 PSYoungGen      total 76288K, used 74902K [0x00000000f5580000, 0x00000000faa80000, 0x0000000100000000)
  eden space 65536K, 100% used [0x00000000f5580000,0x00000000f9580000,0x00000000f9580000)
  from space 10752K, 87% used [0x00000000fa000000,0x00000000fa9258b8,0x00000000faa80000)
  to   space 10752K, 0% used [0x00000000f9580000,0x00000000f9580000,0x00000000fa000000)
 ParOldGen       total 175104K, used 24K [0x00000000e0000000, 0x00000000eab00000, 0x00000000f5580000)
  object space 175104K, 0% used [0x00000000e0000000,0x00000000e0006000,0x00000000eab00000)
 Metaspace       used 20502K, capacity 21176K, committed 21296K, reserved 1067008K
  class space    used 2933K, capacity 3144K, committed 3200K, reserved 1048576K
Event: 3.515 GC heap after
Heap after GC invocations=3 (full 0):
 PSYoungGen      total 76288K, used 10742K [0x00000000f5580000, 0x00000000fea80000, 0x0000000100000000)
  eden space 65536K, 0% used [0x00000000f5580000,0x00000000f5580000,0x00000000f9580000)
  from space 10752K, 99% used [0x00000000f9580000,0x00000000f9ffd8e0,0x00000000fa000000)
  to   space 10752K, 0% used [0x00000000fe000000,0x00000000fe000000,0x00000000fea80000)
 ParOldGen       total 175104K, used 936K [0x00000000e0000000, 0x00000000eab00000, 0x00000000f5580000)
  object space 175104K, 0% used [0x00000000e0000000,0x00000000e00ea0d0,0x00000000eab00000)
 Metaspace       used 20502K, capacity 21176K, committed 21296K, reserved 1067008K
  class space    used 2933K, capacity 3144K, committed 3200K, reserved 1048576K
}
Event: 3.527 GC heap before
{Heap before GC invocations=4 (full 0):
 PSYoungGen      total 76288K, used 11599K [0x00000000f5580000, 0x00000000fea80000, 0x0000000100000000)
  eden space 65536K, 1% used [0x00000000f5580000,0x00000000f5656470,0x00000000f9580000)
  from space 10752K, 99% used [0x00000000f9580000,0x00000000f9ffd8e0,0x00000000fa000000)
  to   space 10752K, 0% used [0x00000000fe000000,0x00000000fe000000,0x00000000fea80000)
 ParOldGen       total 175104K, used 936K [0x00000000e0000000, 0x00000000eab00000, 0x00000000f5580000)
  object space 175104K, 0% used [0x00000000e0000000,0x00000000e00ea0d0,0x00000000eab00000)
 Metaspace       used 20578K, capacity 21208K, committed 21296K, reserved 1067008K
  class space    used 2946K, capacity 3176K, committed 3200K, reserved 1048576K
Event: 3.532 GC heap after
Heap after GC invocations=4 (full 0):
 PSYoungGen      total 141824K, used 6788K [0x00000000f5580000, 0x00000000fea80000, 0x0000000100000000)
  eden space 131072K, 0% used [0x00000000f5580000,0x00000000f5580000,0x00000000fd580000)
  from space 10752K, 63% used [0x00000000fe000000,0x00000000fe6a1050,0x00000000fea80000)
  to   space 10752K, 0% used [0x00000000fd580000,0x00000000fd580000,0x00000000fe000000)
 ParOldGen       total 175104K, used 944K [0x00000000e0000000, 0x00000000eab00000, 0x00000000f5580000)
  object space 175104K, 0% used [0x00000000e0000000,0x00000000e00ec0d0,0x00000000eab00000)
 Metaspace       used 20578K, capacity 21208K, committed 21296K, reserved 1067008K
  class space    used 2946K, capacity 3176K, committed 3200K, reserved 1048576K
}
Event: 3.532 GC heap before
{Heap before GC invocations=5 (full 1):
 PSYoungGen      total 141824K, used 6788K [0x00000000f5580000, 0x00000000fea80000, 0x0000000100000000)
  eden space 131072K, 0% used [0x00000000f5580000,0x00000000f5580000,0x00000000fd580000)
  from space 10752K, 63% used [0x00000000fe000000,0x00000000fe6a1050,0x00000000fea80000)
  to   space 10752K, 0% used [0x00000000fd580000,0x00000000fd580000,0x00000000fe000000)
 ParOldGen       total 175104K, used 944K [0x00000000e0000000, 0x00000000eab00000, 0x00000000f5580000)
  object space 175104K, 0% used [0x00000000e0000000,0x00000000e00ec0d0,0x00000000eab00000)
 Metaspace       used 20578K, capacity 21208K, committed 21296K, reserved 1067008K
  class space    used 2946K, capacity 3176K, committed 3200K, reserved 1048576K
Event: 3.555 GC heap after
Heap after GC invocations=5 (full 1):
 PSYoungGen      total 141824K, used 0K [0x00000000f5580000, 0x00000000fea80000, 0x0000000100000000)
  eden space 131072K, 0% used [0x00000000f5580000,0x00000000f5580000,0x00000000fd580000)
  from space 10752K, 0% used [0x00000000fe000000,0x00000000fe000000,0x00000000fea80000)
  to   space 10752K, 0% used [0x00000000fd580000,0x00000000fd580000,0x00000000fe000000)
 ParOldGen       total 175104K, used 6615K [0x00000000e0000000, 0x00000000eab00000, 0x00000000f5580000)
  object space 175104K, 3% used [0x00000000e0000000,0x00000000e0675dc8,0x00000000eab00000)
 Metaspace       used 20578K, capacity 21208K, committed 21296K, reserved 1067008K
  class space    used 2946K, capacity 3176K, committed 3200K, reserved 1048576K
}

Deoptimization events (10 events):
Event: 3.110 Thread 0x000001aa9413a800 Uncommon trap: reason=unstable_if action=reinterpret pc=0x000001aa8031fae4 method=java.io.File.getName()Ljava/lang/String; @ 16
Event: 3.110 Thread 0x000001aa9413a800 Uncommon trap: reason=unstable_if action=reinterpret pc=0x000001aa8031d29c method=java.lang.String.substring(I)Ljava/lang/String; @ 35
Event: 3.328 Thread 0x000001aa9413a800 Uncommon trap: reason=unstable_if action=reinterpret pc=0x000001aa8025c790 method=java.util.HashMap.getNode(ILjava/lang/Object;)Ljava/util/HashMap$Node; @ 129
Event: 3.521 Thread 0x000001aa9413a800 Uncommon trap: reason=unstable_if action=reinterpret pc=0x000001aa804cb0b0 method=java.util.HashMap.hash(Ljava/lang/Object;)I @ 1
Event: 3.617 Thread 0x000001aa9413a800 Uncommon trap: reason=unstable_if action=reinterpret pc=0x000001aa802f0850 method=java.io.WinNTFileSystem.resolve(Ljava/lang/String;Ljava/lang/String;)Ljava/lang/String; @ 49
Event: 3.636 Thread 0x000001aa9413a800 Uncommon trap: reason=unstable_if action=reinterpret pc=0x000001aa80388930 method=java.util.LinkedHashMap.afterNodeInsertion(Z)V @ 1
Event: 3.832 Thread 0x000001aa9413a800 Uncommon trap: reason=class_check action=maybe_recompile pc=0x000001aa8025dde0 method=sun.misc.URLClassPath.getLoader(I)Lsun/misc/URLClassPath$Loader; @ 94
Event: 3.832 Thread 0x000001aa9413a800 Uncommon trap: reason=class_check action=maybe_recompile pc=0x000001aa805d3df8 method=sun.misc.URLClassPath.getResource(Ljava/lang/String;Z)Lsun/misc/Resource; @ 62
Event: 3.832 Thread 0x000001aa9413a800 Uncommon trap: reason=unstable_if action=reinterpret pc=0x000001aa804db128 method=java.lang.String.regionMatches(ZILjava/lang/String;II)Z @ 41
Event: 3.834 Thread 0x000001aa9413a800 Uncommon trap: reason=unstable_if action=reinterpret pc=0x000001aa804e6534 method=java.lang.ClassLoader.getClassLoadingLock(Ljava/lang/String;)Ljava/lang/Object; @ 6

Classes redefined (0 events):
No events

Internal exceptions (10 events):
Event: 2.732 Thread 0x000001aa94095000 Exception <a 'java/lang/NoSuchMethodError': <clinit>> (0x00000000f73deae8) thrown at [J:\jenkins\tmp\workspace\build\src\hotspot\src\share\vm\prims\jni.cpp, line 1616]
Event: 2.735 Thread 0x000001aa94095000 Exception <a 'java/lang/NoSuchMethodError': <clinit>> (0x00000000f7413a68) thrown at [J:\jenkins\tmp\workspace\build\src\hotspot\src\share\vm\prims\jni.cpp, line 1616]
Event: 2.736 Thread 0x000001aa94095000 Exception <a 'java/lang/NoSuchMethodError': <clinit>> (0x00000000f741fb50) thrown at [J:\jenkins\tmp\workspace\build\src\hotspot\src\share\vm\prims\jni.cpp, line 1616]
Event: 3.138 Thread 0x000001aa9413a800 Exception <a 'java/lang/NoSuchMethodError': java.lang.Object.lambda$and$0(Ljava/util/function/Predicate;Ljava/lang/Object;)Z> (0x00000000f6a7ebc0) thrown at [J:\jenkins\tmp\workspace\build\src\hotspot\src\share\vm\interpreter\linkResolver.cpp, line 620]
Event: 3.142 Thread 0x000001aa9413a800 Exception <a 'java/lang/IncompatibleClassChangeError': Found class java.lang.Object, but interface was expected> (0x00000000f6a8f3b0) thrown at [J:\jenkins\tmp\workspace\build\src\hotspot\src\share\vm\interpreter\linkResolver.cpp, line 653]
Event: 3.143 Thread 0x000001aa9413a800 Exception <a 'java/lang/NoSuchMethodError': java.lang.Object.lambda$or$2(Ljava/util/function/Predicate;Ljava/lang/Object;)Z> (0x00000000f6a94310) thrown at [J:\jenkins\tmp\workspace\build\src\hotspot\src\share\vm\interpreter\linkResolver.cpp, line 620]
Event: 3.155 Thread 0x000001aa9413a800 Exception <a 'java/lang/NoSuchMethodError': java.lang.Object.lambda$static$0()Ljava/lang/String;> (0x00000000f6be2438) thrown at [J:\jenkins\tmp\workspace\build\src\hotspot\src\share\vm\interpreter\linkResolver.cpp, line 620]
Event: 3.295 Thread 0x000001aa9413a800 Exception <a 'java/lang/NoSuchMethodError': java.lang.Object.lambda$withReadOnlyCache$0(Ljava/util/function/BiFunction;Lorg/gradle/api/internal/artifacts/ivyservice/ArtifactCacheMetadata;)Ljava/lang/Object;> (0x00000000f7ba0638) thrown at [J:\jenkins\tmp\
Event: 3.521 Thread 0x000001aa9413a800 Implicit null exception at 0x000001aa804cae95 to 0x000001aa804cb0a1
Event: 3.592 Thread 0x000001aa9413a800 Exception <a 'java/lang/NoSuchMethodError': java.lang.Object.lambda$static$0(Lorg/gradle/api/internal/artifacts/ivyservice/ivyresolve/ModuleComponentRepository;Ljava/lang/String;Lorg/gradle/api/internal/artifacts/configurations/ResolutionStrategyInternal;

Events (10 events):
Event: 3.929 loading class org/codehaus/groovy/runtime/dgmimpl/arrays/DoubleArrayGetAtMetaMethod
Event: 3.929 loading class org/codehaus/groovy/runtime/dgmimpl/arrays/DoubleArrayGetAtMetaMethod done
Event: 3.929 loading class org/codehaus/groovy/runtime/dgmimpl/arrays/DoubleArrayPutAtMetaMethod
Event: 3.929 loading class org/codehaus/groovy/runtime/dgmimpl/arrays/DoubleArrayPutAtMetaMethod done
Event: 3.929 loading class org/codehaus/groovy/runtime/EncodingGroovyMethods
Event: 3.929 loading class org/codehaus/groovy/runtime/EncodingGroovyMethods done
Event: 3.929 loading class org/codehaus/groovy/runtime/IOGroovyMethods
Event: 3.929 loading class org/codehaus/groovy/runtime/IOGroovyMethods done
Event: 3.930 loading class org/codehaus/groovy/runtime/ProcessGroovyMethods
Event: 3.930 loading class org/codehaus/groovy/runtime/ProcessGroovyMethods done


Dynamic libraries:
0x00007ff608b80000 - 0x00007ff608bba000 	C:\Users\User\.jdks\temurin-1.8.0_302\bin\java.exe
0x00007ff966170000 - 0x00007ff966365000 	C:\WINDOWS\SYSTEM32\ntdll.dll
0x00007ff94ef30000 - 0x00007ff94ef45000 	C:\Program Files\AVAST Software\Avast\aswhook.dll
0x00007ff965f70000 - 0x00007ff96602e000 	C:\WINDOWS\System32\KERNEL32.DLL
0x00007ff963b10000 - 0x00007ff963dd9000 	C:\WINDOWS\System32\KERNELBASE.dll
0x00007ff965cc0000 - 0x00007ff965d6c000 	C:\WINDOWS\System32\ADVAPI32.dll
0x00007ff964a60000 - 0x00007ff964afe000 	C:\WINDOWS\System32\msvcrt.dll
0x00007ff965ec0000 - 0x00007ff965f5b000 	C:\WINDOWS\System32\sechost.dll
0x00007ff964190000 - 0x00007ff9642ba000 	C:\WINDOWS\System32\RPCRT4.dll
0x00007ff965280000 - 0x00007ff965421000 	C:\WINDOWS\System32\USER32.dll
0x00007ff963960000 - 0x00007ff963982000 	C:\WINDOWS\System32\win32u.dll
0x00007ff965db0000 - 0x00007ff965ddb000 	C:\WINDOWS\System32\GDI32.dll
0x00007ff963de0000 - 0x00007ff963eeb000 	C:\WINDOWS\System32\gdi32full.dll
0x00007ff963a40000 - 0x00007ff963add000 	C:\WINDOWS\System32\msvcp_win.dll
0x00007ff963860000 - 0x00007ff963960000 	C:\WINDOWS\System32\ucrtbase.dll
0x00007ff950c50000 - 0x00007ff950eea000 	C:\WINDOWS\WinSxS\amd64_microsoft.windows.common-controls_6595b64144ccf1df_6.0.19041.1110_none_60b5254171f9507e\COMCTL32.dll
0x00007ff9658c0000 - 0x00007ff9658f0000 	C:\WINDOWS\System32\IMM32.DLL
0x00007ff927160000 - 0x00007ff92724f000 	C:\Users\User\.jdks\temurin-1.8.0_302\jre\bin\msvcr120.dll
0x00007ff9326c0000 - 0x00007ff932766000 	C:\Users\User\.jdks\temurin-1.8.0_302\jre\bin\msvcp120.dll
0x000000006a030000 - 0x000000006a89b000 	C:\Users\User\.jdks\temurin-1.8.0_302\jre\bin\server\jvm.dll
0x00007ff965da0000 - 0x00007ff965da8000 	C:\WINDOWS\System32\PSAPI.DLL
0x00007ff950a60000 - 0x00007ff950a69000 	C:\WINDOWS\SYSTEM32\WSOCK32.dll
0x00007ff948990000 - 0x00007ff9489b7000 	C:\WINDOWS\SYSTEM32\WINMM.dll
0x00007ff9658f0000 - 0x00007ff96595b000 	C:\WINDOWS\System32\WS2_32.dll
0x00007ff95ac30000 - 0x00007ff95ac3a000 	C:\WINDOWS\SYSTEM32\VERSION.dll
0x00007ff95dec0000 - 0x00007ff95decf000 	C:\Users\User\.jdks\temurin-1.8.0_302\jre\bin\verify.dll
0x00007ff946630000 - 0x00007ff946659000 	C:\Users\User\.jdks\temurin-1.8.0_302\jre\bin\java.dll
0x00007ff95dd90000 - 0x00007ff95dda6000 	C:\Users\User\.jdks\temurin-1.8.0_302\jre\bin\zip.dll
0x00007ff9642c0000 - 0x00007ff9649ff000 	C:\WINDOWS\System32\SHELL32.dll
0x00007ff961630000 - 0x00007ff961dc0000 	C:\WINDOWS\SYSTEM32\windows.storage.dll
0x00007ff965430000 - 0x00007ff965785000 	C:\WINDOWS\System32\combase.dll
0x00007ff9631e0000 - 0x00007ff96320c000 	C:\WINDOWS\SYSTEM32\Wldp.dll
0x00007ff965790000 - 0x00007ff96583e000 	C:\WINDOWS\System32\SHCORE.dll
0x00007ff964a00000 - 0x00007ff964a55000 	C:\WINDOWS\System32\shlwapi.dll
0x00007ff9637a0000 - 0x00007ff9637bf000 	C:\WINDOWS\SYSTEM32\profapi.dll
0x00007ff95b510000 - 0x00007ff95b52a000 	C:\Users\User\.jdks\temurin-1.8.0_302\jre\bin\net.dll
0x00007ff962ef0000 - 0x00007ff962f5a000 	C:\WINDOWS\system32\mswsock.dll
0x00007ff954360000 - 0x00007ff954372000 	C:\Users\User\.jdks\temurin-1.8.0_302\jre\bin\nio.dll
0x00007ff946660000 - 0x00007ff946687000 	C:\Users\User\.gradle\native\c976cfcca226fdd4bee4412e95191dd41148b7504f9625baeda1d523bc39a967\windows-amd64\native-platform.dll
0x00007ff95dac0000 - 0x00007ff95dacd000 	C:\Users\User\.jdks\temurin-1.8.0_302\jre\bin\management.dll
0x00007ff9630a0000 - 0x00007ff9630b8000 	C:\WINDOWS\SYSTEM32\CRYPTSP.dll
0x00007ff962880000 - 0x00007ff9628b4000 	C:\WINDOWS\system32\rsaenh.dll
0x00007ff963ae0000 - 0x00007ff963b07000 	C:\WINDOWS\System32\bcrypt.dll
0x00007ff963760000 - 0x00007ff96378e000 	C:\WINDOWS\SYSTEM32\USERENV.dll
0x00007ff963ef0000 - 0x00007ff963f73000 	C:\WINDOWS\System32\bcryptprimitives.dll
0x00007ff9630c0000 - 0x00007ff9630cc000 	C:\WINDOWS\SYSTEM32\CRYPTBASE.dll
0x00007ff962bf0000 - 0x00007ff962c2b000 	C:\WINDOWS\SYSTEM32\IPHLPAPI.DLL
0x00007ff965f60000 - 0x00007ff965f68000 	C:\WINDOWS\System32\NSI.dll
0x00007ff95c030000 - 0x00007ff95c047000 	C:\WINDOWS\SYSTEM32\dhcpcsvc6.DLL
0x00007ff95bf10000 - 0x00007ff95bf2d000 	C:\WINDOWS\SYSTEM32\dhcpcsvc.DLL
0x00007ff962c30000 - 0x00007ff962cfc000 	C:\WINDOWS\SYSTEM32\DNSAPI.dll

VM Arguments:
jvm_args: -XX:MaxMetaspaceSize=256m -XX:+HeapDumpOnOutOfMemoryError -Xms256m -Xmx512m -Dfile.encoding=windows-1252 -Duser.country=ES -Duser.language=es -Duser.variant 
java_command: org.gradle.launcher.daemon.bootstrap.GradleDaemon 6.3
java_class_path (initial): C:\Users\User\.gradle\wrapper\dists\gradle-6.3-bin\8tpu6egwsccjzp10c1jckl0rx\gradle-6.3\lib\gradle-launcher-6.3.jar
Launcher Type: SUN_STANDARD

Environment Variables:
PATH=C:\Program Files\Eclipse Foundation\jdk-8.0.302.8-hotspot\bin;C:\Program Files (x86)\Common Files\Oracle\Java\javapath;C:\Program Files (x86)\Intel\iCLS Client\;C:\Program Files\Intel\iCLS Client\;C:\WINDOWS\system32;C:\WINDOWS;C:\WINDOWS\System32\Wbem;C:\WINDOWS\System32\WindowsPowerShell\v1.0\;C:\WINDOWS\System32\OpenSSH\;C:\Program Files (x86)\Intel\Intel(R) Management Engine Components\DAL;C:\Program Files\Intel\Intel(R) Management Engine Components\DAL;C:\Program Files (x86)\Intel\Intel(R) Management Engine Components\IPT;C:\Program Files\Intel\Intel(R) Management Engine Components\IPT;C:\Program Files (x86)\Windows Live\Shared;C:\Program Files\MATLAB\R2020b\bin;C:\Program Files\AutoFirma\AutoFirma;C:\Program Files\PuTTY\;C:\Program Files\Git\cmd;C:\Users\User\AppData\Local\Microsoft\WindowsApps;C:\Users\User\AppData\Local\Programs\Microsoft VS Code\bin;C:\Users\User\AppData\Local\Programs\MiKTeX\miktex\bin\x64\;C:\Users\User\AppData\Local\GitHubDesktop\bin;C:\Program Files\JetBrains\IntelliJ IDEA 2021.2.1\bin;
USERNAME=User
OS=Windows_NT
PROCESSOR_IDENTIFIER=Intel64 Family 6 Model 142 Stepping 10, GenuineIntel



---------------  S Y S T E M  ---------------

OS: Windows 10.0 , 64 bit Build 19041 (10.0.19041.1202)

CPU:total 8 (initial active 8) (4 cores per cpu, 2 threads per core) family 6 model 142 stepping 10, cmov, cx8, fxsr, mmx, sse, sse2, sse3, ssse3, sse4.1, sse4.2, popcnt, avx, avx2, aes, clmul, erms, 3dnowpref, lzcnt, ht, tsc, tscinvbit, bmi1, bmi2, adx

Memory: 4k page, physical 8295652k(612984k free), swap 8295652k(5860k free)

vm_info: OpenJDK 64-Bit Server VM (25.302-b08) for windows-amd64 JRE (1.8.0_302-b08), built on Jul 20 2021 21:31:03 by "jenkins" with MS VC++ 12.0 (VS2013)

time: Thu Oct 07 11:52:12 2021
timezone: Hora de verano del Este
elapsed time: 3.947160 seconds (0d 0h 0m 3s)

