#
# There is insufficient memory for the Java Runtime Environment to continue.
# Native memory allocation (malloc) failed to allocate 32744 bytes for ChunkPool::allocate
# Possible reasons:
#   The system is out of physical RAM or swap space
#   The process is running with CompressedOops enabled, and the Java Heap may be blocking the growth of the native heap
# Possible solutions:
#   Reduce memory load on the system
#   Increase physical memory or swap space
#   Check if swap backing store is full
#   Decrease Java heap size (-Xmx/-Xms)
#   Decrease number of Java threads
#   Decrease Java thread stack sizes (-Xss)
#   Set larger code cache with -XX:ReservedCodeCacheSize=
#   JVM is running with Unscaled Compressed Oops mode in which the Java heap is
#     placed in the first 4GB address space. The Java Heap base address is the
#     maximum limit for the native heap growth. Please use -XX:HeapBaseMinAddress
#     to set the Java Heap base and to place the Java Heap above 4GB virtual address.
# This output file may be truncated or incomplete.
#
#  Out of Memory Error (allocation.cpp:272), pid=11772, tid=0x0000000000001754
#
# JRE version: OpenJDK Runtime Environment (8.0_302-b08) (build 1.8.0_302-b08)
# Java VM: OpenJDK 64-Bit Server VM (25.302-b08 mixed mode windows-amd64 compressed oops)
# Failed to write core dump. Minidumps are not enabled by default on client versions of Windows
#

---------------  T H R E A D  ---------------

Current thread (0x000001902f446800):  JavaThread "Daemon worker" [_thread_in_vm, id=5972, stack(0x0000003487a00000,0x0000003487b00000)]

Stack: [0x0000003487a00000,0x0000003487b00000]
[error occurred during error reporting (printing stack bounds), id 0xc0000005]

Native frames: (J=compiled Java code, j=interpreted, Vv=VM code, C=native code)

Java frames: (J=compiled Java code, j=interpreted, Vv=VM code)
J 977  java.lang.ClassLoader.defineClass1(Ljava/lang/String;[BIILjava/security/ProtectionDomain;Ljava/lang/String;)Ljava/lang/Class; (0 bytes) @ 0x000001901abd2e5f [0x000001901abd2dc0+0x9f]
J 913 C1 java.lang.ClassLoader.defineClass(Ljava/lang/String;[BIILjava/security/ProtectionDomain;)Ljava/lang/Class; (43 bytes) @ 0x000001901abaf224 [0x000001901abaec40+0x5e4]
J 641 C1 java.net.URLClassLoader.defineClass(Ljava/lang/String;Lsun/misc/Resource;)Ljava/lang/Class; (142 bytes) @ 0x000001901aa9f43c [0x000001901aa9d8c0+0x1b7c]
J 508 C1 java.net.URLClassLoader$1.run()Ljava/lang/Class; (63 bytes) @ 0x000001901aa28394 [0x000001901aa280e0+0x2b4]
J 507 C1 java.net.URLClassLoader$1.run()Ljava/lang/Object; (5 bytes) @ 0x000001901aa27d4c [0x000001901aa27cc0+0x8c]
v  ~StubRoutines::call_stub
J 430  java.security.AccessController.doPrivileged(Ljava/security/PrivilegedExceptionAction;Ljava/security/AccessControlContext;)Ljava/lang/Object; (0 bytes) @ 0x000001901aa03266 [0x000001901aa03200+0x66]
J 1447 C2 java.net.URLClassLoader.findClass(Ljava/lang/String;)Ljava/lang/Class; (47 bytes) @ 0x000001901ad13730 [0x000001901ad136a0+0x90]
J 1473 C1 org.gradle.internal.classloader.TransformingClassLoader.findClass(Ljava/lang/String;)Ljava/lang/Class; (203 bytes) @ 0x000001901ad34444 [0x000001901ad32bc0+0x1884]
J 1385 C2 java.lang.ClassLoader.loadClass(Ljava/lang/String;Z)Ljava/lang/Class; (122 bytes) @ 0x000001901acf26a0 [0x000001901acf1680+0x1020]
J 455 C1 java.lang.ClassLoader.loadClass(Ljava/lang/String;)Ljava/lang/Class; (7 bytes) @ 0x000001901aa0ffcc [0x000001901aa0fec0+0x10c]
v  ~StubRoutines::call_stub
j  org.gradle.internal.resource.transport.aws.s3.S3ResourcesPluginServiceRegistry$AuthenticationSchemeAction.configure(Lorg/gradle/internal/service/ServiceRegistration;Lorg/gradle/internal/authentication/AuthenticationSchemeRegistry;)V+3
v  ~StubRoutines::call_stub
j  sun.reflect.NativeMethodAccessorImpl.invoke0(Ljava/lang/reflect/Method;Ljava/lang/Object;[Ljava/lang/Object;)Ljava/lang/Object;+0
j  sun.reflect.NativeMethodAccessorImpl.invoke(Ljava/lang/Object;[Ljava/lang/Object;)Ljava/lang/Object;+100
J 1184 C1 sun.reflect.DelegatingMethodAccessorImpl.invoke(Ljava/lang/Object;[Ljava/lang/Object;)Ljava/lang/Object; (10 bytes) @ 0x000001901ac698c4 [0x000001901ac697c0+0x104]
J 1183 C1 java.lang.reflect.Method.invoke(Ljava/lang/Object;[Ljava/lang/Object;)Ljava/lang/Object; (62 bytes) @ 0x000001901ac692ec [0x000001901ac68f00+0x3ec]
j  org.gradle.internal.reflect.JavaMethod.invoke(Ljava/lang/Object;[Ljava/lang/Object;)Ljava/lang/Object;+6
j  org.gradle.internal.service.ReflectionBasedServiceMethod.invoke(Ljava/lang/Object;[Ljava/lang/Object;)Ljava/lang/Object;+6
j  org.gradle.internal.service.DefaultServiceRegistry.applyConfigureMethod(Lorg/gradle/internal/service/ServiceMethod;Ljava/lang/Object;)V+140
j  org.gradle.internal.service.DefaultServiceRegistry.findProviderMethods(Ljava/lang/Object;)V+196
j  org.gradle.internal.service.DefaultServiceRegistry.addProvider(Ljava/lang/Object;)Lorg/gradle/internal/service/DefaultServiceRegistry;+6
j  org.gradle.internal.service.DefaultServiceRegistry$1.addProvider(Ljava/lang/Object;)V+5
j  org.gradle.internal.resource.transport.aws.s3.S3ResourcesPluginServiceRegistry.registerBuildServices(Lorg/gradle/internal/service/ServiceRegistration;)V+9
j  org.gradle.internal.service.scopes.BuildScopeServices.lambda$new$0(Lorg/gradle/internal/service/ServiceRegistry;Lorg/gradle/internal/service/ServiceRegistration;)V+59
j  org.gradle.internal.service.scopes.BuildScopeServices$$Lambda$23.execute(Ljava/lang/Object;)V+8
j  org.gradle.internal.service.DefaultServiceRegistry.register(Lorg/gradle/api/Action;)V+9
j  org.gradle.internal.service.scopes.BuildScopeServices.<init>(Lorg/gradle/internal/service/ServiceRegistry;)V+31
j  org.gradle.initialization.DefaultGradleLauncherFactory.doNewInstance(Lorg/gradle/api/internal/BuildDefinition;Lorg/gradle/internal/build/BuildState;Lorg/gradle/initialization/GradleLauncher;Lorg/gradle/internal/service/scopes/BuildTreeScopeServices;Ljava/util/List;)Lorg/gradle/initialization/DefaultGradleLauncher;+6
j  org.gradle.initialization.DefaultGradleLauncherFactory.newInstance(Lorg/gradle/api/internal/BuildDefinition;Lorg/gradle/internal/build/RootBuildState;Lorg/gradle/internal/service/scopes/BuildTreeScopeServices;)Lorg/gradle/initialization/GradleLauncher;+33
j  org.gradle.composite.internal.DefaultRootBuildState.<init>(Lorg/gradle/api/internal/BuildDefinition;Lorg/gradle/initialization/GradleLauncherFactory;Lorg/gradle/internal/event/ListenerManager;Lorg/gradle/internal/service/scopes/BuildTreeScopeServices;)V+15
j  org.gradle.composite.internal.DefaultIncludedBuildRegistry.createRootBuild(Lorg/gradle/api/internal/BuildDefinition;)Lorg/gradle/internal/build/RootBuildState;+35
j  org.gradle.launcher.exec.InProcessBuildActionExecuter.execute(Lorg/gradle/internal/invocation/BuildAction;Lorg/gradle/initialization/BuildRequestContext;Lorg/gradle/launcher/exec/BuildActionParameters;Lorg/gradle/internal/service/ServiceRegistry;)Lorg/gradle/launcher/exec/BuildActionResult;+61
j  org.gradle.launcher.exec.InProcessBuildActionExecuter.execute(Lorg/gradle/internal/invocation/BuildAction;Lorg/gradle/initialization/BuildRequestContext;Ljava/lang/Object;Lorg/gradle/internal/service/ServiceRegistry;)Lorg/gradle/launcher/exec/BuildActionResult;+9
j  org.gradle.launcher.exec.BuildTreeScopeBuildActionExecuter.execute(Lorg/gradle/internal/invocation/BuildAction;Lorg/gradle/initialization/BuildRequestContext;Lorg/gradle/launcher/exec/BuildActionParameters;Lorg/gradle/internal/service/ServiceRegistry;)Lorg/gradle/launcher/exec/BuildActionResult;+38
j  org.gradle.launcher.exec.BuildTreeScopeBuildActionExecuter.execute(Lorg/gradle/internal/invocation/BuildAction;Lorg/gradle/initialization/BuildRequestContext;Ljava/lang/Object;Lorg/gradle/internal/service/ServiceRegistry;)Lorg/gradle/launcher/exec/BuildActionResult;+9
j  org.gradle.tooling.internal.provider.ContinuousBuildActionExecuter.execute(Lorg/gradle/internal/invocation/BuildAction;Lorg/gradle/initialization/BuildRequestContext;Lorg/gradle/launcher/exec/BuildActionParameters;Lorg/gradle/internal/service/ServiceRegistry;)Lorg/gradle/launcher/exec/BuildActionResult;+58
j  org.gradle.tooling.internal.provider.ContinuousBuildActionExecuter.execute(Lorg/gradle/internal/invocation/BuildAction;Lorg/gradle/initialization/BuildRequestContext;Ljava/lang/Object;Lorg/gradle/internal/service/ServiceRegistry;)Lorg/gradle/launcher/exec/BuildActionResult;+9
j  org.gradle.tooling.internal.provider.SubscribableBuildActionExecuter.execute(Lorg/gradle/internal/invocation/BuildAction;Lorg/gradle/initialization/BuildRequestContext;Lorg/gradle/launcher/exec/BuildActionParameters;Lorg/gradle/internal/service/ServiceRegistry;)Lorg/gradle/launcher/exec/BuildActionResult;+41
j  org.gradle.tooling.internal.provider.SubscribableBuildActionExecuter.execute(Lorg/gradle/internal/invocation/BuildAction;Lorg/gradle/initialization/BuildRequestContext;Ljava/lang/Object;Lorg/gradle/internal/service/ServiceRegistry;)Lorg/gradle/launcher/exec/BuildActionResult;+9
j  org.gradle.tooling.internal.provider.SessionScopeBuildActionExecuter.execute(Lorg/gradle/internal/invocation/BuildAction;Lorg/gradle/initialization/BuildRequestContext;Lorg/gradle/launcher/exec/BuildActionParameters;Lorg/gradle/internal/service/ServiceRegistry;)Lorg/gradle/launcher/exec/BuildActionResult;+117
j  org.gradle.tooling.internal.provider.SessionScopeBuildActionExecuter.execute(Lorg/gradle/internal/invocation/BuildAction;Lorg/gradle/initialization/BuildRequestContext;Ljava/lang/Object;Lorg/gradle/internal/service/ServiceRegistry;)Lorg/gradle/launcher/exec/BuildActionResult;+9
j  org.gradle.tooling.internal.provider.GradleThreadBuildActionExecuter.execute(Lorg/gradle/internal/invocation/BuildAction;Lorg/gradle/initialization/BuildRequestContext;Lorg/gradle/launcher/exec/BuildActionParameters;Lorg/gradle/internal/service/ServiceRegistry;)Lorg/gradle/launcher/exec/BuildActionResult;+12
j  org.gradle.tooling.internal.provider.GradleThreadBuildActionExecuter.execute(Lorg/gradle/internal/invocation/BuildAction;Lorg/gradle/initialization/BuildRequestContext;Ljava/lang/Object;Lorg/gradle/internal/service/ServiceRegistry;)Lorg/gradle/launcher/exec/BuildActionResult;+9
j  org.gradle.tooling.internal.provider.ParallelismConfigurationBuildActionExecuter.execute(Lorg/gradle/internal/invocation/BuildAction;Lorg/gradle/initialization/BuildRequestContext;Lorg/gradle/launcher/exec/BuildActionParameters;Lorg/gradle/internal/service/ServiceRegistry;)Lorg/gradle/launcher/exec/BuildActionResult;+43
j  org.gradle.tooling.internal.provider.ParallelismConfigurationBuildActionExecuter.execute(Lorg/gradle/internal/invocation/BuildAction;Lorg/gradle/initialization/BuildRequestContext;Ljava/lang/Object;Lorg/gradle/internal/service/ServiceRegistry;)Lorg/gradle/launcher/exec/BuildActionResult;+9
j  org.gradle.tooling.internal.provider.StartParamsValidatingActionExecuter.execute(Lorg/gradle/internal/invocation/BuildAction;Lorg/gradle/initialization/BuildRequestContext;Lorg/gradle/launcher/exec/BuildActionParameters;Lorg/gradle/internal/service/ServiceRegistry;)Lorg/gradle/launcher/exec/BuildActionResult;+177
j  org.gradle.tooling.internal.provider.StartParamsValidatingActionExecuter.execute(Lorg/gradle/internal/invocation/BuildAction;Lorg/gradle/initialization/BuildRequestContext;Ljava/lang/Object;Lorg/gradle/internal/service/ServiceRegistry;)Lorg/gradle/launcher/exec/BuildActionResult;+9
j  org.gradle.tooling.internal.provider.SessionFailureReportingActionExecuter.execute(Lorg/gradle/internal/invocation/BuildAction;Lorg/gradle/initialization/BuildRequestContext;Lorg/gradle/launcher/exec/BuildActionParameters;Lorg/gradle/internal/service/ServiceRegistry;)Lorg/gradle/launcher/exec/BuildActionResult;+9
j  org.gradle.tooling.internal.provider.SessionFailureReportingActionExecuter.execute(Lorg/gradle/internal/invocation/BuildAction;Lorg/gradle/initialization/BuildRequestContext;Ljava/lang/Object;Lorg/gradle/internal/service/ServiceRegistry;)Lorg/gradle/launcher/exec/BuildActionResult;+9
j  org.gradle.tooling.internal.provider.SetupLoggingActionExecuter.execute(Lorg/gradle/internal/invocation/BuildAction;Lorg/gradle/initialization/BuildRequestContext;Lorg/gradle/launcher/exec/BuildActionParameters;Lorg/gradle/internal/service/ServiceRegistry;)Lorg/gradle/launcher/exec/BuildActionResult;+52
j  org.gradle.tooling.internal.provider.SetupLoggingActionExecuter.execute(Lorg/gradle/internal/invocation/BuildAction;Lorg/gradle/initialization/BuildRequestContext;Ljava/lang/Object;Lorg/gradle/internal/service/ServiceRegistry;)Lorg/gradle/launcher/exec/BuildActionResult;+9
j  org.gradle.launcher.daemon.server.exec.ExecuteBuild.doBuild(Lorg/gradle/launcher/daemon/server/api/DaemonCommandExecution;Lorg/gradle/launcher/daemon/protocol/Build;)V+118
j  org.gradle.launcher.daemon.server.exec.BuildCommandOnly.execute(Lorg/gradle/launcher/daemon/server/api/DaemonCommandExecution;)V+49
j  org.gradle.launcher.daemon.server.api.DaemonCommandExecution.proceed()Z+23
j  org.gradle.launcher.daemon.server.exec.WatchForDisconnection.execute(Lorg/gradle/launcher/daemon/server/api/DaemonCommandExecution;)V+19
j  org.gradle.launcher.daemon.server.api.DaemonCommandExecution.proceed()Z+23
j  org.gradle.launcher.daemon.server.exec.ResetDeprecationLogger.execute(Lorg/gradle/launcher/daemon/server/api/DaemonCommandExecution;)V+7
j  org.gradle.launcher.daemon.server.api.DaemonCommandExecution.proceed()Z+23
j  org.gradle.launcher.daemon.server.exec.RequestStopIfSingleUsedDaemon.execute(Lorg/gradle/launcher/daemon/server/api/DaemonCommandExecution;)V+33
j  org.gradle.launcher.daemon.server.api.DaemonCommandExecution.proceed()Z+23
j  org.gradle.launcher.daemon.server.exec.ForwardClientInput$2.create()Ljava/lang/Void;+4
j  org.gradle.launcher.daemon.server.exec.ForwardClientInput$2.create()Ljava/lang/Object;+1
j  org.gradle.util.Swapper.swap(Ljava/lang/Object;Lorg/gradle/internal/Factory;)Ljava/lang/Object;+21
j  org.gradle.launcher.daemon.server.exec.ForwardClientInput.execute(Lorg/gradle/launcher/daemon/server/api/DaemonCommandExecution;)V+63
j  org.gradle.launcher.daemon.server.api.DaemonCommandExecution.proceed()Z+23
j  org.gradle.launcher.daemon.server.exec.LogAndCheckHealth.execute(Lorg/gradle/launcher/daemon/server/api/DaemonCommandExecution;)V+28
j  org.gradle.launcher.daemon.server.api.DaemonCommandExecution.proceed()Z+23
j  org.gradle.launcher.daemon.server.exec.LogToClient.doBuild(Lorg/gradle/launcher/daemon/server/api/DaemonCommandExecution;Lorg/gradle/launcher/daemon/protocol/Build;)V+87
j  org.gradle.launcher.daemon.server.exec.BuildCommandOnly.execute(Lorg/gradle/launcher/daemon/server/api/DaemonCommandExecution;)V+49
j  org.gradle.launcher.daemon.server.api.DaemonCommandExecution.proceed()Z+23
j  org.gradle.launcher.daemon.server.exec.EstablishBuildEnvironment.doBuild(Lorg/gradle/launcher/daemon/server/api/DaemonCommandExecution;Lorg/gradle/launcher/daemon/protocol/Build;)V+351
j  org.gradle.launcher.daemon.server.exec.BuildCommandOnly.execute(Lorg/gradle/launcher/daemon/server/api/DaemonCommandExecution;)V+49
j  org.gradle.launcher.daemon.server.api.DaemonCommandExecution.proceed()Z+23
j  org.gradle.launcher.daemon.server.exec.StartBuildOrRespondWithBusy$1.run()V+44
j  org.gradle.launcher.daemon.server.DaemonStateCoordinator$1.run()V+4
j  org.gradle.internal.concurrent.ExecutorPolicy$CatchAndRecordFailures.onExecute(Ljava/lang/Runnable;)V+1
j  org.gradle.internal.concurrent.ManagedExecutorImpl$1.run()V+25
j  java.util.concurrent.ThreadPoolExecutor.runWorker(Ljava/util/concurrent/ThreadPoolExecutor$Worker;)V+95
j  java.util.concurrent.ThreadPoolExecutor$Worker.run()V+5
j  org.gradle.internal.concurrent.ThreadFactoryImpl$ManagedThreadRunnable.run()V+7
j  java.lang.Thread.run()V+11
v  ~StubRoutines::call_stub

---------------  P R O C E S S  ---------------

Java Threads: ( => current thread )
  0x000001902f491800 JavaThread "Cache worker for file hash cache (C:\Users\User\.gradle\caches\6.3\fileHashes)" [_thread_blocked, id=3948, stack(0x0000003488000000,0x0000003488100000)]
  0x000001902f490800 JavaThread "File lock request listener" [_thread_in_native, id=4960, stack(0x0000003487f00000,0x0000003488000000)]
  0x000001902f48e800 JavaThread "Cache worker for journal cache (C:\Users\User\.gradle\caches\journal-1)" [_thread_blocked, id=12880, stack(0x0000003487e00000,0x0000003487f00000)]
  0x000001902f443000 JavaThread "Thread-9" [_thread_blocked, id=16536, stack(0x0000003487d00000,0x0000003487e00000)]
  0x000001902f44f800 JavaThread "Stdin handler" [_thread_blocked, id=9048, stack(0x0000003487c00000,0x0000003487d00000)]
  0x000001902f448800 JavaThread "Asynchronous log dispatcher for DefaultDaemonConnection: socket connection from /127.0.0.1:59836 to /127.0.0.1:59837" [_thread_blocked, id=16960, stack(0x0000003487b00000,0x0000003487c00000)]
=>0x000001902f446800 JavaThread "Daemon worker" [_thread_in_vm, id=5972, stack(0x0000003487a00000,0x0000003487b00000)]
  0x000001902f34e000 JavaThread "Cancel handler" [_thread_blocked, id=9968, stack(0x0000003487900000,0x0000003487a00000)]
  0x000001902f2e6000 JavaThread "Handler for socket connection from /127.0.0.1:59836 to /127.0.0.1:59837" [_thread_in_native, id=14176, stack(0x0000003487800000,0x0000003487900000)]
  0x000001902f38e000 JavaThread "Daemon" [_thread_blocked, id=1712, stack(0x0000003487700000,0x0000003487800000)]
  0x000001902f437800 JavaThread "Daemon periodic checks" [_thread_blocked, id=11748, stack(0x0000003487600000,0x0000003487700000)]
  0x000001902f312800 JavaThread "Incoming local TCP Connector on port 59836" [_thread_in_native, id=14672, stack(0x0000003487500000,0x0000003487600000)]
  0x000001902f2c6800 JavaThread "Daemon health stats" [_thread_blocked, id=16740, stack(0x0000003487400000,0x0000003487500000)]
  0x000001902c439800 JavaThread "Service Thread" daemon [_thread_blocked, id=3920, stack(0x0000003487200000,0x0000003487300000)]
  0x000001902c427000 JavaThread "C1 CompilerThread3" daemon [_thread_blocked, id=9236, stack(0x0000003487100000,0x0000003487200000)]
  0x000001902c416000 JavaThread "C2 CompilerThread2" daemon [_thread_blocked, id=10832, stack(0x0000003487000000,0x0000003487100000)]
  0x000001902c3c1800 JavaThread "C2 CompilerThread1" daemon [_thread_in_native, id=8684, stack(0x0000003486f00000,0x0000003487000000)]
  0x000001902c3c7800 JavaThread "C2 CompilerThread0" daemon [_thread_in_native, id=296, stack(0x0000003486e00000,0x0000003486f00000)]
  0x000001902c3b8800 JavaThread "Attach Listener" daemon [_thread_blocked, id=1892, stack(0x0000003486d00000,0x0000003486e00000)]
  0x000001902c3b5800 JavaThread "Signal Dispatcher" daemon [_thread_blocked, id=5924, stack(0x0000003486c00000,0x0000003486d00000)]
  0x000001902b79c000 JavaThread "Finalizer" daemon [_thread_blocked, id=4936, stack(0x0000003486b00000,0x0000003486c00000)]
  0x000001902b79a800 JavaThread "Reference Handler" daemon [_thread_blocked, id=11956, stack(0x0000003486a00000,0x0000003486b00000)]
  0x0000019018f64000 JavaThread "main" [_thread_blocked, id=2524, stack(0x0000003486000000,0x0000003486100000)]

Other Threads:
  0x000001902c366800 VMThread [stack: 0x0000003486900000,0x0000003486a00000] [id=15812]
  0x000001902d7a3800 WatcherThread [stack: 0x0000003487300000,0x0000003487400000] [id=6220]

VM state:not at safepoint (normal execution)

VM Mutex/Monitor currently owned by a thread: None

heap address: 0x00000000e0000000, size: 512 MB, Compressed Oops mode: 32-bit
Narrow klass base: 0x0000000000000000, Narrow klass shift: 3
Compressed class space size: 1073741824 Address: 0x0000000100000000

Heap:
 PSYoungGen      total 76288K, used 26389K [0x00000000f5580000, 0x00000000faa80000, 0x0000000100000000)
  eden space 65536K, 25% used [0x00000000f5580000,0x00000000f661e5b8,0x00000000f9580000)
  from space 10752K, 87% used [0x00000000fa000000,0x00000000fa926fc8,0x00000000faa80000)
  to   space 10752K, 0% used [0x00000000f9580000,0x00000000f9580000,0x00000000fa000000)
 ParOldGen       total 175104K, used 24K [0x00000000e0000000, 0x00000000eab00000, 0x00000000f5580000)
  object space 175104K, 0% used [0x00000000e0000000,0x00000000e0006000,0x00000000eab00000)
 Metaspace       used 15939K, capacity 16392K, committed 16512K, reserved 1062912K
  class space    used 2204K, capacity 2352K, committed 2432K, reserved 1048576K

Card table byte_map: [0x0000019029bd0000,0x0000019029ce0000] byte_map_base: 0x00000190294d0000

Marking Bits: (ParMarkBitMap*) 0x0000000060a1c820
 Begin Bits: [0x0000019029d90000, 0x000001902a590000)
 End Bits:   [0x000001902a590000, 0x000001902ad90000)

Polling page: 0x000001901a7e0000

CodeCache: size=245760Kb used=5294Kb max_used=5304Kb free=240465Kb
 bounds [0x000001901a810000, 0x000001901ad50000, 0x0000019029810000]
 total_blobs=1878 nmethods=1485 adapters=305
 compilation: enabled

Compilation events (10 events):
Event: 3.890 Thread 0x000001902c427000 nmethod 1483 0x000001901ad2d250 code [0x000001901ad2d3a0, 0x000001901ad2d4b8]
Event: 3.891 Thread 0x000001902c427000 1484       3       org.gradle.internal.service.AbstractServiceMethod::<init> (42 bytes)
Event: 3.893 Thread 0x000001902c427000 nmethod 1484 0x000001901ad39290 code [0x000001901ad39500, 0x000001901ad3a810]
Event: 3.900 Thread 0x000001902c427000 1485       3       java.lang.Class::forName (53 bytes)
Event: 3.900 Thread 0x000001902c427000 nmethod 1485 0x000001901ad3b350 code [0x000001901ad3b500, 0x000001901ad3bbb0]
Event: 3.903 Thread 0x000001902c3c7800 1486   !   4       java.net.URLClassLoader$1::run (63 bytes)
Event: 3.910 Thread 0x000001902c427000 1487       3       java.io.WinNTFileSystem::parentOrNull (171 bytes)
Event: 3.911 Thread 0x000001902c427000 nmethod 1487 0x000001901ad3bdd0 code [0x000001901ad3c000, 0x000001901ad3cd80]
Event: 3.912 Thread 0x000001902c416000 1488       4       java.lang.Object::equals (11 bytes)
Event: 3.912 Thread 0x000001902c416000 nmethod 1488 0x000001901ad3ff10 code [0x000001901ad40040, 0x000001901ad400b8]

GC Heap History (4 events):
Event: 1.100 GC heap before
{Heap before GC invocations=1 (full 0):
 PSYoungGen      total 76288K, used 65536K [0x00000000f5580000, 0x00000000faa80000, 0x0000000100000000)
  eden space 65536K, 100% used [0x00000000f5580000,0x00000000f9580000,0x00000000f9580000)
  from space 10752K, 0% used [0x00000000fa000000,0x00000000fa000000,0x00000000faa80000)
  to   space 10752K, 0% used [0x00000000f9580000,0x00000000f9580000,0x00000000fa000000)
 ParOldGen       total 175104K, used 0K [0x00000000e0000000, 0x00000000eab00000, 0x00000000f5580000)
  object space 175104K, 0% used [0x00000000e0000000,0x00000000e0000000,0x00000000eab00000)
 Metaspace       used 7731K, capacity 8034K, committed 8320K, reserved 1056768K
  class space    used 970K, capacity 1081K, committed 1152K, reserved 1048576K
Event: 1.105 GC heap after
Heap after GC invocations=1 (full 0):
 PSYoungGen      total 76288K, used 5781K [0x00000000f5580000, 0x00000000faa80000, 0x0000000100000000)
  eden space 65536K, 0% used [0x00000000f5580000,0x00000000f5580000,0x00000000f9580000)
  from space 10752K, 53% used [0x00000000f9580000,0x00000000f9b254d8,0x00000000fa000000)
  to   space 10752K, 0% used [0x00000000fa000000,0x00000000fa000000,0x00000000faa80000)
 ParOldGen       total 175104K, used 16K [0x00000000e0000000, 0x00000000eab00000, 0x00000000f5580000)
  object space 175104K, 0% used [0x00000000e0000000,0x00000000e0004000,0x00000000eab00000)
 Metaspace       used 7731K, capacity 8034K, committed 8320K, reserved 1056768K
  class space    used 970K, capacity 1081K, committed 1152K, reserved 1048576K
}
Event: 3.799 GC heap before
{Heap before GC invocations=2 (full 0):
 PSYoungGen      total 76288K, used 71317K [0x00000000f5580000, 0x00000000faa80000, 0x0000000100000000)
  eden space 65536K, 100% used [0x00000000f5580000,0x00000000f9580000,0x00000000f9580000)
  from space 10752K, 53% used [0x00000000f9580000,0x00000000f9b254d8,0x00000000fa000000)
  to   space 10752K, 0% used [0x00000000fa000000,0x00000000fa000000,0x00000000faa80000)
 ParOldGen       total 175104K, used 16K [0x00000000e0000000, 0x00000000eab00000, 0x00000000f5580000)
  object space 175104K, 0% used [0x00000000e0000000,0x00000000e0004000,0x00000000eab00000)
 Metaspace       used 15162K, capacity 15580K, committed 15872K, reserved 1062912K
  class space    used 2041K, capacity 2188K, committed 2304K, reserved 1048576K
Event: 3.808 GC heap after
Heap after GC invocations=2 (full 0):
 PSYoungGen      total 76288K, used 9371K [0x00000000f5580000, 0x00000000faa80000, 0x0000000100000000)
  eden space 65536K, 0% used [0x00000000f5580000,0x00000000f5580000,0x00000000f9580000)
  from space 10752K, 87% used [0x00000000fa000000,0x00000000fa926fc8,0x00000000faa80000)
  to   space 10752K, 0% used [0x00000000f9580000,0x00000000f9580000,0x00000000fa000000)
 ParOldGen       total 175104K, used 24K [0x00000000e0000000, 0x00000000eab00000, 0x00000000f5580000)
  object space 175104K, 0% used [0x00000000e0000000,0x00000000e0006000,0x00000000eab00000)
 Metaspace       used 15162K, capacity 15580K, committed 15872K, reserved 1062912K
  class space    used 2041K, capacity 2188K, committed 2304K, reserved 1048576K
}

Deoptimization events (10 events):
Event: 1.268 Thread 0x0000019018f64000 Uncommon trap: reason=unstable_if action=reinterpret pc=0x000001901aa83084 method=java.util.HashMap.getNode(ILjava/lang/Object;)Ljava/util/HashMap$Node; @ 129
Event: 1.268 Thread 0x0000019018f64000 Uncommon trap: reason=class_check action=maybe_recompile pc=0x000001901aad0298 method=java.util.HashMap.putVal(ILjava/lang/Object;Ljava/lang/Object;ZZ)Ljava/lang/Object; @ 203
Event: 2.116 Thread 0x0000019018f64000 Uncommon trap: reason=unstable_if action=reinterpret pc=0x000001901ab0dcd8 method=java.io.WinNTFileSystem.normalize(Ljava/lang/String;)Ljava/lang/String; @ 128
Event: 3.465 Thread 0x000001902f2e6000 Uncommon trap: reason=unstable_if action=reinterpret pc=0x000001901ac13a88 method=java.util.concurrent.ConcurrentHashMap.putVal(Ljava/lang/Object;Ljava/lang/Object;Z)Ljava/lang/Object; @ 206
Event: 3.522 Thread 0x000001902f446800 Uncommon trap: reason=class_check action=maybe_recompile pc=0x000001901aad0298 method=java.util.HashMap.putVal(ILjava/lang/Object;Ljava/lang/Object;ZZ)Ljava/lang/Object; @ 203
Event: 3.522 Thread 0x000001902f446800 Uncommon trap: reason=class_check action=maybe_recompile pc=0x000001901aad0298 method=java.util.HashMap.putVal(ILjava/lang/Object;Ljava/lang/Object;ZZ)Ljava/lang/Object; @ 203
Event: 3.711 Thread 0x000001902f446800 Uncommon trap: reason=class_check action=maybe_recompile pc=0x000001901ab38e18 method=java.util.regex.Matcher.match(II)Z @ 86
Event: 3.712 Thread 0x000001902f446800 Uncommon trap: reason=class_check action=maybe_recompile pc=0x000001901ab38e18 method=java.util.regex.Matcher.match(II)Z @ 86
Event: 3.712 Thread 0x000001902f446800 Uncommon trap: reason=class_check action=maybe_recompile pc=0x000001901ab38e18 method=java.util.regex.Matcher.match(II)Z @ 86
Event: 3.712 Thread 0x000001902f446800 Uncommon trap: reason=class_check action=maybe_recompile pc=0x000001901a9cd444 method=java.util.regex.Matcher.match(II)Z @ 86

Classes redefined (0 events):
No events

Internal exceptions (10 events):
Event: 0.649 Thread 0x0000019018f64000 Exception <a 'java/lang/ArrayIndexOutOfBoundsException'> (0x00000000f6b31c68) thrown at [J:\jenkins\tmp\workspace\build\src\hotspot\src\share\vm\runtime\sharedRuntime.cpp, line 609]
Event: 0.649 Thread 0x0000019018f64000 Exception <a 'java/lang/ArrayIndexOutOfBoundsException'> (0x00000000f6b33718) thrown at [J:\jenkins\tmp\workspace\build\src\hotspot\src\share\vm\runtime\sharedRuntime.cpp, line 609]
Event: 3.395 Thread 0x0000019018f64000 Exception <a 'java/io/IOException'> (0x00000000f70f04e0) thrown at [J:\jenkins\tmp\workspace\build\src\hotspot\src\share\vm\prims\jni.cpp, line 711]
Event: 3.466 Thread 0x000001902f2e6000 Exception <a 'java/lang/NoSuchMethodError': <clinit>> (0x00000000f73298e0) thrown at [J:\jenkins\tmp\workspace\build\src\hotspot\src\share\vm\prims\jni.cpp, line 1616]
Event: 3.468 Thread 0x000001902f2e6000 Exception <a 'java/lang/NoSuchMethodError': <clinit>> (0x00000000f7332fe8) thrown at [J:\jenkins\tmp\workspace\build\src\hotspot\src\share\vm\prims\jni.cpp, line 1616]
Event: 3.469 Thread 0x000001902f2e6000 Exception <a 'java/lang/NoSuchMethodError': <clinit>> (0x00000000f7347328) thrown at [J:\jenkins\tmp\workspace\build\src\hotspot\src\share\vm\prims\jni.cpp, line 1616]
Event: 3.478 Thread 0x000001902f2e6000 Exception <a 'java/lang/NoSuchMethodError': <clinit>> (0x00000000f73a6cf8) thrown at [J:\jenkins\tmp\workspace\build\src\hotspot\src\share\vm\prims\jni.cpp, line 1616]
Event: 3.485 Thread 0x000001902f2e6000 Exception <a 'java/lang/NoSuchMethodError': <clinit>> (0x00000000f73de7c0) thrown at [J:\jenkins\tmp\workspace\build\src\hotspot\src\share\vm\prims\jni.cpp, line 1616]
Event: 3.491 Thread 0x000001902f2e6000 Exception <a 'java/lang/NoSuchMethodError': <clinit>> (0x00000000f7413760) thrown at [J:\jenkins\tmp\workspace\build\src\hotspot\src\share\vm\prims\jni.cpp, line 1616]
Event: 3.491 Thread 0x000001902f2e6000 Exception <a 'java/lang/NoSuchMethodError': <clinit>> (0x00000000f741f848) thrown at [J:\jenkins\tmp\workspace\build\src\hotspot\src\share\vm\prims\jni.cpp, line 1616]

Events (10 events):
Event: 3.917 loading class org/gradle/nativeplatform/toolchain/internal/metadata/CompilerMetaDataProviderFactory
Event: 3.917 loading class org/gradle/nativeplatform/toolchain/internal/metadata/CompilerMetaDataProviderFactory done
Event: 3.918 loading class org/gradle/nativeplatform/toolchain/internal/metadata/CompilerMetaDataProvider
Event: 3.918 loading class org/gradle/nativeplatform/toolchain/internal/metadata/CompilerMetaDataProvider done
Event: 3.919 loading class org/gradle/internal/resource/transport/aws/s3/S3ResourcesPluginServiceRegistry$AuthenticationSchemeAction
Event: 3.919 loading class org/gradle/internal/resource/transport/aws/s3/S3ResourcesPluginServiceRegistry$AuthenticationSchemeAction done
Event: 3.919 loading class org/gradle/authentication/aws/AwsImAuthentication
Event: 3.919 loading class org/gradle/authentication/aws/AwsImAuthentication done
Event: 3.919 loading class org/gradle/internal/authentication/DefaultAwsImAuthentication
Event: 3.919 loading class org/gradle/internal/authentication/DefaultAwsImAuthentication done


Dynamic libraries:
0x00007ff7caab0000 - 0x00007ff7caaea000 	C:\Users\User\.jdks\temurin-1.8.0_302\bin\java.exe
0x00007ffc0cdb0000 - 0x00007ffc0cfa5000 	C:\WINDOWS\SYSTEM32\ntdll.dll
0x00007ffbe1b10000 - 0x00007ffbe1b25000 	C:\Program Files\AVAST Software\Avast\aswhook.dll
0x00007ffc0be90000 - 0x00007ffc0bf4d000 	C:\WINDOWS\System32\KERNEL32.DLL
0x00007ffc0aae0000 - 0x00007ffc0ada9000 	C:\WINDOWS\System32\KERNELBASE.dll
0x00007ffc0b430000 - 0x00007ffc0b4dc000 	C:\WINDOWS\System32\ADVAPI32.dll
0x00007ffc0bc80000 - 0x00007ffc0bd1e000 	C:\WINDOWS\System32\msvcrt.dll
0x00007ffc0af10000 - 0x00007ffc0afab000 	C:\WINDOWS\System32\sechost.dll
0x00007ffc0b9f0000 - 0x00007ffc0bb1a000 	C:\WINDOWS\System32\RPCRT4.dll
0x00007ffc0ca80000 - 0x00007ffc0cc20000 	C:\WINDOWS\System32\USER32.dll
0x00007ffc0adb0000 - 0x00007ffc0add2000 	C:\WINDOWS\System32\win32u.dll
0x00007ffc0bdf0000 - 0x00007ffc0be1a000 	C:\WINDOWS\System32\GDI32.dll
0x00007ffc0a770000 - 0x00007ffc0a87b000 	C:\WINDOWS\System32\gdi32full.dll
0x00007ffc0a620000 - 0x00007ffc0a6bd000 	C:\WINDOWS\System32\msvcp_win.dll
0x00007ffc0a880000 - 0x00007ffc0a980000 	C:\WINDOWS\System32\ucrtbase.dll
0x00007ffbf74b0000 - 0x00007ffbf774a000 	C:\WINDOWS\WinSxS\amd64_microsoft.windows.common-controls_6595b64144ccf1df_6.0.19041.1110_none_60b5254171f9507e\COMCTL32.dll
0x00007ffc0bb20000 - 0x00007ffc0bb50000 	C:\WINDOWS\System32\IMM32.DLL
0x00007ffbe8c70000 - 0x00007ffbe8d5f000 	C:\Users\User\.jdks\temurin-1.8.0_302\jre\bin\msvcr120.dll
0x00007ffbeaec0000 - 0x00007ffbeaf66000 	C:\Users\User\.jdks\temurin-1.8.0_302\jre\bin\msvcp120.dll
0x0000000060230000 - 0x0000000060a9b000 	C:\Users\User\.jdks\temurin-1.8.0_302\jre\bin\server\jvm.dll
0x00007ffc0c970000 - 0x00007ffc0c978000 	C:\WINDOWS\System32\PSAPI.DLL
0x00007ffbf8560000 - 0x00007ffbf8569000 	C:\WINDOWS\SYSTEM32\WSOCK32.dll
0x00007ffbf5390000 - 0x00007ffbf53b7000 	C:\WINDOWS\SYSTEM32\WINMM.dll
0x00007ffc025e0000 - 0x00007ffc025ea000 	C:\WINDOWS\SYSTEM32\VERSION.dll
0x00007ffc0bd80000 - 0x00007ffc0bdeb000 	C:\WINDOWS\System32\WS2_32.dll
0x00007ffc068d0000 - 0x00007ffc068df000 	C:\Users\User\.jdks\temurin-1.8.0_302\jre\bin\verify.dll
0x00007ffbe9060000 - 0x00007ffbe9089000 	C:\Users\User\.jdks\temurin-1.8.0_302\jre\bin\java.dll
0x00007ffc06850000 - 0x00007ffc06866000 	C:\Users\User\.jdks\temurin-1.8.0_302\jre\bin\zip.dll
0x00007ffc0bff0000 - 0x00007ffc0c72f000 	C:\WINDOWS\System32\SHELL32.dll
0x00007ffc08350000 - 0x00007ffc08ae0000 	C:\WINDOWS\SYSTEM32\windows.storage.dll
0x00007ffc0b690000 - 0x00007ffc0b9e5000 	C:\WINDOWS\System32\combase.dll
0x00007ffc09e40000 - 0x00007ffc09e6c000 	C:\WINDOWS\SYSTEM32\Wldp.dll
0x00007ffc0c8c0000 - 0x00007ffc0c96e000 	C:\WINDOWS\System32\SHCORE.dll
0x00007ffc0ca20000 - 0x00007ffc0ca75000 	C:\WINDOWS\System32\shlwapi.dll
0x00007ffc0a3f0000 - 0x00007ffc0a40f000 	C:\WINDOWS\SYSTEM32\profapi.dll
0x00007ffc04780000 - 0x00007ffc0479a000 	C:\Users\User\.jdks\temurin-1.8.0_302\jre\bin\net.dll
0x00007ffc09b50000 - 0x00007ffc09bba000 	C:\WINDOWS\system32\mswsock.dll
0x00007ffbe9040000 - 0x00007ffbe9052000 	C:\Users\User\.jdks\temurin-1.8.0_302\jre\bin\nio.dll
0x00007ffc06870000 - 0x00007ffc06897000 	C:\Users\User\.gradle\native\c976cfcca226fdd4bee4412e95191dd41148b7504f9625baeda1d523bc39a967\windows-amd64\native-platform.dll
0x00007ffc06820000 - 0x00007ffc0682d000 	C:\Users\User\.jdks\temurin-1.8.0_302\jre\bin\management.dll
0x00007ffc09d10000 - 0x00007ffc09d28000 	C:\WINDOWS\SYSTEM32\CRYPTSP.dll
0x00007ffc094e0000 - 0x00007ffc09514000 	C:\WINDOWS\system32\rsaenh.dll
0x00007ffc0a5f0000 - 0x00007ffc0a617000 	C:\WINDOWS\System32\bcrypt.dll
0x00007ffc0a370000 - 0x00007ffc0a39e000 	C:\WINDOWS\SYSTEM32\USERENV.dll
0x00007ffc0a560000 - 0x00007ffc0a5e3000 	C:\WINDOWS\System32\bcryptprimitives.dll
0x00007ffc09d00000 - 0x00007ffc09d0c000 	C:\WINDOWS\SYSTEM32\CRYPTBASE.dll
0x00007ffc09850000 - 0x00007ffc0988b000 	C:\WINDOWS\SYSTEM32\IPHLPAPI.DLL
0x00007ffc0bf50000 - 0x00007ffc0bf58000 	C:\WINDOWS\System32\NSI.dll
0x00007ffc036b0000 - 0x00007ffc036c7000 	C:\WINDOWS\SYSTEM32\dhcpcsvc6.DLL
0x00007ffc03490000 - 0x00007ffc034ad000 	C:\WINDOWS\SYSTEM32\dhcpcsvc.DLL
0x00007ffc09890000 - 0x00007ffc0995c000 	C:\WINDOWS\SYSTEM32\DNSAPI.dll

VM Arguments:
jvm_args: -XX:MaxMetaspaceSize=256m -XX:+HeapDumpOnOutOfMemoryError -Xms256m -Xmx512m -Dfile.encoding=windows-1252 -Duser.country=ES -Duser.language=es -Duser.variant 
java_command: org.gradle.launcher.daemon.bootstrap.GradleDaemon 6.3
java_class_path (initial): C:\Users\User\.gradle\wrapper\dists\gradle-6.3-bin\8tpu6egwsccjzp10c1jckl0rx\gradle-6.3\lib\gradle-launcher-6.3.jar
Launcher Type: SUN_STANDARD

Environment Variables:
PATH=C:\Program Files\Eclipse Foundation\jdk-8.0.302.8-hotspot\bin;C:\Program Files (x86)\Common Files\Oracle\Java\javapath;C:\Program Files (x86)\Intel\iCLS Client\;C:\Program Files\Intel\iCLS Client\;C:\WINDOWS\system32;C:\WINDOWS;C:\WINDOWS\System32\Wbem;C:\WINDOWS\System32\WindowsPowerShell\v1.0\;C:\WINDOWS\System32\OpenSSH\;C:\Program Files (x86)\Intel\Intel(R) Management Engine Components\DAL;C:\Program Files\Intel\Intel(R) Management Engine Components\DAL;C:\Program Files (x86)\Intel\Intel(R) Management Engine Components\IPT;C:\Program Files\Intel\Intel(R) Management Engine Components\IPT;C:\Program Files (x86)\Windows Live\Shared;C:\Program Files\MATLAB\R2020b\bin;C:\Program Files\AutoFirma\AutoFirma;C:\Program Files\PuTTY\;C:\Program Files\Git\cmd;C:\Users\User\AppData\Local\Microsoft\WindowsApps;C:\Users\User\AppData\Local\Programs\Microsoft VS Code\bin;C:\Users\User\AppData\Local\Programs\MiKTeX\miktex\bin\x64\;C:\Users\User\AppData\Local\GitHubDesktop\bin;C:\Program Files\JetBrains\IntelliJ IDEA 2021.2.1\bin;
USERNAME=User
OS=Windows_NT
PROCESSOR_IDENTIFIER=Intel64 Family 6 Model 142 Stepping 10, GenuineIntel



---------------  S Y S T E M  ---------------

OS: Windows 10.0 , 64 bit Build 19041 (10.0.19041.1151)

CPU:total 8 (initial active 8) (4 cores per cpu, 2 threads per core) family 6 model 142 stepping 10, cmov, cx8, fxsr, mmx, sse, sse2, sse3, ssse3, sse4.1, sse4.2, popcnt, avx, avx2, aes, clmul, erms, 3dnowpref, lzcnt, ht, tsc, tscinvbit, bmi1, bmi2, adx

Memory: 4k page, physical 8295652k(1383412k free), swap 8295652k(5124k free)

vm_info: OpenJDK 64-Bit Server VM (25.302-b08) for windows-amd64 JRE (1.8.0_302-b08), built on Jul 20 2021 21:31:03 by "jenkins" with MS VC++ 12.0 (VS2013)

time: Mon Sep 13 00:33:15 2021
timezone: Hora de verano del Este
elapsed time: 3.931233 seconds (0d 0h 0m 3s)

