#
# There is insufficient memory for the Java Runtime Environment to continue.
# Native memory allocation (malloc) failed to allocate 1048576 bytes for AllocateHeap
# Possible reasons:
#   The system is out of physical RAM or swap space
#   The process is running with CompressedOops enabled, and the Java Heap may be blocking the growth of the native heap
# Possible solutions:
#   Reduce memory load on the system
#   Increase physical memory or swap space
#   Check if swap backing store is full
#   Decrease Java heap size (-Xmx/-Xms)
#   Decrease number of Java threads
#   Decrease Java thread stack sizes (-Xss)
#   Set larger code cache with -XX:ReservedCodeCacheSize=
#   JVM is running with Unscaled Compressed Oops mode in which the Java heap is
#     placed in the first 4GB address space. The Java Heap base address is the
#     maximum limit for the native heap growth. Please use -XX:HeapBaseMinAddress
#     to set the Java Heap base and to place the Java Heap above 4GB virtual address.
# This output file may be truncated or incomplete.
#
#  Out of Memory Error (memory/allocation.inline.hpp:61), pid=3916, tid=0x0000000000001164
#
# JRE version:  (8.0_302-b08) (build )
# Java VM: OpenJDK 64-Bit Server VM (25.302-b08 mixed mode windows-amd64 compressed oops)
# Failed to write core dump. Minidumps are not enabled by default on client versions of Windows
#

---------------  T H R E A D  ---------------

Current thread (0x000001a3cee24000):  JavaThread "Unknown thread" [_thread_in_vm, id=4452, stack(0x0000002437c00000,0x0000002437d00000)]

Stack: [0x0000002437c00000,0x0000002437d00000]
[error occurred during error reporting (printing stack bounds), id 0xc0000005]

Native frames: (J=compiled Java code, j=interpreted, Vv=VM code, C=native code)


---------------  P R O C E S S  ---------------

Java Threads: ( => current thread )

Other Threads:

=>0x000001a3cee24000 (exited) JavaThread "Unknown thread" [_thread_in_vm, id=4452, stack(0x0000002437c00000,0x0000002437d00000)]

VM state:not at safepoint (normal execution)

VM Mutex/Monitor currently owned by a thread: None

heap address: 0x0000000081600000, size: 2026 MB, Compressed Oops mode: 32-bit
Narrow klass base: 0x0000000000000000, Narrow klass shift: 3
Compressed class space size: 1073741824 Address: 0x0000000100000000

Heap:
 PSYoungGen      total 38400K, used 665K [0x00000000d5d00000, 0x00000000d8780000, 0x0000000100000000)
  eden space 33280K, 2% used [0x00000000d5d00000,0x00000000d5da6670,0x00000000d7d80000)
  from space 5120K, 0% used [0x00000000d8280000,0x00000000d8280000,0x00000000d8780000)
  to   space 5120K, 0% used [0x00000000d7d80000,0x00000000d7d80000,0x00000000d8280000)
 ParOldGen       total 87552K, used 0K [0x0000000081600000, 0x0000000086b80000, 0x00000000d5d00000)
  object space 87552K, 0% used [0x0000000081600000,0x0000000081600000,0x0000000086b80000)
 Metaspace       used 781K, capacity 4480K, committed 4480K, reserved 1056768K
  class space    used 76K, capacity 384K, committed 384K, reserved 1048576K

Card table byte_map: [0x000001a3dfc30000,0x000001a3e0030000] byte_map_base: 0x000001a3df825000

Marking Bits: (ParMarkBitMap*) 0x000000006a78c820
 Begin Bits: [0x000001a3e02e0000, 0x000001a3e2288000)
 End Bits:   [0x000001a3e2288000, 0x000001a3e4230000)

Polling page: 0x000001a3cf050000

CodeCache: size=245760Kb used=328Kb max_used=328Kb free=245431Kb
 bounds [0x000001a3d0870000, 0x000001a3d0ae0000, 0x000001a3df870000]
 total_blobs=57 nmethods=0 adapters=38
 compilation: enabled

Compilation events (0 events):
No events

GC Heap History (0 events):
No events

Deoptimization events (0 events):
No events

Classes redefined (0 events):
No events

Internal exceptions (0 events):
No events

Events (10 events):
Event: 0.020 loading class java/lang/Short
Event: 0.020 loading class java/lang/Short done
Event: 0.020 loading class java/lang/Integer
Event: 0.020 loading class java/lang/Integer done
Event: 0.020 loading class java/lang/Long
Event: 0.020 loading class java/lang/Long done
Event: 0.020 loading class java/lang/NullPointerException
Event: 0.020 loading class java/lang/NullPointerException done
Event: 0.020 loading class java/lang/ArithmeticException
Event: 0.020 loading class java/lang/ArithmeticException done


Dynamic libraries:
0x00007ff6b9810000 - 0x00007ff6b984a000 	C:\Program Files\Eclipse Foundation\jdk-8.0.302.8-hotspot\bin\java.exe
0x00007ffc5a390000 - 0x00007ffc5a585000 	C:\WINDOWS\SYSTEM32\ntdll.dll
0x00007ffc26730000 - 0x00007ffc26745000 	C:\Program Files\AVAST Software\Avast\aswhook.dll
0x00007ffc59b90000 - 0x00007ffc59c4d000 	C:\WINDOWS\System32\KERNEL32.DLL
0x00007ffc57ff0000 - 0x00007ffc582b9000 	C:\WINDOWS\System32\KERNELBASE.dll
0x00007ffc584f0000 - 0x00007ffc5859c000 	C:\WINDOWS\System32\ADVAPI32.dll
0x00007ffc58640000 - 0x00007ffc586de000 	C:\WINDOWS\System32\msvcrt.dll
0x00007ffc59950000 - 0x00007ffc599eb000 	C:\WINDOWS\System32\sechost.dll
0x00007ffc583c0000 - 0x00007ffc584ea000 	C:\WINDOWS\System32\RPCRT4.dll
0x00007ffc59780000 - 0x00007ffc59920000 	C:\WINDOWS\System32\USER32.dll
0x00007ffc57d20000 - 0x00007ffc57d42000 	C:\WINDOWS\System32\win32u.dll
0x00007ffc59920000 - 0x00007ffc5994a000 	C:\WINDOWS\System32\GDI32.dll
0x00007ffc57eb0000 - 0x00007ffc57fbb000 	C:\WINDOWS\System32\gdi32full.dll
0x00007ffc57b70000 - 0x00007ffc57c0d000 	C:\WINDOWS\System32\msvcp_win.dll
0x00007ffc582c0000 - 0x00007ffc583c0000 	C:\WINDOWS\System32\ucrtbase.dll
0x00007ffc3a300000 - 0x00007ffc3a59a000 	C:\WINDOWS\WinSxS\amd64_microsoft.windows.common-controls_6595b64144ccf1df_6.0.19041.1110_none_60b5254171f9507e\COMCTL32.dll
0x00007ffc58820000 - 0x00007ffc58850000 	C:\WINDOWS\System32\IMM32.DLL
0x00007ffc1e0f0000 - 0x00007ffc1e1df000 	C:\Program Files\Eclipse Foundation\jdk-8.0.302.8-hotspot\jre\bin\msvcr120.dll
0x00007ffc1e5e0000 - 0x00007ffc1e686000 	C:\Program Files\Eclipse Foundation\jdk-8.0.302.8-hotspot\jre\bin\msvcp120.dll
0x0000000069fa0000 - 0x000000006a80b000 	C:\Program Files\Eclipse Foundation\jdk-8.0.302.8-hotspot\jre\bin\server\jvm.dll
0x00007ffc58630000 - 0x00007ffc58638000 	C:\WINDOWS\System32\PSAPI.DLL
0x00007ffc480e0000 - 0x00007ffc480e9000 	C:\WINDOWS\SYSTEM32\WSOCK32.dll
0x00007ffc4ef40000 - 0x00007ffc4ef4a000 	C:\WINDOWS\SYSTEM32\VERSION.dll
0x00007ffc386e0000 - 0x00007ffc38707000 	C:\WINDOWS\SYSTEM32\WINMM.dll
0x00007ffc59b20000 - 0x00007ffc59b8b000 	C:\WINDOWS\System32\WS2_32.dll
0x00007ffc40e50000 - 0x00007ffc40e5f000 	C:\Program Files\Eclipse Foundation\jdk-8.0.302.8-hotspot\jre\bin\verify.dll
0x00007ffc310c0000 - 0x00007ffc310e9000 	C:\Program Files\Eclipse Foundation\jdk-8.0.302.8-hotspot\jre\bin\java.dll
0x00007ffc30c50000 - 0x00007ffc30c66000 	C:\Program Files\Eclipse Foundation\jdk-8.0.302.8-hotspot\jre\bin\zip.dll

VM Arguments:
java_command: <unknown>
java_class_path (initial): .
Launcher Type: SUN_STANDARD

Environment Variables:
PATH=C:\Program Files\Eclipse Foundation\jdk-8.0.302.8-hotspot\bin;C:\Program Files (x86)\Common Files\Oracle\Java\javapath;C:\Program Files (x86)\Intel\iCLS Client\;C:\Program Files\Intel\iCLS Client\;C:\WINDOWS\system32;C:\WINDOWS;C:\WINDOWS\System32\Wbem;C:\WINDOWS\System32\WindowsPowerShell\v1.0\;C:\WINDOWS\System32\OpenSSH\;C:\Program Files (x86)\Intel\Intel(R) Management Engine Components\DAL;C:\Program Files\Intel\Intel(R) Management Engine Components\DAL;C:\Program Files (x86)\Intel\Intel(R) Management Engine Components\IPT;C:\Program Files\Intel\Intel(R) Management Engine Components\IPT;C:\Program Files (x86)\Windows Live\Shared;C:\Program Files\MATLAB\R2020b\bin;C:\Program Files\AutoFirma\AutoFirma;C:\Program Files\PuTTY\;C:\Program Files\Git\cmd;C:\Users\User\AppData\Local\Microsoft\WindowsApps;C:\Users\User\AppData\Local\Programs\Microsoft VS Code\bin;C:\Users\User\AppData\Local\Programs\MiKTeX\miktex\bin\x64\;C:\Users\User\AppData\Local\GitHubDesktop\bin
USERNAME=User
OS=Windows_NT
PROCESSOR_IDENTIFIER=Intel64 Family 6 Model 142 Stepping 10, GenuineIntel



---------------  S Y S T E M  ---------------

OS: Windows 10.0 , 64 bit Build 19041 (10.0.19041.1151)

CPU:total 8 (initial active 8) (4 cores per cpu, 2 threads per core) family 6 model 142 stepping 10, cmov, cx8, fxsr, mmx, sse, sse2, sse3, ssse3, sse4.1, sse4.2, popcnt, avx, avx2, aes, clmul, erms, 3dnowpref, lzcnt, ht, tsc, tscinvbit, bmi1, bmi2, adx

Memory: 4k page, physical 8295652k(897864k free), swap 8295652k(5292k free)

vm_info: OpenJDK 64-Bit Server VM (25.302-b08) for windows-amd64 JRE (1.8.0_302-b08), built on Jul 20 2021 21:31:03 by "jenkins" with MS VC++ 12.0 (VS2013)

time: Tue Sep 07 18:13:01 2021
timezone: Hora de verano del Este
elapsed time: 0.033895 seconds (0d 0h 0m 0s)

