#
# There is insufficient memory for the Java Runtime Environment to continue.
# Native memory allocation (malloc) failed to allocate 794416 bytes for Chunk::new
# Possible reasons:
#   The system is out of physical RAM or swap space
#   The process is running with CompressedOops enabled, and the Java Heap may be blocking the growth of the native heap
# Possible solutions:
#   Reduce memory load on the system
#   Increase physical memory or swap space
#   Check if swap backing store is full
#   Decrease Java heap size (-Xmx/-Xms)
#   Decrease number of Java threads
#   Decrease Java thread stack sizes (-Xss)
#   Set larger code cache with -XX:ReservedCodeCacheSize=
#   JVM is running with Unscaled Compressed Oops mode in which the Java heap is
#     placed in the first 4GB address space. The Java Heap base address is the
#     maximum limit for the native heap growth. Please use -XX:HeapBaseMinAddress
#     to set the Java Heap base and to place the Java Heap above 4GB virtual address.
# This output file may be truncated or incomplete.
#
#  Out of Memory Error (allocation.cpp:389), pid=17176, tid=0x0000000000000850
#
# JRE version: OpenJDK Runtime Environment (8.0_302-b08) (build 1.8.0_302-b08)
# Java VM: OpenJDK 64-Bit Server VM (25.302-b08 mixed mode windows-amd64 compressed oops)
# Failed to write core dump. Minidumps are not enabled by default on client versions of Windows
#

---------------  T H R E A D  ---------------

Current thread (0x00000187b7504800):  JavaThread "C2 CompilerThread1" daemon [_thread_in_native, id=2128, stack(0x0000001ae4f00000,0x0000001ae5000000)]

Stack: [0x0000001ae4f00000,0x0000001ae5000000]
[error occurred during error reporting (printing stack bounds), id 0xc0000005]

Native frames: (J=compiled Java code, j=interpreted, Vv=VM code, C=native code)


Current CompileTask:
C2:   3818 1962       4       java.net.URLClassLoader$1::run (5 bytes)


---------------  P R O C E S S  ---------------

Java Threads: ( => current thread )
  0x00000187b917e000 JavaThread "Cache worker for execution history cache (C:\Users\User\.gradle\caches\6.3\executionHistory)" [_thread_blocked, id=9552, stack(0x0000001ae6500000,0x0000001ae6600000)]
  0x00000187b9184800 JavaThread "Cache worker for cache directory md-rule (C:\Users\User\.gradle\caches\6.3\md-rule)" [_thread_blocked, id=8732, stack(0x0000001ae6400000,0x0000001ae6500000)]
  0x00000187b9181000 JavaThread "Cache worker for cache directory md-supplier (C:\Users\User\.gradle\caches\6.3\md-supplier)" [_thread_blocked, id=3892, stack(0x0000001ae6300000,0x0000001ae6400000)]
  0x00000187b917d800 JavaThread "Cache worker for file hash cache (C:\Users\User\IdeaProjects\PLC\.gradle\6.3\fileHashes)" [_thread_blocked, id=10160, stack(0x0000001ae6200000,0x0000001ae6300000)]
  0x00000187b9180800 JavaThread "Cache worker for checksums cache (C:\Users\User\IdeaProjects\PLC\.gradle\checksums)" [_thread_blocked, id=6464, stack(0x0000001ae6100000,0x0000001ae6200000)]
  0x00000187b9183800 JavaThread "Cache worker for file hash cache (C:\Users\User\.gradle\caches\6.3\fileHashes)" [_thread_blocked, id=12364, stack(0x0000001ae6000000,0x0000001ae6100000)]
  0x00000187b9183000 JavaThread "File lock request listener" [_thread_in_native, id=1064, stack(0x0000001ae5f00000,0x0000001ae6000000)]
  0x00000187b917f000 JavaThread "Cache worker for journal cache (C:\Users\User\.gradle\caches\journal-1)" [_thread_blocked, id=11412, stack(0x0000001ae5e00000,0x0000001ae5f00000)]
  0x00000187ba76b800 JavaThread "Thread-9" [_thread_blocked, id=3480, stack(0x0000001ae5d00000,0x0000001ae5e00000)]
  0x00000187ba741000 JavaThread "Stdin handler" [_thread_blocked, id=1244, stack(0x0000001ae5c00000,0x0000001ae5d00000)]
  0x00000187ba73a000 JavaThread "Asynchronous log dispatcher for DefaultDaemonConnection: socket connection from /127.0.0.1:54895 to /127.0.0.1:54896" [_thread_blocked, id=1292, stack(0x0000001ae5b00000,0x0000001ae5c00000)]
  0x00000187ba737000 JavaThread "Daemon worker" [_thread_in_vm, id=17144, stack(0x0000001ae5a00000,0x0000001ae5b00000)]
  0x00000187ba736000 JavaThread "Cancel handler" [_thread_blocked, id=6484, stack(0x0000001ae5900000,0x0000001ae5a00000)]
  0x00000187ba6b8800 JavaThread "Handler for socket connection from /127.0.0.1:54895 to /127.0.0.1:54896" [_thread_in_native, id=8168, stack(0x0000001ae5800000,0x0000001ae5900000)]
  0x00000187ba6b5800 JavaThread "Daemon" [_thread_blocked, id=4560, stack(0x0000001ae5700000,0x0000001ae5800000)]
  0x00000187ba5cc800 JavaThread "Daemon periodic checks" [_thread_blocked, id=6908, stack(0x0000001ae5600000,0x0000001ae5700000)]
  0x00000187ba6a7000 JavaThread "Incoming local TCP Connector on port 54895" [_thread_in_native, id=13912, stack(0x0000001ae5500000,0x0000001ae5600000)]
  0x00000187ba5ae800 JavaThread "Daemon health stats" [_thread_blocked, id=5020, stack(0x0000001ae5400000,0x0000001ae5500000)]
  0x00000187b88d0800 JavaThread "Service Thread" daemon [_thread_blocked, id=15836, stack(0x0000001ae5200000,0x0000001ae5300000)]
  0x00000187b7561800 JavaThread "C1 CompilerThread3" daemon [_thread_blocked, id=2872, stack(0x0000001ae5100000,0x0000001ae5200000)]
  0x00000187b752e000 JavaThread "C2 CompilerThread2" daemon [_thread_in_native, id=16692, stack(0x0000001ae5000000,0x0000001ae5100000)]
=>0x00000187b7504800 JavaThread "C2 CompilerThread1" daemon [_thread_in_native, id=2128, stack(0x0000001ae4f00000,0x0000001ae5000000)]
  0x00000187b7502800 JavaThread "C2 CompilerThread0" daemon [_thread_in_native, id=8368, stack(0x0000001ae4e00000,0x0000001ae4f00000)]
  0x00000187b74fa000 JavaThread "Attach Listener" daemon [_thread_blocked, id=1332, stack(0x0000001ae4d00000,0x0000001ae4e00000)]
  0x00000187b74f8800 JavaThread "Signal Dispatcher" daemon [_thread_blocked, id=12808, stack(0x0000001ae4c00000,0x0000001ae4d00000)]
  0x00000187b68bc000 JavaThread "Finalizer" daemon [_thread_blocked, id=14240, stack(0x0000001ae4b00000,0x0000001ae4c00000)]
  0x00000187b68b9000 JavaThread "Reference Handler" daemon [_thread_blocked, id=10792, stack(0x0000001ae4a00000,0x0000001ae4b00000)]
  0x00000187a4075000 JavaThread "main" [_thread_blocked, id=12080, stack(0x0000001ae4000000,0x0000001ae4100000)]

Other Threads:
  0x00000187b74a6000 VMThread [stack: 0x0000001ae4900000,0x0000001ae4a00000] [id=14956]
  0x00000187b757e800 WatcherThread [stack: 0x0000001ae5300000,0x0000001ae5400000] [id=8988]

VM state:not at safepoint (normal execution)

VM Mutex/Monitor currently owned by a thread:  ([mutex/lock_event])
[0x00000187a4068cb0] SystemDictionary_lock - owner thread: 0x0000000000000000

heap address: 0x00000000e0000000, size: 512 MB, Compressed Oops mode: 32-bit
Narrow klass base: 0x0000000000000000, Narrow klass shift: 3
Compressed class space size: 1073741824 Address: 0x0000000100000000

Heap:
 PSYoungGen      total 76288K, used 43433K [0x00000000f5580000, 0x00000000fea80000, 0x0000000100000000)
  eden space 65536K, 66% used [0x00000000f5580000,0x00000000f7fea4f8,0x00000000f9580000)
  from space 10752K, 0% used [0x00000000fa000000,0x00000000fa000000,0x00000000faa80000)
  to   space 10752K, 0% used [0x00000000f9580000,0x00000000f9580000,0x00000000fa000000)
 ParOldGen       total 175104K, used 6693K [0x00000000e0000000, 0x00000000eab00000, 0x00000000f5580000)
  object space 175104K, 3% used [0x00000000e0000000,0x00000000e06895b0,0x00000000eab00000)
 Metaspace       used 24339K, capacity 25110K, committed 25344K, reserved 1071104K
  class space    used 3553K, capacity 3736K, committed 3840K, reserved 1048576K

Card table byte_map: [0x00000187b4db0000,0x00000187b4ec0000] byte_map_base: 0x00000187b46b0000

Marking Bits: (ParMarkBitMap*) 0x000000006a81c820
 Begin Bits: [0x00000187b4ec0000, 0x00000187b56c0000)
 End Bits:   [0x00000187b56c0000, 0x00000187b5ec0000)

Polling page: 0x00000187a4140000

CodeCache: size=245760Kb used=7105Kb max_used=7105Kb free=238654Kb
 bounds [0x00000187a59f0000, 0x00000187a60f0000, 0x00000187b49f0000]
 total_blobs=2441 nmethods=2008 adapters=345
 compilation: enabled

Compilation events (10 events):
Event: 3.814 Thread 0x00000187b7561800 nmethod 1988 0x00000187a60c4fd0 code [0x00000187a60c5180, 0x00000187a60c55f0]
Event: 3.814 Thread 0x00000187b7561800 1987       3       org.codehaus.groovy.reflection.CachedClass::hashCode (34 bytes)
Event: 3.815 Thread 0x00000187b7561800 nmethod 1987 0x00000187a60c4b90 code [0x00000187a60c4d00, 0x00000187a60c4f30]
Event: 3.815 Thread 0x00000187b7561800 1989       1       org.codehaus.groovy.reflection.GeneratedMetaMethod::getDeclaringClass (5 bytes)
Event: 3.815 Thread 0x00000187b7561800 nmethod 1989 0x00000187a60c48d0 code [0x00000187a60c4a20, 0x00000187a60c4b38]
Event: 3.815 Thread 0x00000187b7561800 1990       1       org.codehaus.groovy.reflection.CachedClass::getTheClass (5 bytes)
Event: 3.815 Thread 0x00000187b7561800 nmethod 1990 0x00000187a60c4610 code [0x00000187a60c4760, 0x00000187a60c4878]
Event: 3.815 Thread 0x00000187b7561800 1991       3       java.lang.ClassValue::get (31 bytes)
Event: 3.815 Thread 0x00000187b7561800 nmethod 1991 0x00000187a60c35d0 code [0x00000187a60c37c0, 0x00000187a60c4120]
Event: 3.815 Thread 0x00000187b7561800 1994       3       org.codehaus.groovy.reflection.ReflectionCache::getCachedClass (14 bytes)

GC Heap History (10 events):
Event: 0.933 GC heap before
{Heap before GC invocations=1 (full 0):
 PSYoungGen      total 76288K, used 65536K [0x00000000f5580000, 0x00000000faa80000, 0x0000000100000000)
  eden space 65536K, 100% used [0x00000000f5580000,0x00000000f9580000,0x00000000f9580000)
  from space 10752K, 0% used [0x00000000fa000000,0x00000000fa000000,0x00000000faa80000)
  to   space 10752K, 0% used [0x00000000f9580000,0x00000000f9580000,0x00000000fa000000)
 ParOldGen       total 175104K, used 0K [0x00000000e0000000, 0x00000000eab00000, 0x00000000f5580000)
  object space 175104K, 0% used [0x00000000e0000000,0x00000000e0000000,0x00000000eab00000)
 Metaspace       used 7745K, capacity 8034K, committed 8320K, reserved 1056768K
  class space    used 970K, capacity 1081K, committed 1152K, reserved 1048576K
Event: 0.939 GC heap after
Heap after GC invocations=1 (full 0):
 PSYoungGen      total 76288K, used 5816K [0x00000000f5580000, 0x00000000faa80000, 0x0000000100000000)
  eden space 65536K, 0% used [0x00000000f5580000,0x00000000f5580000,0x00000000f9580000)
  from space 10752K, 54% used [0x00000000f9580000,0x00000000f9b2e2d0,0x00000000fa000000)
  to   space 10752K, 0% used [0x00000000fa000000,0x00000000fa000000,0x00000000faa80000)
 ParOldGen       total 175104K, used 16K [0x00000000e0000000, 0x00000000eab00000, 0x00000000f5580000)
  object space 175104K, 0% used [0x00000000e0000000,0x00000000e0004000,0x00000000eab00000)
 Metaspace       used 7745K, capacity 8034K, committed 8320K, reserved 1056768K
  class space    used 970K, capacity 1081K, committed 1152K, reserved 1048576K
}
Event: 2.921 GC heap before
{Heap before GC invocations=2 (full 0):
 PSYoungGen      total 76288K, used 71352K [0x00000000f5580000, 0x00000000faa80000, 0x0000000100000000)
  eden space 65536K, 100% used [0x00000000f5580000,0x00000000f9580000,0x00000000f9580000)
  from space 10752K, 54% used [0x00000000f9580000,0x00000000f9b2e2d0,0x00000000fa000000)
  to   space 10752K, 0% used [0x00000000fa000000,0x00000000fa000000,0x00000000faa80000)
 ParOldGen       total 175104K, used 16K [0x00000000e0000000, 0x00000000eab00000, 0x00000000f5580000)
  object space 175104K, 0% used [0x00000000e0000000,0x00000000e0004000,0x00000000eab00000)
 Metaspace       used 15136K, capacity 15580K, committed 15872K, reserved 1062912K
  class space    used 2040K, capacity 2188K, committed 2304K, reserved 1048576K
Event: 2.929 GC heap after
Heap after GC invocations=2 (full 0):
 PSYoungGen      total 76288K, used 9426K [0x00000000f5580000, 0x00000000faa80000, 0x0000000100000000)
  eden space 65536K, 0% used [0x00000000f5580000,0x00000000f5580000,0x00000000f9580000)
  from space 10752K, 87% used [0x00000000fa000000,0x00000000fa934b38,0x00000000faa80000)
  to   space 10752K, 0% used [0x00000000f9580000,0x00000000f9580000,0x00000000fa000000)
 ParOldGen       total 175104K, used 24K [0x00000000e0000000, 0x00000000eab00000, 0x00000000f5580000)
  object space 175104K, 0% used [0x00000000e0000000,0x00000000e0006000,0x00000000eab00000)
 Metaspace       used 15136K, capacity 15580K, committed 15872K, reserved 1062912K
  class space    used 2040K, capacity 2188K, committed 2304K, reserved 1048576K
}
Event: 3.431 GC heap before
{Heap before GC invocations=3 (full 0):
 PSYoungGen      total 76288K, used 74962K [0x00000000f5580000, 0x00000000faa80000, 0x0000000100000000)
  eden space 65536K, 100% used [0x00000000f5580000,0x00000000f9580000,0x00000000f9580000)
  from space 10752K, 87% used [0x00000000fa000000,0x00000000fa934b38,0x00000000faa80000)
  to   space 10752K, 0% used [0x00000000f9580000,0x00000000f9580000,0x00000000fa000000)
 ParOldGen       total 175104K, used 24K [0x00000000e0000000, 0x00000000eab00000, 0x00000000f5580000)
  object space 175104K, 0% used [0x00000000e0000000,0x00000000e0006000,0x00000000eab00000)
 Metaspace       used 20414K, capacity 21080K, committed 21296K, reserved 1067008K
  class space    used 2926K, capacity 3112K, committed 3200K, reserved 1048576K
Event: 3.440 GC heap after
Heap after GC invocations=3 (full 0):
 PSYoungGen      total 76288K, used 10725K [0x00000000f5580000, 0x00000000faa80000, 0x0000000100000000)
  eden space 65536K, 0% used [0x00000000f5580000,0x00000000f5580000,0x00000000f9580000)
  from space 10752K, 99% used [0x00000000f9580000,0x00000000f9ff97e8,0x00000000fa000000)
  to   space 10752K, 0% used [0x00000000fa000000,0x00000000fa000000,0x00000000faa80000)
 ParOldGen       total 175104K, used 935K [0x00000000e0000000, 0x00000000eab00000, 0x00000000f5580000)
  object space 175104K, 0% used [0x00000000e0000000,0x00000000e00e9cd0,0x00000000eab00000)
 Metaspace       used 20414K, capacity 21080K, committed 21296K, reserved 1067008K
  class space    used 2926K, capacity 3112K, committed 3200K, reserved 1048576K
}
Event: 3.453 GC heap before
{Heap before GC invocations=4 (full 0):
 PSYoungGen      total 76288K, used 12468K [0x00000000f5580000, 0x00000000faa80000, 0x0000000100000000)
  eden space 65536K, 2% used [0x00000000f5580000,0x00000000f5733ab8,0x00000000f9580000)
  from space 10752K, 99% used [0x00000000f9580000,0x00000000f9ff97e8,0x00000000fa000000)
  to   space 10752K, 0% used [0x00000000fa000000,0x00000000fa000000,0x00000000faa80000)
 ParOldGen       total 175104K, used 935K [0x00000000e0000000, 0x00000000eab00000, 0x00000000f5580000)
  object space 175104K, 0% used [0x00000000e0000000,0x00000000e00e9cd0,0x00000000eab00000)
 Metaspace       used 20574K, capacity 21208K, committed 21296K, reserved 1067008K
  class space    used 2950K, capacity 3176K, committed 3200K, reserved 1048576K
Event: 3.458 GC heap after
Heap after GC invocations=4 (full 0):
 PSYoungGen      total 76288K, used 6888K [0x00000000f5580000, 0x00000000fea80000, 0x0000000100000000)
  eden space 65536K, 0% used [0x00000000f5580000,0x00000000f5580000,0x00000000f9580000)
  from space 10752K, 64% used [0x00000000fa000000,0x00000000fa6ba000,0x00000000faa80000)
  to   space 10752K, 0% used [0x00000000f9580000,0x00000000f9580000,0x00000000fa000000)
 ParOldGen       total 175104K, used 943K [0x00000000e0000000, 0x00000000eab00000, 0x00000000f5580000)
  object space 175104K, 0% used [0x00000000e0000000,0x00000000e00ebcd0,0x00000000eab00000)
 Metaspace       used 20574K, capacity 21208K, committed 21296K, reserved 1067008K
  class space    used 2950K, capacity 3176K, committed 3200K, reserved 1048576K
}
Event: 3.458 GC heap before
{Heap before GC invocations=5 (full 1):
 PSYoungGen      total 76288K, used 6888K [0x00000000f5580000, 0x00000000fea80000, 0x0000000100000000)
  eden space 65536K, 0% used [0x00000000f5580000,0x00000000f5580000,0x00000000f9580000)
  from space 10752K, 64% used [0x00000000fa000000,0x00000000fa6ba000,0x00000000faa80000)
  to   space 10752K, 0% used [0x00000000f9580000,0x00000000f9580000,0x00000000fa000000)
 ParOldGen       total 175104K, used 943K [0x00000000e0000000, 0x00000000eab00000, 0x00000000f5580000)
  object space 175104K, 0% used [0x00000000e0000000,0x00000000e00ebcd0,0x00000000eab00000)
 Metaspace       used 20574K, capacity 21208K, committed 21296K, reserved 1067008K
  class space    used 2950K, capacity 3176K, committed 3200K, reserved 1048576K
Event: 3.481 GC heap after
Heap after GC invocations=5 (full 1):
 PSYoungGen      total 76288K, used 0K [0x00000000f5580000, 0x00000000fea80000, 0x0000000100000000)
  eden space 65536K, 0% used [0x00000000f5580000,0x00000000f5580000,0x00000000f9580000)
  from space 10752K, 0% used [0x00000000fa000000,0x00000000fa000000,0x00000000faa80000)
  to   space 10752K, 0% used [0x00000000f9580000,0x00000000f9580000,0x00000000fa000000)
 ParOldGen       total 175104K, used 6693K [0x00000000e0000000, 0x00000000eab00000, 0x00000000f5580000)
  object space 175104K, 3% used [0x00000000e0000000,0x00000000e06895b0,0x00000000eab00000)
 Metaspace       used 20574K, capacity 21208K, committed 21296K, reserved 1067008K
  class space    used 2950K, capacity 3176K, committed 3200K, reserved 1048576K
}

Deoptimization events (10 events):
Event: 3.036 Thread 0x00000187ba737000 Uncommon trap: reason=unstable_if action=reinterpret pc=0x00000187a5d0b4dc method=java.lang.String.substring(I)Ljava/lang/String; @ 35
Event: 3.266 Thread 0x00000187ba737000 Uncommon trap: reason=unstable_if action=reinterpret pc=0x00000187a5c401d0 method=java.util.HashMap.getNode(ILjava/lang/Object;)Ljava/util/HashMap$Node; @ 129
Event: 3.448 Thread 0x00000187ba737000 Uncommon trap: reason=unstable_if action=reinterpret pc=0x00000187a5eb5e64 method=java.util.HashMap.hash(Ljava/lang/Object;)I @ 1
Event: 3.481 Thread 0x00000187b68bc000 Uncommon trap: reason=unstable_if action=reinterpret pc=0x00000187a5fed738 method=java.lang.ref.Finalizer.remove()V @ 10
Event: 3.546 Thread 0x00000187ba737000 Uncommon trap: reason=unstable_if action=reinterpret pc=0x00000187a5cf3350 method=java.io.WinNTFileSystem.resolve(Ljava/lang/String;Ljava/lang/String;)Ljava/lang/String; @ 49
Event: 3.565 Thread 0x00000187ba737000 Uncommon trap: reason=unstable_if action=reinterpret pc=0x00000187a5d771f0 method=java.util.LinkedHashMap.afterNodeInsertion(Z)V @ 1
Event: 3.754 Thread 0x00000187ba737000 Uncommon trap: reason=class_check action=maybe_recompile pc=0x00000187a5c354e0 method=sun.misc.URLClassPath.getLoader(I)Lsun/misc/URLClassPath$Loader; @ 94
Event: 3.754 Thread 0x00000187ba737000 Uncommon trap: reason=class_check action=maybe_recompile pc=0x00000187a5fbb6f4 method=sun.misc.URLClassPath.getResource(Ljava/lang/String;Z)Lsun/misc/Resource; @ 62
Event: 3.754 Thread 0x00000187ba737000 Uncommon trap: reason=unstable_if action=reinterpret pc=0x00000187a5ec1d28 method=java.lang.String.regionMatches(ZILjava/lang/String;II)Z @ 41
Event: 3.756 Thread 0x00000187ba737000 Uncommon trap: reason=unstable_if action=reinterpret pc=0x00000187a5ece634 method=java.lang.ClassLoader.getClassLoadingLock(Ljava/lang/String;)Ljava/lang/Object; @ 6

Classes redefined (0 events):
No events

Internal exceptions (10 events):
Event: 2.684 Thread 0x00000187ba6b8800 Exception <a 'java/lang/NoSuchMethodError': <clinit>> (0x00000000f73e1850) thrown at [J:\jenkins\tmp\workspace\build\src\hotspot\src\share\vm\prims\jni.cpp, line 1616]
Event: 2.687 Thread 0x00000187ba6b8800 Exception <a 'java/lang/NoSuchMethodError': <clinit>> (0x00000000f74163b8) thrown at [J:\jenkins\tmp\workspace\build\src\hotspot\src\share\vm\prims\jni.cpp, line 1616]
Event: 2.688 Thread 0x00000187ba6b8800 Exception <a 'java/lang/NoSuchMethodError': <clinit>> (0x00000000f74224a0) thrown at [J:\jenkins\tmp\workspace\build\src\hotspot\src\share\vm\prims\jni.cpp, line 1616]
Event: 3.067 Thread 0x00000187ba737000 Exception <a 'java/lang/NoSuchMethodError': java.lang.Object.lambda$and$0(Ljava/util/function/Predicate;Ljava/lang/Object;)Z> (0x00000000f6acd1a8) thrown at [J:\jenkins\tmp\workspace\build\src\hotspot\src\share\vm\interpreter\linkResolver.cpp, line 620]
Event: 3.071 Thread 0x00000187ba737000 Exception <a 'java/lang/IncompatibleClassChangeError': Found class java.lang.Object, but interface was expected> (0x00000000f6add998) thrown at [J:\jenkins\tmp\workspace\build\src\hotspot\src\share\vm\interpreter\linkResolver.cpp, line 653]
Event: 3.072 Thread 0x00000187ba737000 Exception <a 'java/lang/NoSuchMethodError': java.lang.Object.lambda$or$2(Ljava/util/function/Predicate;Ljava/lang/Object;)Z> (0x00000000f6ae28b8) thrown at [J:\jenkins\tmp\workspace\build\src\hotspot\src\share\vm\interpreter\linkResolver.cpp, line 620]
Event: 3.084 Thread 0x00000187ba737000 Exception <a 'java/lang/NoSuchMethodError': java.lang.Object.lambda$static$0()Ljava/lang/String;> (0x00000000f6c30fc8) thrown at [J:\jenkins\tmp\workspace\build\src\hotspot\src\share\vm\interpreter\linkResolver.cpp, line 620]
Event: 3.230 Thread 0x00000187ba737000 Exception <a 'java/lang/NoSuchMethodError': java.lang.Object.lambda$withReadOnlyCache$0(Ljava/util/function/BiFunction;Lorg/gradle/api/internal/artifacts/ivyservice/ArtifactCacheMetadata;)Ljava/lang/Object;> (0x00000000f7c275b8) thrown at [J:\jenkins\tmp\
Event: 3.448 Thread 0x00000187ba737000 Implicit null exception at 0x00000187a5eb5c55 to 0x00000187a5eb5e55
Event: 3.520 Thread 0x00000187ba737000 Exception <a 'java/lang/NoSuchMethodError': java.lang.Object.lambda$static$0(Lorg/gradle/api/internal/artifacts/ivyservice/ivyresolve/ModuleComponentRepository;Ljava/lang/String;Lorg/gradle/api/internal/artifacts/configurations/ResolutionStrategyInternal;

Events (10 events):
Event: 3.811 loading class groovy/lang/MissingFieldException
Event: 3.811 loading class groovy/lang/MissingFieldException done
Event: 3.811 loading class org/codehaus/groovy/reflection/CachedMethod
Event: 3.811 loading class org/codehaus/groovy/reflection/CachedMethod done
Event: 3.812 loading class org/codehaus/groovy/reflection/CacheAccessControlException
Event: 3.812 loading class org/codehaus/groovy/reflection/CacheAccessControlException done
Event: 3.812 loading class org/codehaus/groovy/reflection/CachedMethod$MyComparator
Event: 3.812 loading class org/codehaus/groovy/reflection/CachedMethod$MyComparator done
Event: 3.813 loading class org/codehaus/groovy/reflection/CachedClass$CachedMethodComparatorByName
Event: 3.813 loading class org/codehaus/groovy/reflection/CachedClass$CachedMethodComparatorByName done


Dynamic libraries:
0x00007ff608b80000 - 0x00007ff608bba000 	C:\Users\User\.jdks\temurin-1.8.0_302\bin\java.exe
0x00007ff966170000 - 0x00007ff966365000 	C:\WINDOWS\SYSTEM32\ntdll.dll
0x00007ff94ef30000 - 0x00007ff94ef45000 	C:\Program Files\AVAST Software\Avast\aswhook.dll
0x00007ff965f70000 - 0x00007ff96602e000 	C:\WINDOWS\System32\KERNEL32.DLL
0x00007ff963b10000 - 0x00007ff963dd9000 	C:\WINDOWS\System32\KERNELBASE.dll
0x00007ff965cc0000 - 0x00007ff965d6c000 	C:\WINDOWS\System32\ADVAPI32.dll
0x00007ff964a60000 - 0x00007ff964afe000 	C:\WINDOWS\System32\msvcrt.dll
0x00007ff965ec0000 - 0x00007ff965f5b000 	C:\WINDOWS\System32\sechost.dll
0x00007ff964190000 - 0x00007ff9642ba000 	C:\WINDOWS\System32\RPCRT4.dll
0x00007ff965280000 - 0x00007ff965421000 	C:\WINDOWS\System32\USER32.dll
0x00007ff963960000 - 0x00007ff963982000 	C:\WINDOWS\System32\win32u.dll
0x00007ff965db0000 - 0x00007ff965ddb000 	C:\WINDOWS\System32\GDI32.dll
0x00007ff963de0000 - 0x00007ff963eeb000 	C:\WINDOWS\System32\gdi32full.dll
0x00007ff963a40000 - 0x00007ff963add000 	C:\WINDOWS\System32\msvcp_win.dll
0x00007ff963860000 - 0x00007ff963960000 	C:\WINDOWS\System32\ucrtbase.dll
0x00007ff950c50000 - 0x00007ff950eea000 	C:\WINDOWS\WinSxS\amd64_microsoft.windows.common-controls_6595b64144ccf1df_6.0.19041.1110_none_60b5254171f9507e\COMCTL32.dll
0x00007ff9658c0000 - 0x00007ff9658f0000 	C:\WINDOWS\System32\IMM32.DLL
0x00007ff927160000 - 0x00007ff92724f000 	C:\Users\User\.jdks\temurin-1.8.0_302\jre\bin\msvcr120.dll
0x00007ff9326c0000 - 0x00007ff932766000 	C:\Users\User\.jdks\temurin-1.8.0_302\jre\bin\msvcp120.dll
0x000000006a030000 - 0x000000006a89b000 	C:\Users\User\.jdks\temurin-1.8.0_302\jre\bin\server\jvm.dll
0x00007ff965da0000 - 0x00007ff965da8000 	C:\WINDOWS\System32\PSAPI.DLL
0x00007ff950a60000 - 0x00007ff950a69000 	C:\WINDOWS\SYSTEM32\WSOCK32.dll
0x00007ff95ac30000 - 0x00007ff95ac3a000 	C:\WINDOWS\SYSTEM32\VERSION.dll
0x00007ff948990000 - 0x00007ff9489b7000 	C:\WINDOWS\SYSTEM32\WINMM.dll
0x00007ff9658f0000 - 0x00007ff96595b000 	C:\WINDOWS\System32\WS2_32.dll
0x00007ff95dec0000 - 0x00007ff95decf000 	C:\Users\User\.jdks\temurin-1.8.0_302\jre\bin\verify.dll
0x00007ff946630000 - 0x00007ff946659000 	C:\Users\User\.jdks\temurin-1.8.0_302\jre\bin\java.dll
0x00007ff95dd90000 - 0x00007ff95dda6000 	C:\Users\User\.jdks\temurin-1.8.0_302\jre\bin\zip.dll
0x00007ff9642c0000 - 0x00007ff9649ff000 	C:\WINDOWS\System32\SHELL32.dll
0x00007ff961630000 - 0x00007ff961dc0000 	C:\WINDOWS\SYSTEM32\windows.storage.dll
0x00007ff965430000 - 0x00007ff965785000 	C:\WINDOWS\System32\combase.dll
0x00007ff9631e0000 - 0x00007ff96320c000 	C:\WINDOWS\SYSTEM32\Wldp.dll
0x00007ff965790000 - 0x00007ff96583e000 	C:\WINDOWS\System32\SHCORE.dll
0x00007ff964a00000 - 0x00007ff964a55000 	C:\WINDOWS\System32\shlwapi.dll
0x00007ff9637a0000 - 0x00007ff9637bf000 	C:\WINDOWS\SYSTEM32\profapi.dll
0x00007ff95b510000 - 0x00007ff95b52a000 	C:\Users\User\.jdks\temurin-1.8.0_302\jre\bin\net.dll
0x00007ff962ef0000 - 0x00007ff962f5a000 	C:\WINDOWS\system32\mswsock.dll
0x00007ff954360000 - 0x00007ff954372000 	C:\Users\User\.jdks\temurin-1.8.0_302\jre\bin\nio.dll
0x00007ff946660000 - 0x00007ff946687000 	C:\Users\User\.gradle\native\c976cfcca226fdd4bee4412e95191dd41148b7504f9625baeda1d523bc39a967\windows-amd64\native-platform.dll
0x00007ff95dac0000 - 0x00007ff95dacd000 	C:\Users\User\.jdks\temurin-1.8.0_302\jre\bin\management.dll
0x00007ff9630a0000 - 0x00007ff9630b8000 	C:\WINDOWS\SYSTEM32\CRYPTSP.dll
0x00007ff962880000 - 0x00007ff9628b4000 	C:\WINDOWS\system32\rsaenh.dll
0x00007ff963ae0000 - 0x00007ff963b07000 	C:\WINDOWS\System32\bcrypt.dll
0x00007ff963760000 - 0x00007ff96378e000 	C:\WINDOWS\SYSTEM32\USERENV.dll
0x00007ff963ef0000 - 0x00007ff963f73000 	C:\WINDOWS\System32\bcryptprimitives.dll
0x00007ff9630c0000 - 0x00007ff9630cc000 	C:\WINDOWS\SYSTEM32\CRYPTBASE.dll
0x00007ff962bf0000 - 0x00007ff962c2b000 	C:\WINDOWS\SYSTEM32\IPHLPAPI.DLL
0x00007ff965f60000 - 0x00007ff965f68000 	C:\WINDOWS\System32\NSI.dll
0x00007ff95c030000 - 0x00007ff95c047000 	C:\WINDOWS\SYSTEM32\dhcpcsvc6.DLL
0x00007ff95bf10000 - 0x00007ff95bf2d000 	C:\WINDOWS\SYSTEM32\dhcpcsvc.DLL
0x00007ff962c30000 - 0x00007ff962cfc000 	C:\WINDOWS\SYSTEM32\DNSAPI.dll

VM Arguments:
jvm_args: -XX:MaxMetaspaceSize=256m -XX:+HeapDumpOnOutOfMemoryError -Xms256m -Xmx512m -Dfile.encoding=windows-1252 -Duser.country=ES -Duser.language=es -Duser.variant 
java_command: org.gradle.launcher.daemon.bootstrap.GradleDaemon 6.3
java_class_path (initial): C:\Users\User\.gradle\wrapper\dists\gradle-6.3-bin\8tpu6egwsccjzp10c1jckl0rx\gradle-6.3\lib\gradle-launcher-6.3.jar
Launcher Type: SUN_STANDARD

Environment Variables:
PATH=C:\Program Files\Eclipse Foundation\jdk-8.0.302.8-hotspot\bin;C:\Program Files (x86)\Common Files\Oracle\Java\javapath;C:\Program Files (x86)\Intel\iCLS Client\;C:\Program Files\Intel\iCLS Client\;C:\WINDOWS\system32;C:\WINDOWS;C:\WINDOWS\System32\Wbem;C:\WINDOWS\System32\WindowsPowerShell\v1.0\;C:\WINDOWS\System32\OpenSSH\;C:\Program Files (x86)\Intel\Intel(R) Management Engine Components\DAL;C:\Program Files\Intel\Intel(R) Management Engine Components\DAL;C:\Program Files (x86)\Intel\Intel(R) Management Engine Components\IPT;C:\Program Files\Intel\Intel(R) Management Engine Components\IPT;C:\Program Files (x86)\Windows Live\Shared;C:\Program Files\MATLAB\R2020b\bin;C:\Program Files\AutoFirma\AutoFirma;C:\Program Files\PuTTY\;C:\Program Files\Git\cmd;C:\Users\User\AppData\Local\Microsoft\WindowsApps;C:\Users\User\AppData\Local\Programs\Microsoft VS Code\bin;C:\Users\User\AppData\Local\Programs\MiKTeX\miktex\bin\x64\;C:\Users\User\AppData\Local\GitHubDesktop\bin;C:\Program Files\JetBrains\IntelliJ IDEA 2021.2.1\bin;
USERNAME=User
OS=Windows_NT
PROCESSOR_IDENTIFIER=Intel64 Family 6 Model 142 Stepping 10, GenuineIntel



---------------  S Y S T E M  ---------------

OS: Windows 10.0 , 64 bit Build 19041 (10.0.19041.1202)

CPU:total 8 (initial active 8) (4 cores per cpu, 2 threads per core) family 6 model 142 stepping 10, cmov, cx8, fxsr, mmx, sse, sse2, sse3, ssse3, sse4.1, sse4.2, popcnt, avx, avx2, aes, clmul, erms, 3dnowpref, lzcnt, ht, tsc, tscinvbit, bmi1, bmi2, adx

Memory: 4k page, physical 8295652k(605544k free), swap 8295652k(5168k free)

vm_info: OpenJDK 64-Bit Server VM (25.302-b08) for windows-amd64 JRE (1.8.0_302-b08), built on Jul 20 2021 21:31:03 by "jenkins" with MS VC++ 12.0 (VS2013)

time: Thu Oct 07 11:52:34 2021
timezone: Hora de verano del Este
elapsed time: 3.831161 seconds (0d 0h 0m 3s)

