#
# There is insufficient memory for the Java Runtime Environment to continue.
# Native memory allocation (malloc) failed to allocate 216816 bytes for Chunk::new
# Possible reasons:
#   The system is out of physical RAM or swap space
#   The process is running with CompressedOops enabled, and the Java Heap may be blocking the growth of the native heap
# Possible solutions:
#   Reduce memory load on the system
#   Increase physical memory or swap space
#   Check if swap backing store is full
#   Decrease Java heap size (-Xmx/-Xms)
#   Decrease number of Java threads
#   Decrease Java thread stack sizes (-Xss)
#   Set larger code cache with -XX:ReservedCodeCacheSize=
#   JVM is running with Unscaled Compressed Oops mode in which the Java heap is
#     placed in the first 4GB address space. The Java Heap base address is the
#     maximum limit for the native heap growth. Please use -XX:HeapBaseMinAddress
#     to set the Java Heap base and to place the Java Heap above 4GB virtual address.
# This output file may be truncated or incomplete.
#
#  Out of Memory Error (allocation.cpp:389), pid=15168, tid=0x0000000000000a14
#
# JRE version: OpenJDK Runtime Environment (8.0_302-b08) (build 1.8.0_302-b08)
# Java VM: OpenJDK 64-Bit Server VM (25.302-b08 mixed mode windows-amd64 compressed oops)
# Failed to write core dump. Minidumps are not enabled by default on client versions of Windows
#

---------------  T H R E A D  ---------------

Current thread (0x000001a479169800):  JavaThread "C2 CompilerThread2" daemon [_thread_in_native, id=2580, stack(0x0000009fc4900000,0x0000009fc4a00000)]

Stack: [0x0000009fc4900000,0x0000009fc4a00000]
[error occurred during error reporting (printing stack bounds), id 0xc0000005]

Native frames: (J=compiled Java code, j=interpreted, Vv=VM code, C=native code)


Current CompileTask:
C2:    862  837       4       sun.reflect.annotation.AnnotationInvocationHandler::invoke (277 bytes)


---------------  P R O C E S S  ---------------

Java Threads: ( => current thread )
  0x000001a479155800 JavaThread "Service Thread" daemon [_thread_blocked, id=18012, stack(0x0000009fc4b00000,0x0000009fc4c00000)]
  0x000001a4791c5800 JavaThread "C1 CompilerThread3" daemon [_thread_in_native, id=14340, stack(0x0000009fc4a00000,0x0000009fc4b00000)]
=>0x000001a479169800 JavaThread "C2 CompilerThread2" daemon [_thread_in_native, id=2580, stack(0x0000009fc4900000,0x0000009fc4a00000)]
  0x000001a479161000 JavaThread "C2 CompilerThread1" daemon [_thread_in_native, id=7664, stack(0x0000009fc4800000,0x0000009fc4900000)]
  0x000001a47915d000 JavaThread "C2 CompilerThread0" daemon [_thread_blocked, id=4324, stack(0x0000009fc4700000,0x0000009fc4800000)]
  0x000001a479152000 JavaThread "Monitor Ctrl-Break" daemon [_thread_in_native, id=3156, stack(0x0000009fc4600000,0x0000009fc4700000)]
  0x000001a4772dc800 JavaThread "Attach Listener" daemon [_thread_blocked, id=18032, stack(0x0000009fc4500000,0x0000009fc4600000)]
  0x000001a4772da800 JavaThread "Signal Dispatcher" daemon [_thread_blocked, id=1972, stack(0x0000009fc4400000,0x0000009fc4500000)]
  0x000001a4772a0800 JavaThread "Finalizer" daemon [_thread_blocked, id=15016, stack(0x0000009fc4300000,0x0000009fc4400000)]
  0x000001a477298000 JavaThread "Reference Handler" daemon [_thread_blocked, id=13796, stack(0x0000009fc4200000,0x0000009fc4300000)]
  0x000001a470011000 JavaThread "main" [_thread_in_vm, id=8200, stack(0x0000009fc3800000,0x0000009fc3900000)]

Other Threads:
  0x000001a47726f800 VMThread [stack: 0x0000009fc4100000,0x0000009fc4200000] [id=2108]
  0x000001a4791ef800 WatcherThread [stack: 0x0000009fc4c00000,0x0000009fc4d00000] [id=5496]

VM state:not at safepoint (normal execution)

VM Mutex/Monitor currently owned by a thread: None

heap address: 0x0000000081600000, size: 2026 MB, Compressed Oops mode: 32-bit
Narrow klass base: 0x0000000000000000, Narrow klass shift: 3
Compressed class space size: 1073741824 Address: 0x0000000100000000

Heap:
 PSYoungGen      total 38400K, used 22144K [0x00000000d5d00000, 0x00000000d8780000, 0x0000000100000000)
  eden space 33280K, 66% used [0x00000000d5d00000,0x00000000d72a0100,0x00000000d7d80000)
  from space 5120K, 0% used [0x00000000d8280000,0x00000000d8280000,0x00000000d8780000)
  to   space 5120K, 0% used [0x00000000d7d80000,0x00000000d7d80000,0x00000000d8280000)
 ParOldGen       total 87552K, used 0K [0x0000000081600000, 0x0000000086b80000, 0x00000000d5d00000)
  object space 87552K, 0% used [0x0000000081600000,0x0000000081600000,0x0000000086b80000)
 Metaspace       used 8035K, capacity 8894K, committed 8960K, reserved 1056768K
  class space    used 1048K, capacity 1231K, committed 1280K, reserved 1048576K

Card table byte_map: [0x000001a471e10000,0x000001a472210000] byte_map_base: 0x000001a471a05000

Marking Bits: (ParMarkBitMap*) 0x000000005bd5c820
 Begin Bits: [0x000001a4724c0000, 0x000001a474468000)
 End Bits:   [0x000001a474468000, 0x000001a476410000)

Polling page: 0x000001a471a20000

CodeCache: size=245760Kb used=3160Kb max_used=3171Kb free=242599Kb
 bounds [0x000001a400000000, 0x000001a400320000, 0x000001a40f000000]
 total_blobs=1157 nmethods=864 adapters=205
 compilation: enabled

Compilation events (10 events):
Event: 0.847 Thread 0x000001a4791c5800  856       3       java.nio.CharBuffer::arrayOffset (35 bytes)
Event: 0.848 Thread 0x000001a4791c5800 nmethod 856 0x000001a400312f50 code [0x000001a4003130e0, 0x000001a4003133a0]
Event: 0.848 Thread 0x000001a4791c5800  857       3       java.lang.invoke.LambdaForm$MH/1225358173::linkToTargetMethod (9 bytes)
Event: 0.848 Thread 0x000001a4791c5800 nmethod 857 0x000001a4003134d0 code [0x000001a400313640, 0x000001a400313ae0]
Event: 0.848 Thread 0x000001a4791c5800  858       3       java.lang.invoke.LambdaForm$DMH/1247233941::invokeStatic_L_L (14 bytes)
Event: 0.849 Thread 0x000001a4791c5800 nmethod 858 0x000001a400313bd0 code [0x000001a400313d60, 0x000001a4003142c0]
Event: 0.849 Thread 0x000001a4791c5800  859       3       java.util.stream.PipelineHelper::<init> (5 bytes)
Event: 0.849 Thread 0x000001a4791c5800 nmethod 859 0x000001a40030b950 code [0x000001a40030baa0, 0x000001a40030bc58]
Event: 0.851 Thread 0x000001a4791c5800  860       1       java.util.Collections$EmptySet::contains (2 bytes)
Event: 0.851 Thread 0x000001a4791c5800 nmethod 860 0x000001a400314410 code [0x000001a400314560, 0x000001a400314678]

GC Heap History (0 events):
No events

Deoptimization events (0 events):
No events

Classes redefined (0 events):
No events

Internal exceptions (10 events):
Event: 0.601 Thread 0x000001a470011000 Exception <a 'java/lang/NoSuchMethodError': java.lang.Object.lambda$andThen$1(Ljava/util/function/Function;Ljava/lang/Object;)Ljava/lang/Object;> (0x00000000d6ac2d90) thrown at [J:\jenkins\tmp\workspace\build\src\hotspot\src\share\vm\interpreter\linkResol
Event: 0.663 Thread 0x000001a470011000 Exception <a 'java/lang/IncompatibleClassChangeError': Found class java.lang.Object, but interface was expected> (0x00000000d6cd3448) thrown at [J:\jenkins\tmp\workspace\build\src\hotspot\src\share\vm\interpreter\linkResolver.cpp, line 653]
Event: 0.664 Thread 0x000001a470011000 Exception <a 'java/lang/NoSuchMethodError': java.lang.Object.lambda$ofVoidMethod$0(Lorg/junit/jupiter/engine/execution/ExecutableInvoker$ReflectiveInterceptorCall$VoidMethodInterceptorCall;Lorg/junit/jupiter/api/extension/InvocationInterceptor;Lorg/junit/
Event: 0.678 Thread 0x000001a470011000 Exception <a 'java/lang/IncompatibleClassChangeError': Found class java.lang.Object, but interface was expected> (0x00000000d6d66620) thrown at [J:\jenkins\tmp\workspace\build\src\hotspot\src\share\vm\interpreter\linkResolver.cpp, line 653]
Event: 0.679 Thread 0x000001a470011000 Exception <a 'java/lang/NoSuchMethodError': java.lang.Object.lambda$accept$0(Lorg/junit/platform/engine/TestDescriptor$Visitor;Lorg/junit/platform/engine/TestDescriptor;)V> (0x00000000d6d6aaf8) thrown at [J:\jenkins\tmp\workspace\build\src\hotspot\src\sha
Event: 0.683 Thread 0x000001a470011000 Exception <a 'java/lang/NoSuchMethodError': java.lang.Object.containsTests(Lorg/junit/platform/engine/TestDescriptor;)Z> (0x00000000d6d9a088) thrown at [J:\jenkins\tmp\workspace\build\src\hotspot\src\share\vm\interpreter\linkResolver.cpp, line 620]
Event: 0.697 Thread 0x000001a470011000 Exception <a 'java/lang/IncompatibleClassChangeError': Found class java.lang.Object, but interface was expected> (0x00000000d6e18b60) thrown at [J:\jenkins\tmp\workspace\build\src\hotspot\src\share\vm\interpreter\linkResolver.cpp, line 653]
Event: 0.724 Thread 0x000001a470011000 Exception <a 'java/lang/NoSuchMethodError': java.lang.Object.lambda$comparing$77a9974f$1(Ljava/util/function/Function;Ljava/lang/Object;Ljava/lang/Object;)I> (0x00000000d6f26cd0) thrown at [J:\jenkins\tmp\workspace\build\src\hotspot\src\share\vm\interpret
Event: 0.727 Thread 0x000001a470011000 Exception <a 'java/lang/NoSuchMethodError': java.lang.Object.lambda$thenComparing$36697e65$1(Ljava/util/Comparator;Ljava/lang/Object;Ljava/lang/Object;)I> (0x00000000d6f3f408) thrown at [J:\jenkins\tmp\workspace\build\src\hotspot\src\share\vm\interpreter\
Event: 0.803 Thread 0x000001a470011000 Exception <a 'java/lang/NoSuchMethodError': java.lang.Object.lambda$and$0(Ljava/util/function/Predicate;Ljava/lang/Object;)Z> (0x00000000d70f4f08) thrown at [J:\jenkins\tmp\workspace\build\src\hotspot\src\share\vm\interpreter\linkResolver.cpp, line 620]

Events (10 events):
Event: 0.848 loading class org/junit/jupiter/api/extension/BeforeAllCallback
Event: 0.848 loading class org/junit/jupiter/api/extension/BeforeAllCallback done
Event: 0.849 loading class org/junit/jupiter/api/io/TempDir
Event: 0.849 loading class org/junit/jupiter/api/io/TempDir done
Event: 0.850 loading class org/junit/jupiter/api/extension/ExtensionContext
Event: 0.850 loading class org/junit/jupiter/api/extension/ExtensionContext done
Event: 0.851 loading class org/junit/jupiter/engine/extension/TempDirectory
Event: 0.851 loading class org/junit/jupiter/engine/extension/TempDirectory done
Event: 0.852 loading class org/junit/jupiter/engine/extension/TimeoutDuration
Event: 0.852 loading class org/junit/jupiter/engine/extension/TimeoutDuration done


Dynamic libraries:
0x00007ff680c00000 - 0x00007ff680c3a000 	C:\Users\User\.jdks\temurin-1.8.0_302\bin\java.exe
0x00007ffa26c30000 - 0x00007ffa26e25000 	C:\WINDOWS\SYSTEM32\ntdll.dll
0x00007ffa13090000 - 0x00007ffa130a5000 	C:\Program Files\AVAST Software\Avast\aswhook.dll
0x00007ffa24c60000 - 0x00007ffa24d1d000 	C:\WINDOWS\System32\KERNEL32.DLL
0x00007ffa247f0000 - 0x00007ffa24ab9000 	C:\WINDOWS\System32\KERNELBASE.dll
0x00007ffa25290000 - 0x00007ffa2533c000 	C:\WINDOWS\System32\ADVAPI32.dll
0x00007ffa25d70000 - 0x00007ffa25e0e000 	C:\WINDOWS\System32\msvcrt.dll
0x00007ffa25710000 - 0x00007ffa257ab000 	C:\WINDOWS\System32\sechost.dll
0x00007ffa257c0000 - 0x00007ffa258ea000 	C:\WINDOWS\System32\RPCRT4.dll
0x00007ffa24ea0000 - 0x00007ffa25040000 	C:\WINDOWS\System32\USER32.dll
0x00007ffa24530000 - 0x00007ffa24552000 	C:\WINDOWS\System32\win32u.dll
0x00007ffa25140000 - 0x00007ffa2516a000 	C:\WINDOWS\System32\GDI32.dll
0x00007ffa24af0000 - 0x00007ffa24bfb000 	C:\WINDOWS\System32\gdi32full.dll
0x00007ffa24330000 - 0x00007ffa243cd000 	C:\WINDOWS\System32\msvcp_win.dll
0x00007ffa246a0000 - 0x00007ffa247a0000 	C:\WINDOWS\System32\ucrtbase.dll
0x00007ffa12360000 - 0x00007ffa125fa000 	C:\WINDOWS\WinSxS\amd64_microsoft.windows.common-controls_6595b64144ccf1df_6.0.19041.1110_none_60b5254171f9507e\COMCTL32.dll
0x00007ffa25e70000 - 0x00007ffa25ea0000 	C:\WINDOWS\System32\IMM32.DLL
0x00007ffa1f040000 - 0x00007ffa1f12f000 	C:\Users\User\.jdks\temurin-1.8.0_302\jre\bin\msvcr120.dll
0x00007ffa1ef90000 - 0x00007ffa1f036000 	C:\Users\User\.jdks\temurin-1.8.0_302\jre\bin\msvcp120.dll
0x000000005b570000 - 0x000000005bddb000 	C:\Users\User\.jdks\temurin-1.8.0_302\jre\bin\server\jvm.dll
0x00007ffa25130000 - 0x00007ffa25138000 	C:\WINDOWS\System32\PSAPI.DLL
0x00007ffa12ea0000 - 0x00007ffa12ea9000 	C:\WINDOWS\SYSTEM32\WSOCK32.dll
0x00007ffa0b5d0000 - 0x00007ffa0b5f7000 	C:\WINDOWS\SYSTEM32\WINMM.dll
0x00007ffa1c650000 - 0x00007ffa1c65a000 	C:\WINDOWS\SYSTEM32\VERSION.dll
0x00007ffa25170000 - 0x00007ffa251db000 	C:\WINDOWS\System32\WS2_32.dll
0x00007ffa21790000 - 0x00007ffa2179f000 	C:\Users\User\.jdks\temurin-1.8.0_302\jre\bin\verify.dll
0x00007ffa21760000 - 0x00007ffa21789000 	C:\Users\User\.jdks\temurin-1.8.0_302\jre\bin\java.dll
0x00007ffa1ed80000 - 0x00007ffa1edaa000 	C:\Users\User\.jdks\temurin-1.8.0_302\jre\bin\instrument.dll
0x00007ffa21740000 - 0x00007ffa21756000 	C:\Users\User\.jdks\temurin-1.8.0_302\jre\bin\zip.dll
0x00007ffa26480000 - 0x00007ffa26bbf000 	C:\WINDOWS\System32\SHELL32.dll
0x00007ffa22110000 - 0x00007ffa228a0000 	C:\WINDOWS\SYSTEM32\windows.storage.dll
0x00007ffa253b0000 - 0x00007ffa25705000 	C:\WINDOWS\System32\combase.dll
0x00007ffa23cc0000 - 0x00007ffa23cec000 	C:\WINDOWS\SYSTEM32\Wldp.dll
0x00007ffa251e0000 - 0x00007ffa2528e000 	C:\WINDOWS\System32\SHCORE.dll
0x00007ffa25350000 - 0x00007ffa253a5000 	C:\WINDOWS\System32\shlwapi.dll
0x00007ffa24270000 - 0x00007ffa2428f000 	C:\WINDOWS\SYSTEM32\profapi.dll
0x00007ffa1f130000 - 0x00007ffa1f14a000 	C:\Program Files\JetBrains\IntelliJ IDEA 2021.2.1\bin\breakgen64.dll
0x00007ffa201c0000 - 0x00007ffa201da000 	C:\Users\User\.jdks\temurin-1.8.0_302\jre\bin\net.dll
0x00007ffa239d0000 - 0x00007ffa23a3a000 	C:\WINDOWS\system32\mswsock.dll

VM Arguments:
jvm_args: -ea -Didea.test.cyclic.buffer.size=1048576 -javaagent:C:\Program Files\JetBrains\IntelliJ IDEA 2021.2.1\lib\idea_rt.jar=64343:C:\Program Files\JetBrains\IntelliJ IDEA 2021.2.1\bin -Dfile.encoding=UTF-8 
java_command: com.intellij.rt.junit.JUnitStarter -ideVersion5 -junit5 plc.project.LexerTests
java_class_path (initial): C:\Program Files\JetBrains\IntelliJ IDEA 2021.2.1\lib\idea_rt.jar;C:\Users\User\.m2\repository\org\junit\platform\junit-platform-launcher\1.6.2\junit-platform-launcher-1.6.2.jar;C:\Users\User\.m2\repository\org\apiguardian\apiguardian-api\1.1.0\apiguardian-api-1.1.0.jar;C:\Users\User\.m2\repository\org\junit\platform\junit-platform-engine\1.6.2\junit-platform-engine-1.6.2.jar;C:\Users\User\.m2\repository\org\opentest4j\opentest4j\1.2.0\opentest4j-1.2.0.jar;C:\Users\User\.m2\repository\org\junit\platform\junit-platform-commons\1.6.2\junit-platform-commons-1.6.2.jar;C:\Program Files\JetBrains\IntelliJ IDEA 2021.2.1\plugins\junit\lib\junit5-rt.jar;C:\Program Files\JetBrains\IntelliJ IDEA 2021.2.1\plugins\junit\lib\junit-rt.jar;C:\Users\User\.jdks\temurin-1.8.0_302\jre\lib\charsets.jar;C:\Users\User\.jdks\temurin-1.8.0_302\jre\lib\ext\access-bridge-64.jar;C:\Users\User\.jdks\temurin-1.8.0_302\jre\lib\ext\cldrdata.jar;C:\Users\User\.jdks\temurin-1.8.0_302\jre\lib\ext\dnsns.jar;C:\Users\User\.jdks\temurin-1.8.0_302\jre\lib\ext\jaccess.jar;C:\Users\User\.jdks\temurin-1.8.0_302\jre\lib\ext\localedata.jar;C:\Users\User\.jdks\temurin-1.8.0_302\jre\lib\ext\nashorn.jar;C:\Users\User\.jdks\temurin-1.8.0_302\jre\lib\ext\sunec.jar;C:\Users\User\.jdks\temurin-1.8.0_302\jre\lib\ext\sunjce_provider.jar;C:\Users\User\.jdks\temurin-1.8.0_302\jre\lib\ext\sunmscapi.jar;C:\Users\User\.jdks\temurin-1.8.0_302\jre\lib\ext\sunpkcs11.jar;C:\Users\User\.jdks\temurin-1.8.0_302\jre\lib\ext\zipfs.jar;C:\Users\User\.jdks\temurin-1.8.0_302\jre\lib\jce.jar;C:\Users\User\.jdks\temurin-1.8.0_302\jre\lib\jfr.jar;C:\Users\User\.jdks\temurin-1.8.0_302\jre\lib\jsse.jar;C:\Users\User\.jdks\temurin-1.8.0_302\jre\lib\management-agent.jar;C:\Users\User\.jdks\temurin-1.8.0_302\jre\lib\resources.jar;C:\Users\User\.jdks\temurin-1.8.0_302\jre\lib\rt.jar;C:\Users\User\IdeaProjects\PLC\build\classes\java\test;C:\Users\User\IdeaProjects\PLC\build\classes\java\main;C:\Users\User\.gradle\ca
Launcher Type: SUN_STANDARD

Environment Variables:
PATH=C:\Program Files\Eclipse Foundation\jdk-8.0.302.8-hotspot\bin;C:\Program Files (x86)\Common Files\Oracle\Java\javapath;C:\Program Files (x86)\Intel\iCLS Client\;C:\Program Files\Intel\iCLS Client\;C:\WINDOWS\system32;C:\WINDOWS;C:\WINDOWS\System32\Wbem;C:\WINDOWS\System32\WindowsPowerShell\v1.0\;C:\WINDOWS\System32\OpenSSH\;C:\Program Files (x86)\Intel\Intel(R) Management Engine Components\DAL;C:\Program Files\Intel\Intel(R) Management Engine Components\DAL;C:\Program Files (x86)\Intel\Intel(R) Management Engine Components\IPT;C:\Program Files\Intel\Intel(R) Management Engine Components\IPT;C:\Program Files (x86)\Windows Live\Shared;C:\Program Files\MATLAB\R2020b\bin;C:\Program Files\AutoFirma\AutoFirma;C:\Program Files\PuTTY\;C:\Program Files\Git\cmd;C:\Users\User\AppData\Local\Microsoft\WindowsApps;C:\Users\User\AppData\Local\Programs\Microsoft VS Code\bin;C:\Users\User\AppData\Local\Programs\MiKTeX\miktex\bin\x64\;C:\Users\User\AppData\Local\GitHubDesktop\bin;C:\Program Files\JetBrains\IntelliJ IDEA 2021.2.1\bin;
USERNAME=User
OS=Windows_NT
PROCESSOR_IDENTIFIER=Intel64 Family 6 Model 142 Stepping 10, GenuineIntel



---------------  S Y S T E M  ---------------

OS: Windows 10.0 , 64 bit Build 19041 (10.0.19041.1151)

CPU:total 8 (initial active 8) (4 cores per cpu, 2 threads per core) family 6 model 142 stepping 10, cmov, cx8, fxsr, mmx, sse, sse2, sse3, ssse3, sse4.1, sse4.2, popcnt, avx, avx2, aes, clmul, erms, 3dnowpref, lzcnt, ht, tsc, tscinvbit, bmi1, bmi2, adx

Memory: 4k page, physical 8295652k(741336k free), swap 8295652k(2096k free)

vm_info: OpenJDK 64-Bit Server VM (25.302-b08) for windows-amd64 JRE (1.8.0_302-b08), built on Jul 20 2021 21:31:03 by "jenkins" with MS VC++ 12.0 (VS2013)

time: Thu Sep 16 18:20:36 2021
timezone: Hora de verano del Este
elapsed time: 0.880210 seconds (0d 0h 0m 0s)

