#
# There is insufficient memory for the Java Runtime Environment to continue.
# Native memory allocation (malloc) failed to allocate 33216 bytes for Chunk::new
# Possible reasons:
#   The system is out of physical RAM or swap space
#   The process is running with CompressedOops enabled, and the Java Heap may be blocking the growth of the native heap
# Possible solutions:
#   Reduce memory load on the system
#   Increase physical memory or swap space
#   Check if swap backing store is full
#   Decrease Java heap size (-Xmx/-Xms)
#   Decrease number of Java threads
#   Decrease Java thread stack sizes (-Xss)
#   Set larger code cache with -XX:ReservedCodeCacheSize=
#   JVM is running with Unscaled Compressed Oops mode in which the Java heap is
#     placed in the first 4GB address space. The Java Heap base address is the
#     maximum limit for the native heap growth. Please use -XX:HeapBaseMinAddress
#     to set the Java Heap base and to place the Java Heap above 4GB virtual address.
# This output file may be truncated or incomplete.
#
#  Out of Memory Error (allocation.cpp:389), pid=12352, tid=0x0000000000003fcc
#
# JRE version: OpenJDK Runtime Environment (8.0_302-b08) (build 1.8.0_302-b08)
# Java VM: OpenJDK 64-Bit Server VM (25.302-b08 mixed mode windows-amd64 compressed oops)
# Failed to write core dump. Minidumps are not enabled by default on client versions of Windows
#

---------------  T H R E A D  ---------------

Current thread (0x00000205d6f52000):  JavaThread "main" [_thread_in_native, id=16332, stack(0x0000008e9c800000,0x0000008e9c900000)]

Stack: [0x0000008e9c800000,0x0000008e9c900000]
[error occurred during error reporting (printing stack bounds), id 0xc0000005]

Native frames: (J=compiled Java code, j=interpreted, Vv=VM code, C=native code)

Java frames: (J=compiled Java code, j=interpreted, Vv=VM code)
j  jdk.internal.org.objectweb.asm.ClassWriter.visitMethod(ILjava/lang/String;Ljava/lang/String;Ljava/lang/String;[Ljava/lang/String;)Ljdk/internal/org/objectweb/asm/MethodVisitor;+0
j  java.lang.invoke.InvokerBytecodeGenerator.classFilePrologue()V+65
j  java.lang.invoke.InvokerBytecodeGenerator.generateCustomizedCodeBytes()[B+1
j  java.lang.invoke.InvokerBytecodeGenerator.generateCustomizedCode(Ljava/lang/invoke/LambdaForm;Ljava/lang/invoke/MethodType;)Ljava/lang/invoke/MemberName;+14
j  java.lang.invoke.LambdaForm.compileToBytecode()Ljava/lang/invoke/MemberName;+65
j  java.lang.invoke.DirectMethodHandle.makePreparedLambdaForm(Ljava/lang/invoke/MethodType;I)Ljava/lang/invoke/LambdaForm;+713
j  java.lang.invoke.DirectMethodHandle.preparedLambdaForm(Ljava/lang/invoke/MethodType;I)Ljava/lang/invoke/LambdaForm;+17
j  java.lang.invoke.DirectMethodHandle.preparedLambdaForm(Ljava/lang/invoke/MemberName;)Ljava/lang/invoke/LambdaForm;+151
j  java.lang.invoke.DirectMethodHandle.make(BLjava/lang/Class;Ljava/lang/invoke/MemberName;)Ljava/lang/invoke/DirectMethodHandle;+137
j  java.lang.invoke.DirectMethodHandle.make(Ljava/lang/Class;Ljava/lang/invoke/MemberName;)Ljava/lang/invoke/DirectMethodHandle;+16
j  java.lang.invoke.DirectMethodHandle.make(Ljava/lang/invoke/MemberName;)Ljava/lang/invoke/DirectMethodHandle;+17
j  java.lang.invoke.LambdaForm$NamedFunction.resolve()V+5
j  java.lang.invoke.DirectMethodHandle$Lazy.<clinit>()V+415
v  ~StubRoutines::call_stub
j  java.lang.invoke.DirectMethodHandle.makePreparedLambdaForm(Ljava/lang/invoke/MethodType;I)Ljava/lang/invoke/LambdaForm;+443
j  java.lang.invoke.DirectMethodHandle.preparedLambdaForm(Ljava/lang/invoke/MethodType;I)Ljava/lang/invoke/LambdaForm;+17
j  java.lang.invoke.DirectMethodHandle.preparedLambdaForm(Ljava/lang/invoke/MemberName;)Ljava/lang/invoke/LambdaForm;+151
j  java.lang.invoke.DirectMethodHandle.make(BLjava/lang/Class;Ljava/lang/invoke/MemberName;)Ljava/lang/invoke/DirectMethodHandle;+137
j  java.lang.invoke.MethodHandles$Lookup.getDirectMethodCommon(BLjava/lang/Class;Ljava/lang/invoke/MemberName;ZZLjava/lang/Class;)Ljava/lang/invoke/MethodHandle;+201
j  java.lang.invoke.MethodHandles$Lookup.getDirectMethod(BLjava/lang/Class;Ljava/lang/invoke/MemberName;Ljava/lang/Class;)Ljava/lang/invoke/MethodHandle;+8
j  java.lang.invoke.MethodHandles$Lookup.findStatic(Ljava/lang/Class;Ljava/lang/String;Ljava/lang/invoke/MethodType;)Ljava/lang/invoke/MethodHandle;+23
j  java.lang.invoke.BoundMethodHandle$Factory.makeCbmhCtor(Ljava/lang/Class;Ljava/lang/String;)Ljava/lang/invoke/MethodHandle;+15
j  java.lang.invoke.BoundMethodHandle$Factory.makeCtors(Ljava/lang/Class;Ljava/lang/String;[Ljava/lang/invoke/MethodHandle;)[Ljava/lang/invoke/MethodHandle;+24
j  java.lang.invoke.BoundMethodHandle$SpeciesData.initForBootstrap()V+52
j  java.lang.invoke.BoundMethodHandle$SpeciesData.<clinit>()V+49
v  ~StubRoutines::call_stub
j  java.lang.invoke.BoundMethodHandle.<clinit>()V+22
v  ~StubRoutines::call_stub
j  java.lang.invoke.LambdaForm.createIdentityForms()V+551
j  java.lang.invoke.LambdaForm.<clinit>()V+173
v  ~StubRoutines::call_stub
j  java.lang.invoke.DirectMethodHandle.makePreparedLambdaForm(Ljava/lang/invoke/MethodType;I)Ljava/lang/invoke/LambdaForm;+316
j  java.lang.invoke.DirectMethodHandle.preparedLambdaForm(Ljava/lang/invoke/MethodType;I)Ljava/lang/invoke/LambdaForm;+17
j  java.lang.invoke.DirectMethodHandle.preparedLambdaForm(Ljava/lang/invoke/MemberName;)Ljava/lang/invoke/LambdaForm;+151
j  java.lang.invoke.DirectMethodHandle.make(BLjava/lang/Class;Ljava/lang/invoke/MemberName;)Ljava/lang/invoke/DirectMethodHandle;+137
j  java.lang.invoke.MethodHandles$Lookup.getDirectMethodCommon(BLjava/lang/Class;Ljava/lang/invoke/MemberName;ZZLjava/lang/Class;)Ljava/lang/invoke/MethodHandle;+201
j  java.lang.invoke.MethodHandles$Lookup.getDirectMethodNoSecurityManager(BLjava/lang/Class;Ljava/lang/invoke/MemberName;Ljava/lang/Class;)Ljava/lang/invoke/MethodHandle;+8
j  java.lang.invoke.MethodHandles$Lookup.getDirectMethodForConstant(BLjava/lang/Class;Ljava/lang/invoke/MemberName;)Ljava/lang/invoke/MethodHandle;+30
j  java.lang.invoke.MethodHandles$Lookup.linkMethodHandleConstant(BLjava/lang/Class;Ljava/lang/String;Ljava/lang/Object;)Ljava/lang/invoke/MethodHandle;+115
j  java.lang.invoke.MethodHandleNatives.linkMethodHandleConstant(Ljava/lang/Class;ILjava/lang/Class;Ljava/lang/String;Ljava/lang/Object;)Ljava/lang/invoke/MethodHandle;+38
v  ~StubRoutines::call_stub
j  org.junit.platform.engine.UniqueIdFormat.<init>(CCCC)V+84
j  org.junit.platform.engine.UniqueIdFormat.<clinit>()V+12
v  ~StubRoutines::call_stub
j  org.junit.platform.engine.UniqueId.root(Ljava/lang/String;Ljava/lang/String;)Lorg/junit/platform/engine/UniqueId;+4
j  org.junit.platform.engine.UniqueId.forEngine(Ljava/lang/String;)Lorg/junit/platform/engine/UniqueId;+10
j  com.intellij.junit5.JUnit5IdeaTestRunner.<clinit>()V+6
v  ~StubRoutines::call_stub
j  java.lang.Class.forName0(Ljava/lang/String;ZLjava/lang/ClassLoader;Ljava/lang/Class;)Ljava/lang/Class;+0
j  java.lang.Class.forName(Ljava/lang/String;)Ljava/lang/Class;+11
j  com.intellij.rt.junit.JUnitStarter.getAgentClass(Ljava/lang/String;)Ljava/lang/Class;+1
j  com.intellij.rt.junit.JUnitStarter.prepareStreamsAndStart([Ljava/lang/String;Ljava/lang/String;Ljava/util/ArrayList;Ljava/lang/String;)I+1
j  com.intellij.rt.junit.JUnitStarter.main([Ljava/lang/String;)V+97
v  ~StubRoutines::call_stub

---------------  P R O C E S S  ---------------

Java Threads: ( => current thread )
  0x00000205ef338800 JavaThread "Service Thread" daemon [_thread_blocked, id=5868, stack(0x0000008e9db00000,0x0000008e9dc00000)]
  0x00000205eefa1800 JavaThread "C1 CompilerThread3" daemon [_thread_blocked, id=5552, stack(0x0000008e9da00000,0x0000008e9db00000)]
  0x00000205eef60800 JavaThread "C2 CompilerThread2" daemon [_thread_blocked, id=13472, stack(0x0000008e9d900000,0x0000008e9da00000)]
  0x00000205eef44800 JavaThread "C2 CompilerThread1" daemon [_thread_blocked, id=4824, stack(0x0000008e9d800000,0x0000008e9d900000)]
  0x00000205eef41000 JavaThread "C2 CompilerThread0" daemon [_thread_blocked, id=11420, stack(0x0000008e9d700000,0x0000008e9d800000)]
  0x00000205eef3d800 JavaThread "Monitor Ctrl-Break" daemon [_thread_in_native, id=12804, stack(0x0000008e9d600000,0x0000008e9d700000)]
  0x00000205ed0ce800 JavaThread "Attach Listener" daemon [_thread_blocked, id=8628, stack(0x0000008e9d500000,0x0000008e9d600000)]
  0x00000205ed0ca000 JavaThread "Signal Dispatcher" daemon [_thread_blocked, id=12992, stack(0x0000008e9d400000,0x0000008e9d500000)]
  0x00000205ed0a5800 JavaThread "Finalizer" daemon [_thread_blocked, id=9340, stack(0x0000008e9d300000,0x0000008e9d400000)]
  0x00000205ed09d800 JavaThread "Reference Handler" daemon [_thread_blocked, id=6280, stack(0x0000008e9d200000,0x0000008e9d300000)]
=>0x00000205d6f52000 JavaThread "main" [_thread_in_native, id=16332, stack(0x0000008e9c800000,0x0000008e9c900000)]

Other Threads:
  0x00000205ed073000 VMThread [stack: 0x0000008e9d100000,0x0000008e9d200000] [id=11964]
  0x00000205eefc1800 WatcherThread [stack: 0x0000008e9dc00000,0x0000008e9dd00000] [id=11144]

VM state:not at safepoint (normal execution)

VM Mutex/Monitor currently owned by a thread: None

heap address: 0x0000000081600000, size: 2026 MB, Compressed Oops mode: 32-bit
Narrow klass base: 0x0000000000000000, Narrow klass shift: 3
Compressed class space size: 1073741824 Address: 0x0000000100000000

Heap:
 PSYoungGen      total 38400K, used 4013K [0x00000000d5d00000, 0x00000000d8780000, 0x0000000100000000)
  eden space 33280K, 12% used [0x00000000d5d00000,0x00000000d60eb490,0x00000000d7d80000)
  from space 5120K, 0% used [0x00000000d8280000,0x00000000d8280000,0x00000000d8780000)
  to   space 5120K, 0% used [0x00000000d7d80000,0x00000000d7d80000,0x00000000d8280000)
 ParOldGen       total 87552K, used 0K [0x0000000081600000, 0x0000000086b80000, 0x00000000d5d00000)
  object space 87552K, 0% used [0x0000000081600000,0x0000000081600000,0x0000000086b80000)
 Metaspace       used 4271K, capacity 4812K, committed 4864K, reserved 1056768K
  class space    used 468K, capacity 500K, committed 512K, reserved 1048576K

Card table byte_map: [0x00000205e7c40000,0x00000205e8040000] byte_map_base: 0x00000205e7835000

Marking Bits: (ParMarkBitMap*) 0x0000000071e7c820
 Begin Bits: [0x00000205e82f0000, 0x00000205ea298000)
 End Bits:   [0x00000205ea298000, 0x00000205ec240000)

Polling page: 0x00000205d7030000

CodeCache: size=245760Kb used=1254Kb max_used=1254Kb free=244505Kb
 bounds [0x00000205d8880000, 0x00000205d8af0000, 0x00000205e7880000]
 total_blobs=373 nmethods=100 adapters=186
 compilation: enabled

Compilation events (10 events):
Event: 0.192 Thread 0x00000205eefa1800   92       3       java.lang.Byte::<init> (10 bytes)
Event: 0.192 Thread 0x00000205eefa1800 nmethod 92 0x00000205d89b7750 code [0x00000205d89b78c0, 0x00000205d89b7ad8]
Event: 0.193 Thread 0x00000205eefa1800   93       3       java.lang.Short::<init> (10 bytes)
Event: 0.193 Thread 0x00000205eefa1800 nmethod 93 0x00000205d89b7bd0 code [0x00000205d89b7d40, 0x00000205d89b7f58]
Event: 0.193 Thread 0x00000205eefa1800   94       3       java.lang.Long::<init> (10 bytes)
Event: 0.193 Thread 0x00000205eefa1800 nmethod 94 0x00000205d89b8050 code [0x00000205d89b81c0, 0x00000205d89b83d8]
Event: 0.194 Thread 0x00000205eefa1800   95       1       java.lang.Class::getClassLoader0 (5 bytes)
Event: 0.194 Thread 0x00000205eefa1800 nmethod 95 0x00000205d89b84d0 code [0x00000205d89b8620, 0x00000205d89b8738]
Event: 0.198 Thread 0x00000205eefa1800   99       1       java.lang.reflect.Method::getName (5 bytes)
Event: 0.199 Thread 0x00000205eefa1800 nmethod 99 0x00000205d89b9590 code [0x00000205d89b96e0, 0x00000205d89b97f8]

GC Heap History (0 events):
No events

Deoptimization events (0 events):
No events

Classes redefined (0 events):
No events

Internal exceptions (6 events):
Event: 0.047 Thread 0x00000205d6f52000 Exception <a 'java/lang/NoSuchMethodError': Method sun.misc.Unsafe.defineClass(Ljava/lang/String;[BII)Ljava/lang/Class; name or signature does not match> (0x00000000d5d07cc0) thrown at [J:\jenkins\tmp\workspace\build\src\hotspot\src\share\vm\prims\jni.cpp
Event: 0.047 Thread 0x00000205d6f52000 Exception <a 'java/lang/NoSuchMethodError': Method sun.misc.Unsafe.prefetchRead(Ljava/lang/Object;J)V name or signature does not match> (0x00000000d5d07fa8) thrown at [J:\jenkins\tmp\workspace\build\src\hotspot\src\share\vm\prims\jni.cpp, line 4014]
Event: 0.169 Thread 0x00000205d6f52000 Exception <a 'java/security/PrivilegedActionException'> (0x00000000d6039c90) thrown at [J:\jenkins\tmp\workspace\build\src\hotspot\src\share\vm\prims\jvm.cpp, line 1523]
Event: 0.169 Thread 0x00000205d6f52000 Exception <a 'java/security/PrivilegedActionException'> (0x00000000d603a088) thrown at [J:\jenkins\tmp\workspace\build\src\hotspot\src\share\vm\prims\jvm.cpp, line 1523]
Event: 0.170 Thread 0x00000205d6f52000 Exception <a 'java/security/PrivilegedActionException'> (0x00000000d603d460) thrown at [J:\jenkins\tmp\workspace\build\src\hotspot\src\share\vm\prims\jvm.cpp, line 1523]
Event: 0.170 Thread 0x00000205d6f52000 Exception <a 'java/security/PrivilegedActionException'> (0x00000000d603d858) thrown at [J:\jenkins\tmp\workspace\build\src\hotspot\src\share\vm\prims\jvm.cpp, line 1523]

Events (10 events):
Event: 0.199 loading class java/lang/invoke/InvokerBytecodeGenerator done
Event: 0.199 loading class jdk/internal/org/objectweb/asm/ClassWriter
Event: 0.200 loading class jdk/internal/org/objectweb/asm/ClassVisitor
Event: 0.200 loading class jdk/internal/org/objectweb/asm/ClassVisitor done
Event: 0.200 loading class jdk/internal/org/objectweb/asm/ClassWriter done
Event: 0.200 loading class jdk/internal/org/objectweb/asm/ByteVector
Event: 0.200 loading class jdk/internal/org/objectweb/asm/ByteVector done
Event: 0.200 loading class jdk/internal/org/objectweb/asm/Item
Event: 0.200 loading class jdk/internal/org/objectweb/asm/Item done
Event: 0.200 loading class jdk/internal/org/objectweb/asm/MethodWriter


Dynamic libraries:
0x00007ff692170000 - 0x00007ff6921aa000 	C:\Users\User\.jdks\temurin-1.8.0_302\bin\java.exe
0x00007ffe9d170000 - 0x00007ffe9d365000 	C:\WINDOWS\SYSTEM32\ntdll.dll
0x00007ffe74de0000 - 0x00007ffe74df5000 	C:\Program Files\AVAST Software\Avast\aswhook.dll
0x00007ffe9b340000 - 0x00007ffe9b3fe000 	C:\WINDOWS\System32\KERNEL32.DLL
0x00007ffe9aa60000 - 0x00007ffe9ad29000 	C:\WINDOWS\System32\KERNELBASE.dll
0x00007ffe9b710000 - 0x00007ffe9b7bc000 	C:\WINDOWS\System32\ADVAPI32.dll
0x00007ffe9b650000 - 0x00007ffe9b6ee000 	C:\WINDOWS\System32\msvcrt.dll
0x00007ffe9cdd0000 - 0x00007ffe9ce6b000 	C:\WINDOWS\System32\sechost.dll
0x00007ffe9ce70000 - 0x00007ffe9cf9a000 	C:\WINDOWS\System32\RPCRT4.dll
0x00007ffe9b460000 - 0x00007ffe9b601000 	C:\WINDOWS\System32\USER32.dll
0x00007ffe9a860000 - 0x00007ffe9a882000 	C:\WINDOWS\System32\win32u.dll
0x00007ffe9b1f0000 - 0x00007ffe9b21b000 	C:\WINDOWS\System32\GDI32.dll
0x00007ffe9aff0000 - 0x00007ffe9b0fb000 	C:\WINDOWS\System32\gdi32full.dll
0x00007ffe9a9c0000 - 0x00007ffe9aa5d000 	C:\WINDOWS\System32\msvcp_win.dll
0x00007ffe9ad30000 - 0x00007ffe9ae30000 	C:\WINDOWS\System32\ucrtbase.dll
0x00007ffe87570000 - 0x00007ffe8780a000 	C:\WINDOWS\WinSxS\amd64_microsoft.windows.common-controls_6595b64144ccf1df_6.0.19041.1110_none_60b5254171f9507e\COMCTL32.dll
0x00007ffe9b620000 - 0x00007ffe9b650000 	C:\WINDOWS\System32\IMM32.DLL
0x00007ffe7ad70000 - 0x00007ffe7ae5f000 	C:\Users\User\.jdks\temurin-1.8.0_302\jre\bin\msvcr120.dll
0x00007ffe74d30000 - 0x00007ffe74dd6000 	C:\Users\User\.jdks\temurin-1.8.0_302\jre\bin\msvcp120.dll
0x0000000071690000 - 0x0000000071efb000 	C:\Users\User\.jdks\temurin-1.8.0_302\jre\bin\server\jvm.dll
0x00007ffe9d0f0000 - 0x00007ffe9d0f8000 	C:\WINDOWS\System32\PSAPI.DLL
0x00007ffe806d0000 - 0x00007ffe806f7000 	C:\WINDOWS\SYSTEM32\WINMM.dll
0x00007ffe922e0000 - 0x00007ffe922ea000 	C:\WINDOWS\SYSTEM32\VERSION.dll
0x00007ffe883a0000 - 0x00007ffe883a9000 	C:\WINDOWS\SYSTEM32\WSOCK32.dll
0x00007ffe9b9f0000 - 0x00007ffe9ba5b000 	C:\WINDOWS\System32\WS2_32.dll
0x00007ffe95050000 - 0x00007ffe9505f000 	C:\Users\User\.jdks\temurin-1.8.0_302\jre\bin\verify.dll
0x00007ffe93060000 - 0x00007ffe93089000 	C:\Users\User\.jdks\temurin-1.8.0_302\jre\bin\java.dll
0x00007ffe92af0000 - 0x00007ffe92b1a000 	C:\Users\User\.jdks\temurin-1.8.0_302\jre\bin\instrument.dll
0x00007ffe94990000 - 0x00007ffe949a6000 	C:\Users\User\.jdks\temurin-1.8.0_302\jre\bin\zip.dll
0x00007ffe9c3d0000 - 0x00007ffe9cb0f000 	C:\WINDOWS\System32\SHELL32.dll
0x00007ffe98630000 - 0x00007ffe98dc0000 	C:\WINDOWS\SYSTEM32\windows.storage.dll
0x00007ffe9bb40000 - 0x00007ffe9be95000 	C:\WINDOWS\System32\combase.dll
0x00007ffe9a1e0000 - 0x00007ffe9a20c000 	C:\WINDOWS\SYSTEM32\Wldp.dll
0x00007ffe9c320000 - 0x00007ffe9c3ce000 	C:\WINDOWS\System32\SHCORE.dll
0x00007ffe9b190000 - 0x00007ffe9b1e5000 	C:\WINDOWS\System32\shlwapi.dll
0x00007ffe9a7a0000 - 0x00007ffe9a7bf000 	C:\WINDOWS\SYSTEM32\profapi.dll
0x00007ffe92940000 - 0x00007ffe9295a000 	C:\Program Files\JetBrains\IntelliJ IDEA 2021.2.1\bin\breakgen64.dll
0x00007ffe93040000 - 0x00007ffe9305a000 	C:\Users\User\.jdks\temurin-1.8.0_302\jre\bin\net.dll
0x00007ffe99ef0000 - 0x00007ffe99f5a000 	C:\WINDOWS\system32\mswsock.dll

VM Arguments:
jvm_args: -ea -Didea.test.cyclic.buffer.size=1048576 -javaagent:C:\Program Files\JetBrains\IntelliJ IDEA 2021.2.1\lib\idea_rt.jar=53868:C:\Program Files\JetBrains\IntelliJ IDEA 2021.2.1\bin -Dfile.encoding=UTF-8 
java_command: com.intellij.rt.junit.JUnitStarter -ideVersion5 -junit5 plc.project.ParserExpressionTests
java_class_path (initial): C:\Program Files\JetBrains\IntelliJ IDEA 2021.2.1\lib\idea_rt.jar;C:\Users\User\.m2\repository\org\junit\platform\junit-platform-launcher\1.6.2\junit-platform-launcher-1.6.2.jar;C:\Users\User\.m2\repository\org\apiguardian\apiguardian-api\1.1.0\apiguardian-api-1.1.0.jar;C:\Users\User\.m2\repository\org\junit\platform\junit-platform-engine\1.6.2\junit-platform-engine-1.6.2.jar;C:\Users\User\.m2\repository\org\opentest4j\opentest4j\1.2.0\opentest4j-1.2.0.jar;C:\Users\User\.m2\repository\org\junit\platform\junit-platform-commons\1.6.2\junit-platform-commons-1.6.2.jar;C:\Program Files\JetBrains\IntelliJ IDEA 2021.2.1\plugins\junit\lib\junit5-rt.jar;C:\Program Files\JetBrains\IntelliJ IDEA 2021.2.1\plugins\junit\lib\junit-rt.jar;C:\Users\User\.jdks\temurin-1.8.0_302\jre\lib\charsets.jar;C:\Users\User\.jdks\temurin-1.8.0_302\jre\lib\ext\access-bridge-64.jar;C:\Users\User\.jdks\temurin-1.8.0_302\jre\lib\ext\cldrdata.jar;C:\Users\User\.jdks\temurin-1.8.0_302\jre\lib\ext\dnsns.jar;C:\Users\User\.jdks\temurin-1.8.0_302\jre\lib\ext\jaccess.jar;C:\Users\User\.jdks\temurin-1.8.0_302\jre\lib\ext\localedata.jar;C:\Users\User\.jdks\temurin-1.8.0_302\jre\lib\ext\nashorn.jar;C:\Users\User\.jdks\temurin-1.8.0_302\jre\lib\ext\sunec.jar;C:\Users\User\.jdks\temurin-1.8.0_302\jre\lib\ext\sunjce_provider.jar;C:\Users\User\.jdks\temurin-1.8.0_302\jre\lib\ext\sunmscapi.jar;C:\Users\User\.jdks\temurin-1.8.0_302\jre\lib\ext\sunpkcs11.jar;C:\Users\User\.jdks\temurin-1.8.0_302\jre\lib\ext\zipfs.jar;C:\Users\User\.jdks\temurin-1.8.0_302\jre\lib\jce.jar;C:\Users\User\.jdks\temurin-1.8.0_302\jre\lib\jfr.jar;C:\Users\User\.jdks\temurin-1.8.0_302\jre\lib\jsse.jar;C:\Users\User\.jdks\temurin-1.8.0_302\jre\lib\management-agent.jar;C:\Users\User\.jdks\temurin-1.8.0_302\jre\lib\resources.jar;C:\Users\User\.jdks\temurin-1.8.0_302\jre\lib\rt.jar;C:\Users\User\IdeaProjects\PLC\build\classes\java\test;C:\Users\User\IdeaProjects\PLC\build\classes\java\main;C:\Users\User\.gradle\ca
Launcher Type: SUN_STANDARD

Environment Variables:
PATH=C:\Program Files\Eclipse Foundation\jdk-8.0.302.8-hotspot\bin;C:\Program Files (x86)\Common Files\Oracle\Java\javapath;C:\Program Files (x86)\Intel\iCLS Client\;C:\Program Files\Intel\iCLS Client\;C:\WINDOWS\system32;C:\WINDOWS;C:\WINDOWS\System32\Wbem;C:\WINDOWS\System32\WindowsPowerShell\v1.0\;C:\WINDOWS\System32\OpenSSH\;C:\Program Files (x86)\Intel\Intel(R) Management Engine Components\DAL;C:\Program Files\Intel\Intel(R) Management Engine Components\DAL;C:\Program Files (x86)\Intel\Intel(R) Management Engine Components\IPT;C:\Program Files\Intel\Intel(R) Management Engine Components\IPT;C:\Program Files (x86)\Windows Live\Shared;C:\Program Files\MATLAB\R2020b\bin;C:\Program Files\AutoFirma\AutoFirma;C:\Program Files\PuTTY\;C:\Program Files\Git\cmd;C:\Users\User\AppData\Local\Microsoft\WindowsApps;C:\Users\User\AppData\Local\Programs\Microsoft VS Code\bin;C:\Users\User\AppData\Local\Programs\MiKTeX\miktex\bin\x64\;C:\Users\User\AppData\Local\GitHubDesktop\bin;C:\Program Files\JetBrains\IntelliJ IDEA 2021.2.1\bin;
USERNAME=User
OS=Windows_NT
PROCESSOR_IDENTIFIER=Intel64 Family 6 Model 142 Stepping 10, GenuineIntel



---------------  S Y S T E M  ---------------

OS: Windows 10.0 , 64 bit Build 19041 (10.0.19041.1202)

CPU:total 8 (initial active 8) (4 cores per cpu, 2 threads per core) family 6 model 142 stepping 10, cmov, cx8, fxsr, mmx, sse, sse2, sse3, ssse3, sse4.1, sse4.2, popcnt, avx, avx2, aes, clmul, erms, 3dnowpref, lzcnt, ht, tsc, tscinvbit, bmi1, bmi2, adx

Memory: 4k page, physical 8295652k(917776k free), swap 8295652k(984k free)

vm_info: OpenJDK 64-Bit Server VM (25.302-b08) for windows-amd64 JRE (1.8.0_302-b08), built on Jul 20 2021 21:31:03 by "jenkins" with MS VC++ 12.0 (VS2013)

time: Wed Sep 29 20:40:45 2021
timezone: Hora de verano del Este
elapsed time: 0.213606 seconds (0d 0h 0m 0s)

