#
# There is insufficient memory for the Java Runtime Environment to continue.
# Native memory allocation (malloc) failed to allocate 794736 bytes for Chunk::new
# Possible reasons:
#   The system is out of physical RAM or swap space
#   The process is running with CompressedOops enabled, and the Java Heap may be blocking the growth of the native heap
# Possible solutions:
#   Reduce memory load on the system
#   Increase physical memory or swap space
#   Check if swap backing store is full
#   Decrease Java heap size (-Xmx/-Xms)
#   Decrease number of Java threads
#   Decrease Java thread stack sizes (-Xss)
#   Set larger code cache with -XX:ReservedCodeCacheSize=
#   JVM is running with Unscaled Compressed Oops mode in which the Java heap is
#     placed in the first 4GB address space. The Java Heap base address is the
#     maximum limit for the native heap growth. Please use -XX:HeapBaseMinAddress
#     to set the Java Heap base and to place the Java Heap above 4GB virtual address.
# This output file may be truncated or incomplete.
#
#  Out of Memory Error (allocation.cpp:389), pid=15916, tid=0x0000000000003184
#
# JRE version: OpenJDK Runtime Environment (8.0_302-b08) (build 1.8.0_302-b08)
# Java VM: OpenJDK 64-Bit Server VM (25.302-b08 mixed mode windows-amd64 compressed oops)
# Failed to write core dump. Minidumps are not enabled by default on client versions of Windows
#

---------------  T H R E A D  ---------------

Current thread (0x0000023616ee4000):  JavaThread "C2 CompilerThread0" daemon [_thread_in_native, id=12676, stack(0x000000c0c5400000,0x000000c0c5500000)]

Stack: [0x000000c0c5400000,0x000000c0c5500000]
[error occurred during error reporting (printing stack bounds), id 0xc0000005]

Native frames: (J=compiled Java code, j=interpreted, Vv=VM code, C=native code)


Current CompileTask:
C2:   3815 1456       4       java.net.URLClassLoader$1::run (5 bytes)


---------------  P R O C E S S  ---------------

Java Threads: ( => current thread )
  0x000002361a449800 JavaThread "Cache worker for file hash cache (C:\Users\User\.gradle\caches\6.3\fileHashes)" [_thread_blocked, id=8296, stack(0x000000c0c6600000,0x000000c0c6700000)]
  0x000002361a448000 JavaThread "File lock request listener" [_thread_in_native, id=15304, stack(0x000000c0c6500000,0x000000c0c6600000)]
  0x000002361a448800 JavaThread "Cache worker for journal cache (C:\Users\User\.gradle\caches\journal-1)" [_thread_blocked, id=12008, stack(0x000000c0c6400000,0x000000c0c6500000)]
  0x000002361a404800 JavaThread "Thread-9" [_thread_blocked, id=4860, stack(0x000000c0c6300000,0x000000c0c6400000)]
  0x0000023619e8d000 JavaThread "Stdin handler" [_thread_blocked, id=13664, stack(0x000000c0c6200000,0x000000c0c6300000)]
  0x0000023619e8a000 JavaThread "Asynchronous log dispatcher for DefaultDaemonConnection: socket connection from /127.0.0.1:51506 to /127.0.0.1:51507" [_thread_blocked, id=11872, stack(0x000000c0c6100000,0x000000c0c6200000)]
  0x0000023619e83000 JavaThread "Daemon worker" [_thread_in_Java, id=15092, stack(0x000000c0c6000000,0x000000c0c6100000)]
  0x000002361a3f9800 JavaThread "Cancel handler" [_thread_blocked, id=15576, stack(0x000000c0c5f00000,0x000000c0c6000000)]
  0x0000023619d61000 JavaThread "Handler for socket connection from /127.0.0.1:51506 to /127.0.0.1:51507" [_thread_in_native, id=2520, stack(0x000000c0c5e00000,0x000000c0c5f00000)]
  0x0000023619d5d800 JavaThread "Daemon" [_thread_blocked, id=13652, stack(0x000000c0c5d00000,0x000000c0c5e00000)]
  0x0000023619d57000 JavaThread "Daemon periodic checks" [_thread_blocked, id=15680, stack(0x000000c0c5c00000,0x000000c0c5d00000)]
  0x0000023619d3b000 JavaThread "Incoming local TCP Connector on port 51506" [_thread_in_native, id=9028, stack(0x000000c0c5b00000,0x000000c0c5c00000)]
  0x0000023619d1f800 JavaThread "Daemon health stats" [_thread_blocked, id=9180, stack(0x000000c0c5a00000,0x000000c0c5b00000)]
  0x00000236182e0800 JavaThread "Service Thread" daemon [_thread_blocked, id=13480, stack(0x000000c0c5800000,0x000000c0c5900000)]
  0x0000023616f3b000 JavaThread "C1 CompilerThread3" daemon [_thread_blocked, id=16132, stack(0x000000c0c5700000,0x000000c0c5800000)]
  0x0000023616ee8800 JavaThread "C2 CompilerThread2" daemon [_thread_blocked, id=3896, stack(0x000000c0c5600000,0x000000c0c5700000)]
  0x0000023616ee5800 JavaThread "C2 CompilerThread1" daemon [_thread_blocked, id=8196, stack(0x000000c0c5500000,0x000000c0c5600000)]
=>0x0000023616ee4000 JavaThread "C2 CompilerThread0" daemon [_thread_in_native, id=12676, stack(0x000000c0c5400000,0x000000c0c5500000)]
  0x0000023616edc000 JavaThread "Attach Listener" daemon [_thread_blocked, id=16316, stack(0x000000c0c5300000,0x000000c0c5400000)]
  0x0000023616edb000 JavaThread "Signal Dispatcher" daemon [_thread_blocked, id=11164, stack(0x000000c0c5200000,0x000000c0c5300000)]
  0x000002361629d800 JavaThread "Finalizer" daemon [_thread_blocked, id=10752, stack(0x000000c0c5100000,0x000000c0c5200000)]
  0x000002361629b800 JavaThread "Reference Handler" daemon [_thread_blocked, id=14048, stack(0x000000c0c5000000,0x000000c0c5100000)]
  0x00000236038e5000 JavaThread "main" [_thread_blocked, id=756, stack(0x000000c0c4600000,0x000000c0c4700000)]

Other Threads:
  0x0000023616e86800 VMThread [stack: 0x000000c0c4f00000,0x000000c0c5000000] [id=16496]
  0x0000023616f5e800 WatcherThread [stack: 0x000000c0c5900000,0x000000c0c5a00000] [id=9908]

VM state:not at safepoint (normal execution)

VM Mutex/Monitor currently owned by a thread: None

heap address: 0x00000000e0000000, size: 512 MB, Compressed Oops mode: 32-bit
Narrow klass base: 0x0000000000000000, Narrow klass shift: 3
Compressed class space size: 1073741824 Address: 0x0000000100000000

Heap:
 PSYoungGen      total 76288K, used 11383K [0x00000000f5580000, 0x00000000faa80000, 0x0000000100000000)
  eden space 65536K, 2% used [0x00000000f5580000,0x00000000f57621c8,0x00000000f9580000)
  from space 10752K, 87% used [0x00000000fa000000,0x00000000fa93bc48,0x00000000faa80000)
  to   space 10752K, 0% used [0x00000000f9580000,0x00000000f9580000,0x00000000fa000000)
 ParOldGen       total 175104K, used 24K [0x00000000e0000000, 0x00000000eab00000, 0x00000000f5580000)
  object space 175104K, 0% used [0x00000000e0000000,0x00000000e0006000,0x00000000eab00000)
 Metaspace       used 15332K, capacity 15740K, committed 15872K, reserved 1062912K
  class space    used 2076K, capacity 2220K, committed 2304K, reserved 1048576K

Card table byte_map: [0x00000236146e0000,0x00000236147f0000] byte_map_base: 0x0000023613fe0000

Marking Bits: (ParMarkBitMap*) 0x000000006a56c820
 Begin Bits: [0x00000236148a0000, 0x00000236150a0000)
 End Bits:   [0x00000236150a0000, 0x00000236158a0000)

Polling page: 0x0000023603b30000

CodeCache: size=245760Kb used=5164Kb max_used=5174Kb free=240595Kb
 bounds [0x0000023605320000, 0x0000023605840000, 0x0000023614320000]
 total_blobs=1851 nmethods=1460 adapters=303
 compilation: enabled

Compilation events (10 events):
Event: 3.752 Thread 0x0000023616f3b000 nmethod 1457 0x000002360582b290 code [0x000002360582b400, 0x000002360582b618]
Event: 3.754 Thread 0x0000023616ee5800 nmethod 1455 0x000002360582e790 code [0x000002360582e920, 0x000002360582ed78]
Event: 3.755 Thread 0x0000023616f3b000 1458       3       java.lang.ReflectiveOperationException::<init> (7 bytes)
Event: 3.755 Thread 0x0000023616f3b000 nmethod 1458 0x000002360582e350 code [0x000002360582e4c0, 0x000002360582e6b0]
Event: 3.755 Thread 0x0000023616f3b000 1459       3       java.lang.Exception::<init> (7 bytes)
Event: 3.755 Thread 0x0000023616f3b000 nmethod 1459 0x000002360582dfd0 code [0x000002360582e140, 0x000002360582e2d0]
Event: 3.794 Thread 0x0000023616ee8800 1460       4       java.lang.ref.ReferenceQueue::reallyPoll (65 bytes)
Event: 3.796 Thread 0x0000023616ee8800 nmethod 1460 0x000002360582c390 code [0x000002360582c4c0, 0x000002360582c5f8]
Event: 3.800 Thread 0x0000023616f3b000 1462       3       java.util.zip.Inflater::finalize (5 bytes)
Event: 3.800 Thread 0x0000023616f3b000 nmethod 1462 0x000002360582bc10 code [0x000002360582bd80, 0x000002360582bf30]

GC Heap History (4 events):
Event: 1.130 GC heap before
{Heap before GC invocations=1 (full 0):
 PSYoungGen      total 76288K, used 65536K [0x00000000f5580000, 0x00000000faa80000, 0x0000000100000000)
  eden space 65536K, 100% used [0x00000000f5580000,0x00000000f9580000,0x00000000f9580000)
  from space 10752K, 0% used [0x00000000fa000000,0x00000000fa000000,0x00000000faa80000)
  to   space 10752K, 0% used [0x00000000f9580000,0x00000000f9580000,0x00000000fa000000)
 ParOldGen       total 175104K, used 0K [0x00000000e0000000, 0x00000000eab00000, 0x00000000f5580000)
  object space 175104K, 0% used [0x00000000e0000000,0x00000000e0000000,0x00000000eab00000)
 Metaspace       used 7749K, capacity 8098K, committed 8320K, reserved 1056768K
  class space    used 971K, capacity 1081K, committed 1152K, reserved 1048576K
Event: 1.136 GC heap after
Heap after GC invocations=1 (full 0):
 PSYoungGen      total 76288K, used 5721K [0x00000000f5580000, 0x00000000faa80000, 0x0000000100000000)
  eden space 65536K, 0% used [0x00000000f5580000,0x00000000f5580000,0x00000000f9580000)
  from space 10752K, 53% used [0x00000000f9580000,0x00000000f9b167c8,0x00000000fa000000)
  to   space 10752K, 0% used [0x00000000fa000000,0x00000000fa000000,0x00000000faa80000)
 ParOldGen       total 175104K, used 16K [0x00000000e0000000, 0x00000000eab00000, 0x00000000f5580000)
  object space 175104K, 0% used [0x00000000e0000000,0x00000000e0004000,0x00000000eab00000)
 Metaspace       used 7749K, capacity 8098K, committed 8320K, reserved 1056768K
  class space    used 971K, capacity 1081K, committed 1152K, reserved 1048576K
}
Event: 3.781 GC heap before
{Heap before GC invocations=2 (full 0):
 PSYoungGen      total 76288K, used 71257K [0x00000000f5580000, 0x00000000faa80000, 0x0000000100000000)
  eden space 65536K, 100% used [0x00000000f5580000,0x00000000f9580000,0x00000000f9580000)
  from space 10752K, 53% used [0x00000000f9580000,0x00000000f9b167c8,0x00000000fa000000)
  to   space 10752K, 0% used [0x00000000fa000000,0x00000000fa000000,0x00000000faa80000)
 ParOldGen       total 175104K, used 16K [0x00000000e0000000, 0x00000000eab00000, 0x00000000f5580000)
  object space 175104K, 0% used [0x00000000e0000000,0x00000000e0004000,0x00000000eab00000)
 Metaspace       used 15157K, capacity 15580K, committed 15872K, reserved 1062912K
  class space    used 2043K, capacity 2188K, committed 2304K, reserved 1048576K
Event: 3.791 GC heap after
Heap after GC invocations=2 (full 0):
 PSYoungGen      total 76288K, used 9455K [0x00000000f5580000, 0x00000000faa80000, 0x0000000100000000)
  eden space 65536K, 0% used [0x00000000f5580000,0x00000000f5580000,0x00000000f9580000)
  from space 10752K, 87% used [0x00000000fa000000,0x00000000fa93bc48,0x00000000faa80000)
  to   space 10752K, 0% used [0x00000000f9580000,0x00000000f9580000,0x00000000fa000000)
 ParOldGen       total 175104K, used 24K [0x00000000e0000000, 0x00000000eab00000, 0x00000000f5580000)
  object space 175104K, 0% used [0x00000000e0000000,0x00000000e0006000,0x00000000eab00000)
 Metaspace       used 15157K, capacity 15580K, committed 15872K, reserved 1062912K
  class space    used 2043K, capacity 2188K, committed 2304K, reserved 1048576K
}

Deoptimization events (10 events):
Event: 1.310 Thread 0x00000236038e5000 Uncommon trap: reason=unstable_if action=reinterpret pc=0x0000023605591444 method=java.util.HashMap.getNode(ILjava/lang/Object;)Ljava/util/HashMap$Node; @ 129
Event: 1.310 Thread 0x00000236038e5000 Uncommon trap: reason=class_check action=maybe_recompile pc=0x00000236055db4d8 method=java.util.HashMap.putVal(ILjava/lang/Object;Ljava/lang/Object;ZZ)Ljava/lang/Object; @ 203
Event: 2.138 Thread 0x00000236038e5000 Uncommon trap: reason=unstable_if action=reinterpret pc=0x000002360560daa0 method=java.io.WinNTFileSystem.normalize(Ljava/lang/String;)Ljava/lang/String; @ 128
Event: 3.443 Thread 0x0000023619d61000 Uncommon trap: reason=unstable_if action=reinterpret pc=0x000002360571dfc8 method=java.util.concurrent.ConcurrentHashMap.putVal(Ljava/lang/Object;Ljava/lang/Object;Z)Ljava/lang/Object; @ 206
Event: 3.486 Thread 0x0000023619e83000 Uncommon trap: reason=class_check action=maybe_recompile pc=0x00000236055db4d8 method=java.util.HashMap.putVal(ILjava/lang/Object;Ljava/lang/Object;ZZ)Ljava/lang/Object; @ 203
Event: 3.487 Thread 0x0000023619e83000 Uncommon trap: reason=class_check action=maybe_recompile pc=0x00000236055db4d8 method=java.util.HashMap.putVal(ILjava/lang/Object;Ljava/lang/Object;ZZ)Ljava/lang/Object; @ 203
Event: 3.682 Thread 0x0000023619e83000 Uncommon trap: reason=class_check action=maybe_recompile pc=0x000002360564e5d8 method=java.util.regex.Matcher.match(II)Z @ 86
Event: 3.693 Thread 0x0000023619e83000 Uncommon trap: reason=class_check action=maybe_recompile pc=0x000002360564e5d8 method=java.util.regex.Matcher.match(II)Z @ 86
Event: 3.694 Thread 0x0000023619e83000 Uncommon trap: reason=class_check action=maybe_recompile pc=0x000002360564e5d8 method=java.util.regex.Matcher.match(II)Z @ 86
Event: 3.694 Thread 0x0000023619e83000 Uncommon trap: reason=class_check action=maybe_recompile pc=0x00000236054d7784 method=java.util.regex.Matcher.match(II)Z @ 86

Classes redefined (0 events):
No events

Internal exceptions (10 events):
Event: 0.611 Thread 0x00000236038e5000 Exception <a 'java/lang/ArrayIndexOutOfBoundsException'> (0x00000000f6b0b528) thrown at [J:\jenkins\tmp\workspace\build\src\hotspot\src\share\vm\runtime\sharedRuntime.cpp, line 609]
Event: 0.611 Thread 0x00000236038e5000 Exception <a 'java/lang/ArrayIndexOutOfBoundsException'> (0x00000000f6b189a8) thrown at [J:\jenkins\tmp\workspace\build\src\hotspot\src\share\vm\runtime\sharedRuntime.cpp, line 609]
Event: 3.393 Thread 0x00000236038e5000 Exception <a 'java/io/IOException'> (0x00000000f70f9570) thrown at [J:\jenkins\tmp\workspace\build\src\hotspot\src\share\vm\prims\jni.cpp, line 711]
Event: 3.444 Thread 0x0000023619d61000 Exception <a 'java/lang/NoSuchMethodError': <clinit>> (0x00000000f732c1e8) thrown at [J:\jenkins\tmp\workspace\build\src\hotspot\src\share\vm\prims\jni.cpp, line 1616]
Event: 3.445 Thread 0x0000023619d61000 Exception <a 'java/lang/NoSuchMethodError': <clinit>> (0x00000000f73358f0) thrown at [J:\jenkins\tmp\workspace\build\src\hotspot\src\share\vm\prims\jni.cpp, line 1616]
Event: 3.446 Thread 0x0000023619d61000 Exception <a 'java/lang/NoSuchMethodError': <clinit>> (0x00000000f7349c30) thrown at [J:\jenkins\tmp\workspace\build\src\hotspot\src\share\vm\prims\jni.cpp, line 1616]
Event: 3.454 Thread 0x0000023619d61000 Exception <a 'java/lang/NoSuchMethodError': <clinit>> (0x00000000f73a9658) thrown at [J:\jenkins\tmp\workspace\build\src\hotspot\src\share\vm\prims\jni.cpp, line 1616]
Event: 3.459 Thread 0x0000023619d61000 Exception <a 'java/lang/NoSuchMethodError': <clinit>> (0x00000000f73e1500) thrown at [J:\jenkins\tmp\workspace\build\src\hotspot\src\share\vm\prims\jni.cpp, line 1616]
Event: 3.462 Thread 0x0000023619d61000 Exception <a 'java/lang/NoSuchMethodError': <clinit>> (0x00000000f7416068) thrown at [J:\jenkins\tmp\workspace\build\src\hotspot\src\share\vm\prims\jni.cpp, line 1616]
Event: 3.463 Thread 0x0000023619d61000 Exception <a 'java/lang/NoSuchMethodError': <clinit>> (0x00000000f7422150) thrown at [J:\jenkins\tmp\workspace\build\src\hotspot\src\share\vm\prims\jni.cpp, line 1616]

Events (10 events):
Event: 3.812 loading class org/gradle/internal/build/AbstractBuildState
Event: 3.812 loading class org/gradle/internal/build/AbstractBuildState done
Event: 3.813 loading class org/gradle/api/artifacts/component/ProjectComponentIdentifier
Event: 3.813 loading class org/gradle/api/artifacts/component/ProjectComponentIdentifier done
Event: 3.813 loading class org/gradle/api/artifacts/component/ComponentIdentifier
Event: 3.813 loading class org/gradle/api/artifacts/component/ComponentIdentifier done
Event: 3.813 loading class org/gradle/initialization/DefaultGradleLauncherFactory$1
Event: 3.813 loading class org/gradle/initialization/DefaultGradleLauncherFactory$1 done
Event: 3.813 loading class org/gradle/internal/service/scopes/BuildScopeServices
Event: 3.813 loading class org/gradle/internal/service/scopes/BuildScopeServices done


Dynamic libraries:
0x00007ff6824c0000 - 0x00007ff6824fa000 	C:\Users\User\.jdks\temurin-1.8.0_302\bin\java.exe
0x00007fff1a5d0000 - 0x00007fff1a7c5000 	C:\WINDOWS\SYSTEM32\ntdll.dll
0x00007ffeef360000 - 0x00007ffeef375000 	C:\Program Files\AVAST Software\Avast\aswhook.dll
0x00007fff1a1d0000 - 0x00007fff1a28d000 	C:\WINDOWS\System32\KERNEL32.DLL
0x00007fff17fc0000 - 0x00007fff18289000 	C:\WINDOWS\System32\KERNELBASE.dll
0x00007fff19790000 - 0x00007fff1983c000 	C:\WINDOWS\System32\ADVAPI32.dll
0x00007fff18ea0000 - 0x00007fff18f3e000 	C:\WINDOWS\System32\msvcrt.dll
0x00007fff191c0000 - 0x00007fff1925b000 	C:\WINDOWS\System32\sechost.dll
0x00007fff18f40000 - 0x00007fff1906a000 	C:\WINDOWS\System32\RPCRT4.dll
0x00007fff1a2a0000 - 0x00007fff1a440000 	C:\WINDOWS\System32\USER32.dll
0x00007fff18530000 - 0x00007fff18552000 	C:\WINDOWS\System32\win32u.dll
0x00007fff18a80000 - 0x00007fff18aaa000 	C:\WINDOWS\System32\GDI32.dll
0x00007fff17cd0000 - 0x00007fff17ddb000 	C:\WINDOWS\System32\gdi32full.dll
0x00007fff18560000 - 0x00007fff185fd000 	C:\WINDOWS\System32\msvcp_win.dll
0x00007fff17ec0000 - 0x00007fff17fc0000 	C:\WINDOWS\System32\ucrtbase.dll
0x00007fff08ef0000 - 0x00007fff0918a000 	C:\WINDOWS\WinSxS\amd64_microsoft.windows.common-controls_6595b64144ccf1df_6.0.19041.1110_none_60b5254171f9507e\COMCTL32.dll
0x00007fff198d0000 - 0x00007fff19900000 	C:\WINDOWS\System32\IMM32.DLL
0x00007ffef9a60000 - 0x00007ffef9b4f000 	C:\Users\User\.jdks\temurin-1.8.0_302\jre\bin\msvcr120.dll
0x00007ffef9680000 - 0x00007ffef9726000 	C:\Users\User\.jdks\temurin-1.8.0_302\jre\bin\msvcp120.dll
0x0000000069d80000 - 0x000000006a5eb000 	C:\Users\User\.jdks\temurin-1.8.0_302\jre\bin\server\jvm.dll
0x00007fff1a290000 - 0x00007fff1a298000 	C:\WINDOWS\System32\PSAPI.DLL
0x00007fff08300000 - 0x00007fff08327000 	C:\WINDOWS\SYSTEM32\WINMM.dll
0x00007fff10530000 - 0x00007fff1053a000 	C:\WINDOWS\SYSTEM32\VERSION.dll
0x00007fff088e0000 - 0x00007fff088e9000 	C:\WINDOWS\SYSTEM32\WSOCK32.dll
0x00007fff1a4f0000 - 0x00007fff1a55b000 	C:\WINDOWS\System32\WS2_32.dll
0x00007fff15120000 - 0x00007fff1512f000 	C:\Users\User\.jdks\temurin-1.8.0_302\jre\bin\verify.dll
0x00007ffefe180000 - 0x00007ffefe1a9000 	C:\Users\User\.jdks\temurin-1.8.0_302\jre\bin\java.dll
0x00007fff11680000 - 0x00007fff11696000 	C:\Users\User\.jdks\temurin-1.8.0_302\jre\bin\zip.dll
0x00007fff19900000 - 0x00007fff1a03f000 	C:\WINDOWS\System32\SHELL32.dll
0x00007fff15a40000 - 0x00007fff161d0000 	C:\WINDOWS\SYSTEM32\windows.storage.dll
0x00007fff19430000 - 0x00007fff19785000 	C:\WINDOWS\System32\combase.dll
0x00007fff17640000 - 0x00007fff1766c000 	C:\WINDOWS\SYSTEM32\Wldp.dll
0x00007fff18ab0000 - 0x00007fff18b5e000 	C:\WINDOWS\System32\SHCORE.dll
0x00007fff193d0000 - 0x00007fff19425000 	C:\WINDOWS\System32\shlwapi.dll
0x00007fff17c10000 - 0x00007fff17c2f000 	C:\WINDOWS\SYSTEM32\profapi.dll
0x00007ffefe380000 - 0x00007ffefe39a000 	C:\Users\User\.jdks\temurin-1.8.0_302\jre\bin\net.dll
0x00007fff17360000 - 0x00007fff173ca000 	C:\WINDOWS\system32\mswsock.dll
0x00007ffefe080000 - 0x00007ffefe092000 	C:\Users\User\.jdks\temurin-1.8.0_302\jre\bin\nio.dll
0x00007ffefe970000 - 0x00007ffefe997000 	C:\Users\User\.gradle\native\c976cfcca226fdd4bee4412e95191dd41148b7504f9625baeda1d523bc39a967\windows-amd64\native-platform.dll
0x00007fff12a40000 - 0x00007fff12a4d000 	C:\Users\User\.jdks\temurin-1.8.0_302\jre\bin\management.dll
0x00007fff17540000 - 0x00007fff17558000 	C:\WINDOWS\SYSTEM32\CRYPTSP.dll
0x00007fff16d00000 - 0x00007fff16d34000 	C:\WINDOWS\system32\rsaenh.dll
0x00007fff17e30000 - 0x00007fff17e57000 	C:\WINDOWS\System32\bcrypt.dll
0x00007fff17bd0000 - 0x00007fff17bfe000 	C:\WINDOWS\SYSTEM32\USERENV.dll
0x00007fff184a0000 - 0x00007fff18523000 	C:\WINDOWS\System32\bcryptprimitives.dll
0x00007fff17500000 - 0x00007fff1750c000 	C:\WINDOWS\SYSTEM32\CRYPTBASE.dll
0x00007fff17070000 - 0x00007fff170ab000 	C:\WINDOWS\SYSTEM32\IPHLPAPI.DLL
0x00007fff1a040000 - 0x00007fff1a048000 	C:\WINDOWS\System32\NSI.dll
0x00007fff11820000 - 0x00007fff11837000 	C:\WINDOWS\SYSTEM32\dhcpcsvc6.DLL
0x00007fff117d0000 - 0x00007fff117ed000 	C:\WINDOWS\SYSTEM32\dhcpcsvc.DLL
0x00007fff170b0000 - 0x00007fff1717c000 	C:\WINDOWS\SYSTEM32\DNSAPI.dll

VM Arguments:
jvm_args: -XX:MaxMetaspaceSize=256m -XX:+HeapDumpOnOutOfMemoryError -Xms256m -Xmx512m -Dfile.encoding=windows-1252 -Duser.country=ES -Duser.language=es -Duser.variant 
java_command: org.gradle.launcher.daemon.bootstrap.GradleDaemon 6.3
java_class_path (initial): C:\Users\User\.gradle\wrapper\dists\gradle-6.3-bin\8tpu6egwsccjzp10c1jckl0rx\gradle-6.3\lib\gradle-launcher-6.3.jar
Launcher Type: SUN_STANDARD

Environment Variables:
PATH=C:\Program Files\Eclipse Foundation\jdk-8.0.302.8-hotspot\bin;C:\Program Files (x86)\Common Files\Oracle\Java\javapath;C:\Program Files (x86)\Intel\iCLS Client\;C:\Program Files\Intel\iCLS Client\;C:\WINDOWS\system32;C:\WINDOWS;C:\WINDOWS\System32\Wbem;C:\WINDOWS\System32\WindowsPowerShell\v1.0\;C:\WINDOWS\System32\OpenSSH\;C:\Program Files (x86)\Intel\Intel(R) Management Engine Components\DAL;C:\Program Files\Intel\Intel(R) Management Engine Components\DAL;C:\Program Files (x86)\Intel\Intel(R) Management Engine Components\IPT;C:\Program Files\Intel\Intel(R) Management Engine Components\IPT;C:\Program Files (x86)\Windows Live\Shared;C:\Program Files\MATLAB\R2020b\bin;C:\Program Files\AutoFirma\AutoFirma;C:\Program Files\PuTTY\;C:\Program Files\Git\cmd;C:\Users\User\AppData\Local\Microsoft\WindowsApps;C:\Users\User\AppData\Local\Programs\Microsoft VS Code\bin;C:\Users\User\AppData\Local\Programs\MiKTeX\miktex\bin\x64\;C:\Users\User\AppData\Local\GitHubDesktop\bin;C:\Program Files\JetBrains\IntelliJ IDEA 2021.2.1\bin;
USERNAME=User
OS=Windows_NT
PROCESSOR_IDENTIFIER=Intel64 Family 6 Model 142 Stepping 10, GenuineIntel



---------------  S Y S T E M  ---------------

OS: Windows 10.0 , 64 bit Build 19041 (10.0.19041.1151)

CPU:total 8 (initial active 8) (4 cores per cpu, 2 threads per core) family 6 model 142 stepping 10, cmov, cx8, fxsr, mmx, sse, sse2, sse3, ssse3, sse4.1, sse4.2, popcnt, avx, avx2, aes, clmul, erms, 3dnowpref, lzcnt, ht, tsc, tscinvbit, bmi1, bmi2, adx

Memory: 4k page, physical 8295652k(699720k free), swap 8295652k(5540k free)

vm_info: OpenJDK 64-Bit Server VM (25.302-b08) for windows-amd64 JRE (1.8.0_302-b08), built on Jul 20 2021 21:31:03 by "jenkins" with MS VC++ 12.0 (VS2013)

time: Tue Sep 14 18:58:22 2021
timezone: Hora de verano del Este
elapsed time: 3.824839 seconds (0d 0h 0m 3s)

