#
# There is insufficient memory for the Java Runtime Environment to continue.
# Native memory allocation (malloc) failed to allocate 1048576 bytes for AllocateHeap
# Possible reasons:
#   The system is out of physical RAM or swap space
#   The process is running with CompressedOops enabled, and the Java Heap may be blocking the growth of the native heap
# Possible solutions:
#   Reduce memory load on the system
#   Increase physical memory or swap space
#   Check if swap backing store is full
#   Decrease Java heap size (-Xmx/-Xms)
#   Decrease number of Java threads
#   Decrease Java thread stack sizes (-Xss)
#   Set larger code cache with -XX:ReservedCodeCacheSize=
#   JVM is running with Unscaled Compressed Oops mode in which the Java heap is
#     placed in the first 4GB address space. The Java Heap base address is the
#     maximum limit for the native heap growth. Please use -XX:HeapBaseMinAddress
#     to set the Java Heap base and to place the Java Heap above 4GB virtual address.
# This output file may be truncated or incomplete.
#
#  Out of Memory Error (memory/allocation.inline.hpp:61), pid=1480, tid=0x0000000000001fac
#
# JRE version:  (8.0_302-b08) (build )
# Java VM: OpenJDK 64-Bit Server VM (25.302-b08 mixed mode windows-amd64 compressed oops)
# Failed to write core dump. Minidumps are not enabled by default on client versions of Windows
#

---------------  T H R E A D  ---------------

Current thread (0x000001657b322800):  JavaThread "Unknown thread" [_thread_in_vm, id=8108, stack(0x0000002c65f00000,0x0000002c66000000)]

Stack: [0x0000002c65f00000,0x0000002c66000000]
[error occurred during error reporting (printing stack bounds), id 0xc0000005]

Native frames: (J=compiled Java code, j=interpreted, Vv=VM code, C=native code)


---------------  P R O C E S S  ---------------

Java Threads: ( => current thread )

Other Threads:

=>0x000001657b322800 (exited) JavaThread "Unknown thread" [_thread_in_vm, id=8108, stack(0x0000002c65f00000,0x0000002c66000000)]

VM state:not at safepoint (normal execution)

VM Mutex/Monitor currently owned by a thread: None

heap address: 0x0000000081600000, size: 2026 MB, Compressed Oops mode: 32-bit
Narrow klass base: 0x0000000000000000, Narrow klass shift: 3
Compressed class space size: 1073741824 Address: 0x0000000100000000

Heap:
 PSYoungGen      total 38400K, used 665K [0x00000000d5d00000, 0x00000000d8780000, 0x0000000100000000)
  eden space 33280K, 2% used [0x00000000d5d00000,0x00000000d5da6670,0x00000000d7d80000)
  from space 5120K, 0% used [0x00000000d8280000,0x00000000d8280000,0x00000000d8780000)
  to   space 5120K, 0% used [0x00000000d7d80000,0x00000000d7d80000,0x00000000d8280000)
 ParOldGen       total 87552K, used 0K [0x0000000081600000, 0x0000000086b80000, 0x00000000d5d00000)
  object space 87552K, 0% used [0x0000000081600000,0x0000000081600000,0x0000000086b80000)
 Metaspace       used 792K, capacity 4480K, committed 4480K, reserved 1056768K
  class space    used 76K, capacity 384K, committed 384K, reserved 1048576K

Card table byte_map: [0x000001657cf60000,0x000001657d360000] byte_map_base: 0x000001657cb55000

Marking Bits: (ParMarkBitMap*) 0x000000006a56c820
 Begin Bits: [0x000001650f000000, 0x0000016510fa8000)
 End Bits:   [0x0000016510fa8000, 0x0000016512f50000)

Polling page: 0x000001657b2d0000

CodeCache: size=245760Kb used=328Kb max_used=328Kb free=245431Kb
 bounds [0x0000016500000000, 0x0000016500270000, 0x000001650f000000]
 total_blobs=57 nmethods=0 adapters=38
 compilation: enabled

Compilation events (0 events):
No events

GC Heap History (0 events):
No events

Deoptimization events (0 events):
No events

Classes redefined (0 events):
No events

Internal exceptions (0 events):
No events

Events (10 events):
Event: 0.033 loading class java/lang/Short
Event: 0.033 loading class java/lang/Short done
Event: 0.033 loading class java/lang/Integer
Event: 0.034 loading class java/lang/Integer done
Event: 0.034 loading class java/lang/Long
Event: 0.034 loading class java/lang/Long done
Event: 0.035 loading class java/lang/NullPointerException
Event: 0.035 loading class java/lang/NullPointerException done
Event: 0.035 loading class java/lang/ArithmeticException
Event: 0.035 loading class java/lang/ArithmeticException done


Dynamic libraries:
0x00007ff6824c0000 - 0x00007ff6824fa000 	C:\Users\User\.jdks\temurin-1.8.0_302\bin\java.exe
0x00007fff1a5d0000 - 0x00007fff1a7c5000 	C:\WINDOWS\SYSTEM32\ntdll.dll
0x00007ffeef360000 - 0x00007ffeef375000 	C:\Program Files\AVAST Software\Avast\aswhook.dll
0x00007fff1a1d0000 - 0x00007fff1a28d000 	C:\WINDOWS\System32\KERNEL32.DLL
0x00007fff17fc0000 - 0x00007fff18289000 	C:\WINDOWS\System32\KERNELBASE.dll
0x00007fff19790000 - 0x00007fff1983c000 	C:\WINDOWS\System32\ADVAPI32.dll
0x00007fff18ea0000 - 0x00007fff18f3e000 	C:\WINDOWS\System32\msvcrt.dll
0x00007fff191c0000 - 0x00007fff1925b000 	C:\WINDOWS\System32\sechost.dll
0x00007fff18f40000 - 0x00007fff1906a000 	C:\WINDOWS\System32\RPCRT4.dll
0x00007fff1a2a0000 - 0x00007fff1a440000 	C:\WINDOWS\System32\USER32.dll
0x00007fff18530000 - 0x00007fff18552000 	C:\WINDOWS\System32\win32u.dll
0x00007fff18a80000 - 0x00007fff18aaa000 	C:\WINDOWS\System32\GDI32.dll
0x00007fff17cd0000 - 0x00007fff17ddb000 	C:\WINDOWS\System32\gdi32full.dll
0x00007fff18560000 - 0x00007fff185fd000 	C:\WINDOWS\System32\msvcp_win.dll
0x00007fff17ec0000 - 0x00007fff17fc0000 	C:\WINDOWS\System32\ucrtbase.dll
0x00007fff08ef0000 - 0x00007fff0918a000 	C:\WINDOWS\WinSxS\amd64_microsoft.windows.common-controls_6595b64144ccf1df_6.0.19041.1110_none_60b5254171f9507e\COMCTL32.dll
0x00007fff198d0000 - 0x00007fff19900000 	C:\WINDOWS\System32\IMM32.DLL
0x00007ffef9a60000 - 0x00007ffef9b4f000 	C:\Users\User\.jdks\temurin-1.8.0_302\jre\bin\msvcr120.dll
0x00007ffef0a50000 - 0x00007ffef0af6000 	C:\Users\User\.jdks\temurin-1.8.0_302\jre\bin\msvcp120.dll
0x0000000069d80000 - 0x000000006a5eb000 	C:\Users\User\.jdks\temurin-1.8.0_302\jre\bin\server\jvm.dll
0x00007fff1a290000 - 0x00007fff1a298000 	C:\WINDOWS\System32\PSAPI.DLL
0x00007fff10530000 - 0x00007fff1053a000 	C:\WINDOWS\SYSTEM32\VERSION.dll
0x00007fff08300000 - 0x00007fff08327000 	C:\WINDOWS\SYSTEM32\WINMM.dll
0x00007fff088e0000 - 0x00007fff088e9000 	C:\WINDOWS\SYSTEM32\WSOCK32.dll
0x00007fff1a4f0000 - 0x00007fff1a55b000 	C:\WINDOWS\System32\WS2_32.dll
0x00007fff11680000 - 0x00007fff1168f000 	C:\Users\User\.jdks\temurin-1.8.0_302\jre\bin\verify.dll
0x00007ffefe1c0000 - 0x00007ffefe1e9000 	C:\Users\User\.jdks\temurin-1.8.0_302\jre\bin\java.dll
0x00007ffefd1d0000 - 0x00007ffefd205000 	C:\Users\User\.jdks\temurin-1.8.0_302\jre\bin\jdwp.dll
0x00007fff12a40000 - 0x00007fff12a48000 	C:\Users\User\.jdks\temurin-1.8.0_302\jre\bin\npt.dll
0x00007ffefc450000 - 0x00007ffefc47a000 	C:\Users\User\.jdks\temurin-1.8.0_302\jre\bin\instrument.dll
0x00007ffefe1a0000 - 0x00007ffefe1b6000 	C:\Users\User\.jdks\temurin-1.8.0_302\jre\bin\zip.dll

VM Arguments:
jvm_args: -agentlib:jdwp=transport=dt_socket,address=127.0.0.1:51481,suspend=y,server=n -ea -Didea.test.cyclic.buffer.size=1048576 -javaagent:C:\Users\User\AppData\Local\JetBrains\IntelliJIdea2021.2\groovyHotSwap\gragent.jar -javaagent:C:\Users\User\AppData\Local\JetBrains\IntelliJIdea2021.2\captureAgent\debugger-agent.jar -Dfile.encoding=UTF-8 
java_command: com.intellij.rt.junit.JUnitStarter -ideVersion5 -junit5 plc.project.LexerTests
java_class_path (initial): C:\Program Files\JetBrains\IntelliJ IDEA 2021.2.1\lib\idea_rt.jar;C:\Users\User\.m2\repository\org\junit\platform\junit-platform-launcher\1.6.2\junit-platform-launcher-1.6.2.jar;C:\Users\User\.m2\repository\org\apiguardian\apiguardian-api\1.1.0\apiguardian-api-1.1.0.jar;C:\Users\User\.m2\repository\org\junit\platform\junit-platform-engine\1.6.2\junit-platform-engine-1.6.2.jar;C:\Users\User\.m2\repository\org\opentest4j\opentest4j\1.2.0\opentest4j-1.2.0.jar;C:\Users\User\.m2\repository\org\junit\platform\junit-platform-commons\1.6.2\junit-platform-commons-1.6.2.jar;C:\Program Files\JetBrains\IntelliJ IDEA 2021.2.1\plugins\junit\lib\junit5-rt.jar;C:\Program Files\JetBrains\IntelliJ IDEA 2021.2.1\plugins\junit\lib\junit-rt.jar;C:\Users\User\.jdks\temurin-1.8.0_302\jre\lib\charsets.jar;C:\Users\User\.jdks\temurin-1.8.0_302\jre\lib\ext\access-bridge-64.jar;C:\Users\User\.jdks\temurin-1.8.0_302\jre\lib\ext\cldrdata.jar;C:\Users\User\.jdks\temurin-1.8.0_302\jre\lib\ext\dnsns.jar;C:\Users\User\.jdks\temurin-1.8.0_302\jre\lib\ext\jaccess.jar;C:\Users\User\.jdks\temurin-1.8.0_302\jre\lib\ext\localedata.jar;C:\Users\User\.jdks\temurin-1.8.0_302\jre\lib\ext\nashorn.jar;C:\Users\User\.jdks\temurin-1.8.0_302\jre\lib\ext\sunec.jar;C:\Users\User\.jdks\temurin-1.8.0_302\jre\lib\ext\sunjce_provider.jar;C:\Users\User\.jdks\temurin-1.8.0_302\jre\lib\ext\sunmscapi.jar;C:\Users\User\.jdks\temurin-1.8.0_302\jre\lib\ext\sunpkcs11.jar;C:\Users\User\.jdks\temurin-1.8.0_302\jre\lib\ext\zipfs.jar;C:\Users\User\.jdks\temurin-1.8.0_302\jre\lib\jce.jar;C:\Users\User\.jdks\temurin-1.8.0_302\jre\lib\jfr.jar;C:\Users\User\.jdks\temurin-1.8.0_302\jre\lib\jsse.jar;C:\Users\User\.jdks\temurin-1.8.0_302\jre\lib\management-agent.jar;C:\Users\User\.jdks\temurin-1.8.0_302\jre\lib\resources.jar;C:\Users\User\.jdks\temurin-1.8.0_302\jre\lib\rt.jar;C:\Users\User\IdeaProjects\PLC\build\classes\java\test;C:\Users\User\IdeaProjects\PLC\build\classes\java\main;C:\Users\User\.gradle\ca
Launcher Type: SUN_STANDARD

Environment Variables:
PATH=C:\Program Files\Eclipse Foundation\jdk-8.0.302.8-hotspot\bin;C:\Program Files (x86)\Common Files\Oracle\Java\javapath;C:\Program Files (x86)\Intel\iCLS Client\;C:\Program Files\Intel\iCLS Client\;C:\WINDOWS\system32;C:\WINDOWS;C:\WINDOWS\System32\Wbem;C:\WINDOWS\System32\WindowsPowerShell\v1.0\;C:\WINDOWS\System32\OpenSSH\;C:\Program Files (x86)\Intel\Intel(R) Management Engine Components\DAL;C:\Program Files\Intel\Intel(R) Management Engine Components\DAL;C:\Program Files (x86)\Intel\Intel(R) Management Engine Components\IPT;C:\Program Files\Intel\Intel(R) Management Engine Components\IPT;C:\Program Files (x86)\Windows Live\Shared;C:\Program Files\MATLAB\R2020b\bin;C:\Program Files\AutoFirma\AutoFirma;C:\Program Files\PuTTY\;C:\Program Files\Git\cmd;C:\Users\User\AppData\Local\Microsoft\WindowsApps;C:\Users\User\AppData\Local\Programs\Microsoft VS Code\bin;C:\Users\User\AppData\Local\Programs\MiKTeX\miktex\bin\x64\;C:\Users\User\AppData\Local\GitHubDesktop\bin;C:\Program Files\JetBrains\IntelliJ IDEA 2021.2.1\bin;
USERNAME=User
OS=Windows_NT
PROCESSOR_IDENTIFIER=Intel64 Family 6 Model 142 Stepping 10, GenuineIntel



---------------  S Y S T E M  ---------------

OS: Windows 10.0 , 64 bit Build 19041 (10.0.19041.1151)

CPU:total 8 (initial active 8) (4 cores per cpu, 2 threads per core) family 6 model 142 stepping 10, cmov, cx8, fxsr, mmx, sse, sse2, sse3, ssse3, sse4.1, sse4.2, popcnt, avx, avx2, aes, clmul, erms, 3dnowpref, lzcnt, ht, tsc, tscinvbit, bmi1, bmi2, adx

Memory: 4k page, physical 8295652k(615328k free), swap 8295652k(5200k free)

vm_info: OpenJDK 64-Bit Server VM (25.302-b08) for windows-amd64 JRE (1.8.0_302-b08), built on Jul 20 2021 21:31:03 by "jenkins" with MS VC++ 12.0 (VS2013)

time: Tue Sep 14 18:58:10 2021
timezone: Hora de verano del Este
elapsed time: 0.047427 seconds (0d 0h 0m 0s)

